2020-12-15 00:25:43.308 [http-nio-8090-exec-3] ERROR o.a.c.c.C.[.[localhost].[/].[dispatcherServlet] - Servlet.service() for servlet [dispatcherServlet] threw exception
com.fasterxml.jackson.databind.exc.InvalidDefinitionException: Cannot construct instance of `cn.edu.xmu.flashsale.model.bo.Product` (no Creators, like default constructor, exist): cannot deserialize from Object value (no delegate- or property-based Creator)
 at [Source: (byte[])"{"@class":"cn.edu.xmu.flashsale.model.bo.FlashSaleItem","id":2,"saleId":1,"goodsSkuId":274,"price":24,"quantity":124,"gmtCreate":"2020-12-14T21:55:27","gmtModified":"2020-12-14T21:55:27","goodsSku":{"@class":"cn.edu.xmu.flashsale.model.bo.Product","id":274,"disabled":false,"imgUrl":"http://47.52.88.176/file/images/201612/file_5861cd259e57a.jpg","inventory":99,"name":"+","originalPrice":850,"skuSn":null}}"; line: 1, column: 249] (through reference chain: cn.edu.xmu.flashsale.model.bo.FlashSaleItem["goodsSku"])
	at com.fasterxml.jackson.databind.exc.InvalidDefinitionException.from(InvalidDefinitionException.java:67)
	at com.fasterxml.jackson.databind.DeserializationContext.reportBadDefinition(DeserializationContext.java:1615)
	at com.fasterxml.jackson.databind.DatabindContext.reportBadDefinition(DatabindContext.java:400)
	at com.fasterxml.jackson.databind.DeserializationContext.handleMissingInstantiator(DeserializationContext.java:1077)
	at com.fasterxml.jackson.databind.deser.BeanDeserializerBase.deserializeFromObjectUsingNonDefault(BeanDeserializerBase.java:1332)
	at com.fasterxml.jackson.databind.deser.BeanDeserializer.deserializeFromObject(BeanDeserializer.java:331)
	at com.fasterxml.jackson.databind.deser.BeanDeserializer._deserializeOther(BeanDeserializer.java:199)
	at com.fasterxml.jackson.databind.deser.BeanDeserializer.deserialize(BeanDeserializer.java:166)
	at com.fasterxml.jackson.databind.jsontype.impl.AsPropertyTypeDeserializer._deserializeTypedForId(AsPropertyTypeDeserializer.java:132)
	at com.fasterxml.jackson.databind.jsontype.impl.AsPropertyTypeDeserializer.deserializeTypedFromObject(AsPropertyTypeDeserializer.java:99)
	at com.fasterxml.jackson.databind.deser.BeanDeserializerBase.deserializeWithType(BeanDeserializerBase.java:1209)
	at com.fasterxml.jackson.databind.deser.impl.MethodProperty.deserializeAndSet(MethodProperty.java:138)
	at com.fasterxml.jackson.databind.deser.BeanDeserializer.vanillaDeserialize(BeanDeserializer.java:293)
	at com.fasterxml.jackson.databind.deser.BeanDeserializer._deserializeOther(BeanDeserializer.java:194)
	at com.fasterxml.jackson.databind.deser.BeanDeserializer.deserialize(BeanDeserializer.java:166)
	at com.fasterxml.jackson.databind.jsontype.impl.AsPropertyTypeDeserializer._deserializeTypedForId(AsPropertyTypeDeserializer.java:132)
	at com.fasterxml.jackson.databind.jsontype.impl.AsPropertyTypeDeserializer.deserializeTypedFromObject(AsPropertyTypeDeserializer.java:99)
	at com.fasterxml.jackson.databind.jsontype.impl.AsPropertyTypeDeserializer.deserializeTypedFromAny(AsPropertyTypeDeserializer.java:195)
	at com.fasterxml.jackson.databind.deser.std.UntypedObjectDeserializer$Vanilla.deserializeWithType(UntypedObjectDeserializer.java:710)
	at com.fasterxml.jackson.databind.deser.impl.TypeWrappedDeserializer.deserialize(TypeWrappedDeserializer.java:68)
	at com.fasterxml.jackson.databind.ObjectMapper._readMapAndClose(ObjectMapper.java:4524)
	at com.fasterxml.jackson.databind.ObjectMapper.readValue(ObjectMapper.java:3570)
	at org.springframework.data.redis.serializer.Jackson2JsonRedisSerializer.deserialize(Jackson2JsonRedisSerializer.java:73)
	at org.springframework.data.redis.serializer.DefaultRedisElementReader.read(DefaultRedisElementReader.java:48)
	at org.springframework.data.redis.serializer.RedisSerializationContext$SerializationPair.read(RedisSerializationContext.java:272)
	at org.springframework.data.redis.core.DefaultReactiveSetOperations.readValue(DefaultReactiveSetOperations.java:513)
	at reactor.core.publisher.FluxMap$MapSubscriber.onNext(FluxMap.java:100)
	at reactor.core.publisher.FluxFlatMap$FlatMapMain.tryEmit(FluxFlatMap.java:535)
	at reactor.core.publisher.FluxFlatMap$FlatMapInner.onNext(FluxFlatMap.java:999)
	at io.lettuce.core.RedisPublisher$ImmediateSubscriber.onNext(RedisPublisher.java:917)
	at io.lettuce.core.RedisPublisher$RedisSubscription.onNext(RedisPublisher.java:290)
	at io.lettuce.core.RedisPublisher$SubscriptionCommand.complete(RedisPublisher.java:777)
	at io.lettuce.core.protocol.CommandWrapper.complete(CommandWrapper.java:59)
	at io.lettuce.core.protocol.CommandHandler.complete(CommandHandler.java:680)
	at io.lettuce.core.protocol.CommandHandler.decode(CommandHandler.java:640)
	at io.lettuce.core.protocol.CommandHandler.channelRead(CommandHandler.java:591)
	at io.netty.channel.AbstractChannelHandlerContext.invokeChannelRead(AbstractChannelHandlerContext.java:379)
	at io.netty.channel.AbstractChannelHandlerContext.invokeChannelRead(AbstractChannelHandlerContext.java:365)
	at io.netty.channel.AbstractChannelHandlerContext.fireChannelRead(AbstractChannelHandlerContext.java:357)
	at io.netty.channel.DefaultChannelPipeline$HeadContext.channelRead(DefaultChannelPipeline.java:1410)
	at io.netty.channel.AbstractChannelHandlerContext.invokeChannelRead(AbstractChannelHandlerContext.java:379)
	at io.netty.channel.AbstractChannelHandlerContext.invokeChannelRead(AbstractChannelHandlerContext.java:365)
	at io.netty.channel.DefaultChannelPipeline.fireChannelRead(DefaultChannelPipeline.java:919)
	at io.netty.channel.nio.AbstractNioByteChannel$NioByteUnsafe.read(AbstractNioByteChannel.java:166)
	at io.netty.channel.nio.NioEventLoop.processSelectedKey(NioEventLoop.java:714)
	at io.netty.channel.nio.NioEventLoop.processSelectedKeysOptimized(NioEventLoop.java:650)
	at io.netty.channel.nio.NioEventLoop.processSelectedKeys(NioEventLoop.java:576)
	at io.netty.channel.nio.NioEventLoop.run(NioEventLoop.java:493)
	at io.netty.util.concurrent.SingleThreadEventExecutor$4.run(SingleThreadEventExecutor.java:989)
	at io.netty.util.internal.ThreadExecutorMap$2.run(ThreadExecutorMap.java:74)
	at io.netty.util.concurrent.FastThreadLocalRunnable.run(FastThreadLocalRunnable.java:30)
	at java.base/java.lang.Thread.run(Thread.java:834)
2020-12-15 00:25:43.310 [http-nio-8090-exec-3] ERROR o.a.c.c.C.[.[localhost].[/].[dispatcherServlet] - Servlet.service() for servlet [dispatcherServlet] in context with path [] threw exception [Request processing failed; nested exception is org.springframework.data.redis.serializer.SerializationException: Could not read JSON: Cannot construct instance of `cn.edu.xmu.flashsale.model.bo.Product` (no Creators, like default constructor, exist): cannot deserialize from Object value (no delegate- or property-based Creator)
 at [Source: (byte[])"{"@class":"cn.edu.xmu.flashsale.model.bo.FlashSaleItem","id":2,"saleId":1,"goodsSkuId":274,"price":24,"quantity":124,"gmtCreate":"2020-12-14T21:55:27","gmtModified":"2020-12-14T21:55:27","goodsSku":{"@class":"cn.edu.xmu.flashsale.model.bo.Product","id":274,"disabled":false,"imgUrl":"http://47.52.88.176/file/images/201612/file_5861cd259e57a.jpg","inventory":99,"name":"+","originalPrice":850,"skuSn":null}}"; line: 1, column: 249] (through reference chain: cn.edu.xmu.flashsale.model.bo.FlashSaleItem["goodsSku"]); nested exception is com.fasterxml.jackson.databind.exc.InvalidDefinitionException: Cannot construct instance of `cn.edu.xmu.flashsale.model.bo.Product` (no Creators, like default constructor, exist): cannot deserialize from Object value (no delegate- or property-based Creator)
 at [Source: (byte[])"{"@class":"cn.edu.xmu.flashsale.model.bo.FlashSaleItem","id":2,"saleId":1,"goodsSkuId":274,"price":24,"quantity":124,"gmtCreate":"2020-12-14T21:55:27","gmtModified":"2020-12-14T21:55:27","goodsSku":{"@class":"cn.edu.xmu.flashsale.model.bo.Product","id":274,"disabled":false,"imgUrl":"http://47.52.88.176/file/images/201612/file_5861cd259e57a.jpg","inventory":99,"name":"+","originalPrice":850,"skuSn":null}}"; line: 1, column: 249] (through reference chain: cn.edu.xmu.flashsale.model.bo.FlashSaleItem["goodsSku"])] with root cause
com.fasterxml.jackson.databind.exc.InvalidDefinitionException: Cannot construct instance of `cn.edu.xmu.flashsale.model.bo.Product` (no Creators, like default constructor, exist): cannot deserialize from Object value (no delegate- or property-based Creator)
 at [Source: (byte[])"{"@class":"cn.edu.xmu.flashsale.model.bo.FlashSaleItem","id":2,"saleId":1,"goodsSkuId":274,"price":24,"quantity":124,"gmtCreate":"2020-12-14T21:55:27","gmtModified":"2020-12-14T21:55:27","goodsSku":{"@class":"cn.edu.xmu.flashsale.model.bo.Product","id":274,"disabled":false,"imgUrl":"http://47.52.88.176/file/images/201612/file_5861cd259e57a.jpg","inventory":99,"name":"+","originalPrice":850,"skuSn":null}}"; line: 1, column: 249] (through reference chain: cn.edu.xmu.flashsale.model.bo.FlashSaleItem["goodsSku"])
	at com.fasterxml.jackson.databind.exc.InvalidDefinitionException.from(InvalidDefinitionException.java:67)
	at com.fasterxml.jackson.databind.DeserializationContext.reportBadDefinition(DeserializationContext.java:1615)
	at com.fasterxml.jackson.databind.DatabindContext.reportBadDefinition(DatabindContext.java:400)
	at com.fasterxml.jackson.databind.DeserializationContext.handleMissingInstantiator(DeserializationContext.java:1077)
	at com.fasterxml.jackson.databind.deser.BeanDeserializerBase.deserializeFromObjectUsingNonDefault(BeanDeserializerBase.java:1332)
	at com.fasterxml.jackson.databind.deser.BeanDeserializer.deserializeFromObject(BeanDeserializer.java:331)
	at com.fasterxml.jackson.databind.deser.BeanDeserializer._deserializeOther(BeanDeserializer.java:199)
	at com.fasterxml.jackson.databind.deser.BeanDeserializer.deserialize(BeanDeserializer.java:166)
	at com.fasterxml.jackson.databind.jsontype.impl.AsPropertyTypeDeserializer._deserializeTypedForId(AsPropertyTypeDeserializer.java:132)
	at com.fasterxml.jackson.databind.jsontype.impl.AsPropertyTypeDeserializer.deserializeTypedFromObject(AsPropertyTypeDeserializer.java:99)
	at com.fasterxml.jackson.databind.deser.BeanDeserializerBase.deserializeWithType(BeanDeserializerBase.java:1209)
	at com.fasterxml.jackson.databind.deser.impl.MethodProperty.deserializeAndSet(MethodProperty.java:138)
	at com.fasterxml.jackson.databind.deser.BeanDeserializer.vanillaDeserialize(BeanDeserializer.java:293)
	at com.fasterxml.jackson.databind.deser.BeanDeserializer._deserializeOther(BeanDeserializer.java:194)
	at com.fasterxml.jackson.databind.deser.BeanDeserializer.deserialize(BeanDeserializer.java:166)
	at com.fasterxml.jackson.databind.jsontype.impl.AsPropertyTypeDeserializer._deserializeTypedForId(AsPropertyTypeDeserializer.java:132)
	at com.fasterxml.jackson.databind.jsontype.impl.AsPropertyTypeDeserializer.deserializeTypedFromObject(AsPropertyTypeDeserializer.java:99)
	at com.fasterxml.jackson.databind.jsontype.impl.AsPropertyTypeDeserializer.deserializeTypedFromAny(AsPropertyTypeDeserializer.java:195)
	at com.fasterxml.jackson.databind.deser.std.UntypedObjectDeserializer$Vanilla.deserializeWithType(UntypedObjectDeserializer.java:710)
	at com.fasterxml.jackson.databind.deser.impl.TypeWrappedDeserializer.deserialize(TypeWrappedDeserializer.java:68)
	at com.fasterxml.jackson.databind.ObjectMapper._readMapAndClose(ObjectMapper.java:4524)
	at com.fasterxml.jackson.databind.ObjectMapper.readValue(ObjectMapper.java:3570)
	at org.springframework.data.redis.serializer.Jackson2JsonRedisSerializer.deserialize(Jackson2JsonRedisSerializer.java:73)
	at org.springframework.data.redis.serializer.DefaultRedisElementReader.read(DefaultRedisElementReader.java:48)
	at org.springframework.data.redis.serializer.RedisSerializationContext$SerializationPair.read(RedisSerializationContext.java:272)
	at org.springframework.data.redis.core.DefaultReactiveSetOperations.readValue(DefaultReactiveSetOperations.java:513)
	at reactor.core.publisher.FluxMap$MapSubscriber.onNext(FluxMap.java:100)
	at reactor.core.publisher.FluxFlatMap$FlatMapMain.tryEmit(FluxFlatMap.java:535)
	at reactor.core.publisher.FluxFlatMap$FlatMapInner.onNext(FluxFlatMap.java:999)
	at io.lettuce.core.RedisPublisher$ImmediateSubscriber.onNext(RedisPublisher.java:917)
	at io.lettuce.core.RedisPublisher$RedisSubscription.onNext(RedisPublisher.java:290)
	at io.lettuce.core.RedisPublisher$SubscriptionCommand.complete(RedisPublisher.java:777)
	at io.lettuce.core.protocol.CommandWrapper.complete(CommandWrapper.java:59)
	at io.lettuce.core.protocol.CommandHandler.complete(CommandHandler.java:680)
	at io.lettuce.core.protocol.CommandHandler.decode(CommandHandler.java:640)
	at io.lettuce.core.protocol.CommandHandler.channelRead(CommandHandler.java:591)
	at io.netty.channel.AbstractChannelHandlerContext.invokeChannelRead(AbstractChannelHandlerContext.java:379)
	at io.netty.channel.AbstractChannelHandlerContext.invokeChannelRead(AbstractChannelHandlerContext.java:365)
	at io.netty.channel.AbstractChannelHandlerContext.fireChannelRead(AbstractChannelHandlerContext.java:357)
	at io.netty.channel.DefaultChannelPipeline$HeadContext.channelRead(DefaultChannelPipeline.java:1410)
	at io.netty.channel.AbstractChannelHandlerContext.invokeChannelRead(AbstractChannelHandlerContext.java:379)
	at io.netty.channel.AbstractChannelHandlerContext.invokeChannelRead(AbstractChannelHandlerContext.java:365)
	at io.netty.channel.DefaultChannelPipeline.fireChannelRead(DefaultChannelPipeline.java:919)
	at io.netty.channel.nio.AbstractNioByteChannel$NioByteUnsafe.read(AbstractNioByteChannel.java:166)
	at io.netty.channel.nio.NioEventLoop.processSelectedKey(NioEventLoop.java:714)
	at io.netty.channel.nio.NioEventLoop.processSelectedKeysOptimized(NioEventLoop.java:650)
	at io.netty.channel.nio.NioEventLoop.processSelectedKeys(NioEventLoop.java:576)
	at io.netty.channel.nio.NioEventLoop.run(NioEventLoop.java:493)
	at io.netty.util.concurrent.SingleThreadEventExecutor$4.run(SingleThreadEventExecutor.java:989)
	at io.netty.util.internal.ThreadExecutorMap$2.run(ThreadExecutorMap.java:74)
	at io.netty.util.concurrent.FastThreadLocalRunnable.run(FastThreadLocalRunnable.java:30)
	at java.base/java.lang.Thread.run(Thread.java:834)
2020-12-15 00:32:01.862 [http-nio-8090-exec-2] ERROR o.a.c.c.C.[.[localhost].[/].[dispatcherServlet] - Servlet.service() for servlet [dispatcherServlet] threw exception
com.fasterxml.jackson.databind.exc.UnrecognizedPropertyException: Unrecognized field "goodsSku" (class cn.edu.xmu.flashsale.model.bo.FlashSaleItem), not marked as ignorable (8 known properties: "saleId", "gmtModified", "price", "gmtCreate", "id", "product", "goodsSkuId", "quantity"])
 at [Source: (byte[])"{"@class":"cn.edu.xmu.flashsale.model.bo.FlashSaleItem","id":2,"saleId":1,"goodsSkuId":274,"price":24,"quantity":124,"gmtCreate":"2020-12-14T21:55:27","gmtModified":"2020-12-14T21:55:27","goodsSku":{"@class":"cn.edu.xmu.flashsale.model.bo.Product","id":274,"disabled":false,"imgUrl":"http://47.52.88.176/file/images/201612/file_5861cd259e57a.jpg","inventory":99,"name":"+","originalPrice":850,"skuSn":null}}"; line: 1, column: 200] (through reference chain: cn.edu.xmu.flashsale.model.bo.FlashSaleItem["goodsSku"])
	at com.fasterxml.jackson.databind.exc.UnrecognizedPropertyException.from(UnrecognizedPropertyException.java:61)
	at com.fasterxml.jackson.databind.DeserializationContext.handleUnknownProperty(DeserializationContext.java:855)
	at com.fasterxml.jackson.databind.deser.std.StdDeserializer.handleUnknownProperty(StdDeserializer.java:1212)
	at com.fasterxml.jackson.databind.deser.BeanDeserializerBase.handleUnknownProperty(BeanDeserializerBase.java:1604)
	at com.fasterxml.jackson.databind.deser.BeanDeserializerBase.handleUnknownVanilla(BeanDeserializerBase.java:1582)
	at com.fasterxml.jackson.databind.deser.BeanDeserializer.vanillaDeserialize(BeanDeserializer.java:299)
	at com.fasterxml.jackson.databind.deser.BeanDeserializer._deserializeOther(BeanDeserializer.java:194)
	at com.fasterxml.jackson.databind.deser.BeanDeserializer.deserialize(BeanDeserializer.java:166)
	at com.fasterxml.jackson.databind.jsontype.impl.AsPropertyTypeDeserializer._deserializeTypedForId(AsPropertyTypeDeserializer.java:132)
	at com.fasterxml.jackson.databind.jsontype.impl.AsPropertyTypeDeserializer.deserializeTypedFromObject(AsPropertyTypeDeserializer.java:99)
	at com.fasterxml.jackson.databind.jsontype.impl.AsPropertyTypeDeserializer.deserializeTypedFromAny(AsPropertyTypeDeserializer.java:195)
	at com.fasterxml.jackson.databind.deser.std.UntypedObjectDeserializer$Vanilla.deserializeWithType(UntypedObjectDeserializer.java:710)
	at com.fasterxml.jackson.databind.deser.impl.TypeWrappedDeserializer.deserialize(TypeWrappedDeserializer.java:68)
	at com.fasterxml.jackson.databind.ObjectMapper._readMapAndClose(ObjectMapper.java:4524)
	at com.fasterxml.jackson.databind.ObjectMapper.readValue(ObjectMapper.java:3570)
	at org.springframework.data.redis.serializer.Jackson2JsonRedisSerializer.deserialize(Jackson2JsonRedisSerializer.java:73)
	at org.springframework.data.redis.serializer.DefaultRedisElementReader.read(DefaultRedisElementReader.java:48)
	at org.springframework.data.redis.serializer.RedisSerializationContext$SerializationPair.read(RedisSerializationContext.java:272)
	at org.springframework.data.redis.core.DefaultReactiveSetOperations.readValue(DefaultReactiveSetOperations.java:513)
	at reactor.core.publisher.FluxMap$MapSubscriber.onNext(FluxMap.java:100)
	at reactor.core.publisher.FluxFlatMap$FlatMapMain.tryEmit(FluxFlatMap.java:535)
	at reactor.core.publisher.FluxFlatMap$FlatMapInner.onNext(FluxFlatMap.java:999)
	at io.lettuce.core.RedisPublisher$ImmediateSubscriber.onNext(RedisPublisher.java:917)
	at io.lettuce.core.RedisPublisher$RedisSubscription.onNext(RedisPublisher.java:290)
	at io.lettuce.core.RedisPublisher$SubscriptionCommand.complete(RedisPublisher.java:777)
	at io.lettuce.core.protocol.CommandWrapper.complete(CommandWrapper.java:59)
	at io.lettuce.core.protocol.CommandHandler.complete(CommandHandler.java:680)
	at io.lettuce.core.protocol.CommandHandler.decode(CommandHandler.java:640)
	at io.lettuce.core.protocol.CommandHandler.channelRead(CommandHandler.java:591)
	at io.netty.channel.AbstractChannelHandlerContext.invokeChannelRead(AbstractChannelHandlerContext.java:379)
	at io.netty.channel.AbstractChannelHandlerContext.invokeChannelRead(AbstractChannelHandlerContext.java:365)
	at io.netty.channel.AbstractChannelHandlerContext.fireChannelRead(AbstractChannelHandlerContext.java:357)
	at io.netty.channel.DefaultChannelPipeline$HeadContext.channelRead(DefaultChannelPipeline.java:1410)
	at io.netty.channel.AbstractChannelHandlerContext.invokeChannelRead(AbstractChannelHandlerContext.java:379)
	at io.netty.channel.AbstractChannelHandlerContext.invokeChannelRead(AbstractChannelHandlerContext.java:365)
	at io.netty.channel.DefaultChannelPipeline.fireChannelRead(DefaultChannelPipeline.java:919)
	at io.netty.channel.nio.AbstractNioByteChannel$NioByteUnsafe.read(AbstractNioByteChannel.java:166)
	at io.netty.channel.nio.NioEventLoop.processSelectedKey(NioEventLoop.java:714)
	at io.netty.channel.nio.NioEventLoop.processSelectedKeysOptimized(NioEventLoop.java:650)
	at io.netty.channel.nio.NioEventLoop.processSelectedKeys(NioEventLoop.java:576)
	at io.netty.channel.nio.NioEventLoop.run(NioEventLoop.java:493)
	at io.netty.util.concurrent.SingleThreadEventExecutor$4.run(SingleThreadEventExecutor.java:989)
	at io.netty.util.internal.ThreadExecutorMap$2.run(ThreadExecutorMap.java:74)
	at io.netty.util.concurrent.FastThreadLocalRunnable.run(FastThreadLocalRunnable.java:30)
	at java.base/java.lang.Thread.run(Thread.java:834)
2020-12-15 00:32:01.866 [http-nio-8090-exec-2] ERROR o.a.c.c.C.[.[localhost].[/].[dispatcherServlet] - Servlet.service() for servlet [dispatcherServlet] in context with path [] threw exception [Request processing failed; nested exception is org.springframework.data.redis.serializer.SerializationException: Could not read JSON: Unrecognized field "goodsSku" (class cn.edu.xmu.flashsale.model.bo.FlashSaleItem), not marked as ignorable (8 known properties: "saleId", "gmtModified", "price", "gmtCreate", "id", "product", "goodsSkuId", "quantity"])
 at [Source: (byte[])"{"@class":"cn.edu.xmu.flashsale.model.bo.FlashSaleItem","id":2,"saleId":1,"goodsSkuId":274,"price":24,"quantity":124,"gmtCreate":"2020-12-14T21:55:27","gmtModified":"2020-12-14T21:55:27","goodsSku":{"@class":"cn.edu.xmu.flashsale.model.bo.Product","id":274,"disabled":false,"imgUrl":"http://47.52.88.176/file/images/201612/file_5861cd259e57a.jpg","inventory":99,"name":"+","originalPrice":850,"skuSn":null}}"; line: 1, column: 200] (through reference chain: cn.edu.xmu.flashsale.model.bo.FlashSaleItem["goodsSku"]); nested exception is com.fasterxml.jackson.databind.exc.UnrecognizedPropertyException: Unrecognized field "goodsSku" (class cn.edu.xmu.flashsale.model.bo.FlashSaleItem), not marked as ignorable (8 known properties: "saleId", "gmtModified", "price", "gmtCreate", "id", "product", "goodsSkuId", "quantity"])
 at [Source: (byte[])"{"@class":"cn.edu.xmu.flashsale.model.bo.FlashSaleItem","id":2,"saleId":1,"goodsSkuId":274,"price":24,"quantity":124,"gmtCreate":"2020-12-14T21:55:27","gmtModified":"2020-12-14T21:55:27","goodsSku":{"@class":"cn.edu.xmu.flashsale.model.bo.Product","id":274,"disabled":false,"imgUrl":"http://47.52.88.176/file/images/201612/file_5861cd259e57a.jpg","inventory":99,"name":"+","originalPrice":850,"skuSn":null}}"; line: 1, column: 200] (through reference chain: cn.edu.xmu.flashsale.model.bo.FlashSaleItem["goodsSku"])] with root cause
com.fasterxml.jackson.databind.exc.UnrecognizedPropertyException: Unrecognized field "goodsSku" (class cn.edu.xmu.flashsale.model.bo.FlashSaleItem), not marked as ignorable (8 known properties: "saleId", "gmtModified", "price", "gmtCreate", "id", "product", "goodsSkuId", "quantity"])
 at [Source: (byte[])"{"@class":"cn.edu.xmu.flashsale.model.bo.FlashSaleItem","id":2,"saleId":1,"goodsSkuId":274,"price":24,"quantity":124,"gmtCreate":"2020-12-14T21:55:27","gmtModified":"2020-12-14T21:55:27","goodsSku":{"@class":"cn.edu.xmu.flashsale.model.bo.Product","id":274,"disabled":false,"imgUrl":"http://47.52.88.176/file/images/201612/file_5861cd259e57a.jpg","inventory":99,"name":"+","originalPrice":850,"skuSn":null}}"; line: 1, column: 200] (through reference chain: cn.edu.xmu.flashsale.model.bo.FlashSaleItem["goodsSku"])
	at com.fasterxml.jackson.databind.exc.UnrecognizedPropertyException.from(UnrecognizedPropertyException.java:61)
	at com.fasterxml.jackson.databind.DeserializationContext.handleUnknownProperty(DeserializationContext.java:855)
	at com.fasterxml.jackson.databind.deser.std.StdDeserializer.handleUnknownProperty(StdDeserializer.java:1212)
	at com.fasterxml.jackson.databind.deser.BeanDeserializerBase.handleUnknownProperty(BeanDeserializerBase.java:1604)
	at com.fasterxml.jackson.databind.deser.BeanDeserializerBase.handleUnknownVanilla(BeanDeserializerBase.java:1582)
	at com.fasterxml.jackson.databind.deser.BeanDeserializer.vanillaDeserialize(BeanDeserializer.java:299)
	at com.fasterxml.jackson.databind.deser.BeanDeserializer._deserializeOther(BeanDeserializer.java:194)
	at com.fasterxml.jackson.databind.deser.BeanDeserializer.deserialize(BeanDeserializer.java:166)
	at com.fasterxml.jackson.databind.jsontype.impl.AsPropertyTypeDeserializer._deserializeTypedForId(AsPropertyTypeDeserializer.java:132)
	at com.fasterxml.jackson.databind.jsontype.impl.AsPropertyTypeDeserializer.deserializeTypedFromObject(AsPropertyTypeDeserializer.java:99)
	at com.fasterxml.jackson.databind.jsontype.impl.AsPropertyTypeDeserializer.deserializeTypedFromAny(AsPropertyTypeDeserializer.java:195)
	at com.fasterxml.jackson.databind.deser.std.UntypedObjectDeserializer$Vanilla.deserializeWithType(UntypedObjectDeserializer.java:710)
	at com.fasterxml.jackson.databind.deser.impl.TypeWrappedDeserializer.deserialize(TypeWrappedDeserializer.java:68)
	at com.fasterxml.jackson.databind.ObjectMapper._readMapAndClose(ObjectMapper.java:4524)
	at com.fasterxml.jackson.databind.ObjectMapper.readValue(ObjectMapper.java:3570)
	at org.springframework.data.redis.serializer.Jackson2JsonRedisSerializer.deserialize(Jackson2JsonRedisSerializer.java:73)
	at org.springframework.data.redis.serializer.DefaultRedisElementReader.read(DefaultRedisElementReader.java:48)
	at org.springframework.data.redis.serializer.RedisSerializationContext$SerializationPair.read(RedisSerializationContext.java:272)
	at org.springframework.data.redis.core.DefaultReactiveSetOperations.readValue(DefaultReactiveSetOperations.java:513)
	at reactor.core.publisher.FluxMap$MapSubscriber.onNext(FluxMap.java:100)
	at reactor.core.publisher.FluxFlatMap$FlatMapMain.tryEmit(FluxFlatMap.java:535)
	at reactor.core.publisher.FluxFlatMap$FlatMapInner.onNext(FluxFlatMap.java:999)
	at io.lettuce.core.RedisPublisher$ImmediateSubscriber.onNext(RedisPublisher.java:917)
	at io.lettuce.core.RedisPublisher$RedisSubscription.onNext(RedisPublisher.java:290)
	at io.lettuce.core.RedisPublisher$SubscriptionCommand.complete(RedisPublisher.java:777)
	at io.lettuce.core.protocol.CommandWrapper.complete(CommandWrapper.java:59)
	at io.lettuce.core.protocol.CommandHandler.complete(CommandHandler.java:680)
	at io.lettuce.core.protocol.CommandHandler.decode(CommandHandler.java:640)
	at io.lettuce.core.protocol.CommandHandler.channelRead(CommandHandler.java:591)
	at io.netty.channel.AbstractChannelHandlerContext.invokeChannelRead(AbstractChannelHandlerContext.java:379)
	at io.netty.channel.AbstractChannelHandlerContext.invokeChannelRead(AbstractChannelHandlerContext.java:365)
	at io.netty.channel.AbstractChannelHandlerContext.fireChannelRead(AbstractChannelHandlerContext.java:357)
	at io.netty.channel.DefaultChannelPipeline$HeadContext.channelRead(DefaultChannelPipeline.java:1410)
	at io.netty.channel.AbstractChannelHandlerContext.invokeChannelRead(AbstractChannelHandlerContext.java:379)
	at io.netty.channel.AbstractChannelHandlerContext.invokeChannelRead(AbstractChannelHandlerContext.java:365)
	at io.netty.channel.DefaultChannelPipeline.fireChannelRead(DefaultChannelPipeline.java:919)
	at io.netty.channel.nio.AbstractNioByteChannel$NioByteUnsafe.read(AbstractNioByteChannel.java:166)
	at io.netty.channel.nio.NioEventLoop.processSelectedKey(NioEventLoop.java:714)
	at io.netty.channel.nio.NioEventLoop.processSelectedKeysOptimized(NioEventLoop.java:650)
	at io.netty.channel.nio.NioEventLoop.processSelectedKeys(NioEventLoop.java:576)
	at io.netty.channel.nio.NioEventLoop.run(NioEventLoop.java:493)
	at io.netty.util.concurrent.SingleThreadEventExecutor$4.run(SingleThreadEventExecutor.java:989)
	at io.netty.util.internal.ThreadExecutorMap$2.run(ThreadExecutorMap.java:74)
	at io.netty.util.concurrent.FastThreadLocalRunnable.run(FastThreadLocalRunnable.java:30)
	at java.base/java.lang.Thread.run(Thread.java:834)
2020-12-15 00:34:52.874 [http-nio-8090-exec-4] ERROR o.a.c.c.C.[.[localhost].[/].[dispatcherServlet] - Servlet.service() for servlet [dispatcherServlet] threw exception
com.fasterxml.jackson.databind.exc.UnrecognizedPropertyException: Unrecognized field "goodsSku" (class cn.edu.xmu.flashsale.model.bo.FlashSaleItem), not marked as ignorable (8 known properties: "saleId", "gmtModified", "price", "gmtCreate", "id", "product", "goodsSkuId", "quantity"])
 at [Source: (byte[])"{"@class":"cn.edu.xmu.flashsale.model.bo.FlashSaleItem","id":2,"saleId":1,"goodsSkuId":274,"price":24,"quantity":124,"gmtCreate":"2020-12-14T21:55:27","gmtModified":"2020-12-14T21:55:27","goodsSku":{"@class":"cn.edu.xmu.flashsale.model.bo.Product","id":274,"disabled":false,"imgUrl":"http://47.52.88.176/file/images/201612/file_5861cd259e57a.jpg","inventory":99,"name":"+","originalPrice":850,"skuSn":null}}"; line: 1, column: 200] (through reference chain: cn.edu.xmu.flashsale.model.bo.FlashSaleItem["goodsSku"])
	at com.fasterxml.jackson.databind.exc.UnrecognizedPropertyException.from(UnrecognizedPropertyException.java:61)
	at com.fasterxml.jackson.databind.DeserializationContext.handleUnknownProperty(DeserializationContext.java:855)
	at com.fasterxml.jackson.databind.deser.std.StdDeserializer.handleUnknownProperty(StdDeserializer.java:1212)
	at com.fasterxml.jackson.databind.deser.BeanDeserializerBase.handleUnknownProperty(BeanDeserializerBase.java:1604)
	at com.fasterxml.jackson.databind.deser.BeanDeserializerBase.handleUnknownVanilla(BeanDeserializerBase.java:1582)
	at com.fasterxml.jackson.databind.deser.BeanDeserializer.vanillaDeserialize(BeanDeserializer.java:299)
	at com.fasterxml.jackson.databind.deser.BeanDeserializer._deserializeOther(BeanDeserializer.java:194)
	at com.fasterxml.jackson.databind.deser.BeanDeserializer.deserialize(BeanDeserializer.java:166)
	at com.fasterxml.jackson.databind.jsontype.impl.AsPropertyTypeDeserializer._deserializeTypedForId(AsPropertyTypeDeserializer.java:132)
	at com.fasterxml.jackson.databind.jsontype.impl.AsPropertyTypeDeserializer.deserializeTypedFromObject(AsPropertyTypeDeserializer.java:99)
	at com.fasterxml.jackson.databind.jsontype.impl.AsPropertyTypeDeserializer.deserializeTypedFromAny(AsPropertyTypeDeserializer.java:195)
	at com.fasterxml.jackson.databind.deser.std.UntypedObjectDeserializer$Vanilla.deserializeWithType(UntypedObjectDeserializer.java:710)
	at com.fasterxml.jackson.databind.deser.impl.TypeWrappedDeserializer.deserialize(TypeWrappedDeserializer.java:68)
	at com.fasterxml.jackson.databind.ObjectMapper._readMapAndClose(ObjectMapper.java:4524)
	at com.fasterxml.jackson.databind.ObjectMapper.readValue(ObjectMapper.java:3570)
	at org.springframework.data.redis.serializer.Jackson2JsonRedisSerializer.deserialize(Jackson2JsonRedisSerializer.java:73)
	at org.springframework.data.redis.serializer.DefaultRedisElementReader.read(DefaultRedisElementReader.java:48)
	at org.springframework.data.redis.serializer.RedisSerializationContext$SerializationPair.read(RedisSerializationContext.java:272)
	at org.springframework.data.redis.core.DefaultReactiveSetOperations.readValue(DefaultReactiveSetOperations.java:513)
	at reactor.core.publisher.FluxMap$MapSubscriber.onNext(FluxMap.java:100)
	at reactor.core.publisher.FluxFlatMap$FlatMapMain.tryEmit(FluxFlatMap.java:535)
	at reactor.core.publisher.FluxFlatMap$FlatMapInner.onNext(FluxFlatMap.java:999)
	at io.lettuce.core.RedisPublisher$ImmediateSubscriber.onNext(RedisPublisher.java:917)
	at io.lettuce.core.RedisPublisher$RedisSubscription.onNext(RedisPublisher.java:290)
	at io.lettuce.core.RedisPublisher$SubscriptionCommand.complete(RedisPublisher.java:777)
	at io.lettuce.core.protocol.CommandWrapper.complete(CommandWrapper.java:59)
	at io.lettuce.core.protocol.CommandHandler.complete(CommandHandler.java:680)
	at io.lettuce.core.protocol.CommandHandler.decode(CommandHandler.java:640)
	at io.lettuce.core.protocol.CommandHandler.channelRead(CommandHandler.java:591)
	at io.netty.channel.AbstractChannelHandlerContext.invokeChannelRead(AbstractChannelHandlerContext.java:379)
	at io.netty.channel.AbstractChannelHandlerContext.invokeChannelRead(AbstractChannelHandlerContext.java:365)
	at io.netty.channel.AbstractChannelHandlerContext.fireChannelRead(AbstractChannelHandlerContext.java:357)
	at io.netty.channel.DefaultChannelPipeline$HeadContext.channelRead(DefaultChannelPipeline.java:1410)
	at io.netty.channel.AbstractChannelHandlerContext.invokeChannelRead(AbstractChannelHandlerContext.java:379)
	at io.netty.channel.AbstractChannelHandlerContext.invokeChannelRead(AbstractChannelHandlerContext.java:365)
	at io.netty.channel.DefaultChannelPipeline.fireChannelRead(DefaultChannelPipeline.java:919)
	at io.netty.channel.nio.AbstractNioByteChannel$NioByteUnsafe.read(AbstractNioByteChannel.java:166)
	at io.netty.channel.nio.NioEventLoop.processSelectedKey(NioEventLoop.java:714)
	at io.netty.channel.nio.NioEventLoop.processSelectedKeysOptimized(NioEventLoop.java:650)
	at io.netty.channel.nio.NioEventLoop.processSelectedKeys(NioEventLoop.java:576)
	at io.netty.channel.nio.NioEventLoop.run(NioEventLoop.java:493)
	at io.netty.util.concurrent.SingleThreadEventExecutor$4.run(SingleThreadEventExecutor.java:989)
	at io.netty.util.internal.ThreadExecutorMap$2.run(ThreadExecutorMap.java:74)
	at io.netty.util.concurrent.FastThreadLocalRunnable.run(FastThreadLocalRunnable.java:30)
	at java.base/java.lang.Thread.run(Thread.java:834)
2020-12-15 00:34:52.892 [http-nio-8090-exec-4] ERROR o.a.c.c.C.[.[localhost].[/].[dispatcherServlet] - Servlet.service() for servlet [dispatcherServlet] in context with path [] threw exception [Request processing failed; nested exception is org.springframework.data.redis.serializer.SerializationException: Could not read JSON: Unrecognized field "goodsSku" (class cn.edu.xmu.flashsale.model.bo.FlashSaleItem), not marked as ignorable (8 known properties: "saleId", "gmtModified", "price", "gmtCreate", "id", "product", "goodsSkuId", "quantity"])
 at [Source: (byte[])"{"@class":"cn.edu.xmu.flashsale.model.bo.FlashSaleItem","id":2,"saleId":1,"goodsSkuId":274,"price":24,"quantity":124,"gmtCreate":"2020-12-14T21:55:27","gmtModified":"2020-12-14T21:55:27","goodsSku":{"@class":"cn.edu.xmu.flashsale.model.bo.Product","id":274,"disabled":false,"imgUrl":"http://47.52.88.176/file/images/201612/file_5861cd259e57a.jpg","inventory":99,"name":"+","originalPrice":850,"skuSn":null}}"; line: 1, column: 200] (through reference chain: cn.edu.xmu.flashsale.model.bo.FlashSaleItem["goodsSku"]); nested exception is com.fasterxml.jackson.databind.exc.UnrecognizedPropertyException: Unrecognized field "goodsSku" (class cn.edu.xmu.flashsale.model.bo.FlashSaleItem), not marked as ignorable (8 known properties: "saleId", "gmtModified", "price", "gmtCreate", "id", "product", "goodsSkuId", "quantity"])
 at [Source: (byte[])"{"@class":"cn.edu.xmu.flashsale.model.bo.FlashSaleItem","id":2,"saleId":1,"goodsSkuId":274,"price":24,"quantity":124,"gmtCreate":"2020-12-14T21:55:27","gmtModified":"2020-12-14T21:55:27","goodsSku":{"@class":"cn.edu.xmu.flashsale.model.bo.Product","id":274,"disabled":false,"imgUrl":"http://47.52.88.176/file/images/201612/file_5861cd259e57a.jpg","inventory":99,"name":"+","originalPrice":850,"skuSn":null}}"; line: 1, column: 200] (through reference chain: cn.edu.xmu.flashsale.model.bo.FlashSaleItem["goodsSku"])] with root cause
com.fasterxml.jackson.databind.exc.UnrecognizedPropertyException: Unrecognized field "goodsSku" (class cn.edu.xmu.flashsale.model.bo.FlashSaleItem), not marked as ignorable (8 known properties: "saleId", "gmtModified", "price", "gmtCreate", "id", "product", "goodsSkuId", "quantity"])
 at [Source: (byte[])"{"@class":"cn.edu.xmu.flashsale.model.bo.FlashSaleItem","id":2,"saleId":1,"goodsSkuId":274,"price":24,"quantity":124,"gmtCreate":"2020-12-14T21:55:27","gmtModified":"2020-12-14T21:55:27","goodsSku":{"@class":"cn.edu.xmu.flashsale.model.bo.Product","id":274,"disabled":false,"imgUrl":"http://47.52.88.176/file/images/201612/file_5861cd259e57a.jpg","inventory":99,"name":"+","originalPrice":850,"skuSn":null}}"; line: 1, column: 200] (through reference chain: cn.edu.xmu.flashsale.model.bo.FlashSaleItem["goodsSku"])
	at com.fasterxml.jackson.databind.exc.UnrecognizedPropertyException.from(UnrecognizedPropertyException.java:61)
	at com.fasterxml.jackson.databind.DeserializationContext.handleUnknownProperty(DeserializationContext.java:855)
	at com.fasterxml.jackson.databind.deser.std.StdDeserializer.handleUnknownProperty(StdDeserializer.java:1212)
	at com.fasterxml.jackson.databind.deser.BeanDeserializerBase.handleUnknownProperty(BeanDeserializerBase.java:1604)
	at com.fasterxml.jackson.databind.deser.BeanDeserializerBase.handleUnknownVanilla(BeanDeserializerBase.java:1582)
	at com.fasterxml.jackson.databind.deser.BeanDeserializer.vanillaDeserialize(BeanDeserializer.java:299)
	at com.fasterxml.jackson.databind.deser.BeanDeserializer._deserializeOther(BeanDeserializer.java:194)
	at com.fasterxml.jackson.databind.deser.BeanDeserializer.deserialize(BeanDeserializer.java:166)
	at com.fasterxml.jackson.databind.jsontype.impl.AsPropertyTypeDeserializer._deserializeTypedForId(AsPropertyTypeDeserializer.java:132)
	at com.fasterxml.jackson.databind.jsontype.impl.AsPropertyTypeDeserializer.deserializeTypedFromObject(AsPropertyTypeDeserializer.java:99)
	at com.fasterxml.jackson.databind.jsontype.impl.AsPropertyTypeDeserializer.deserializeTypedFromAny(AsPropertyTypeDeserializer.java:195)
	at com.fasterxml.jackson.databind.deser.std.UntypedObjectDeserializer$Vanilla.deserializeWithType(UntypedObjectDeserializer.java:710)
	at com.fasterxml.jackson.databind.deser.impl.TypeWrappedDeserializer.deserialize(TypeWrappedDeserializer.java:68)
	at com.fasterxml.jackson.databind.ObjectMapper._readMapAndClose(ObjectMapper.java:4524)
	at com.fasterxml.jackson.databind.ObjectMapper.readValue(ObjectMapper.java:3570)
	at org.springframework.data.redis.serializer.Jackson2JsonRedisSerializer.deserialize(Jackson2JsonRedisSerializer.java:73)
	at org.springframework.data.redis.serializer.DefaultRedisElementReader.read(DefaultRedisElementReader.java:48)
	at org.springframework.data.redis.serializer.RedisSerializationContext$SerializationPair.read(RedisSerializationContext.java:272)
	at org.springframework.data.redis.core.DefaultReactiveSetOperations.readValue(DefaultReactiveSetOperations.java:513)
	at reactor.core.publisher.FluxMap$MapSubscriber.onNext(FluxMap.java:100)
	at reactor.core.publisher.FluxFlatMap$FlatMapMain.tryEmit(FluxFlatMap.java:535)
	at reactor.core.publisher.FluxFlatMap$FlatMapInner.onNext(FluxFlatMap.java:999)
	at io.lettuce.core.RedisPublisher$ImmediateSubscriber.onNext(RedisPublisher.java:917)
	at io.lettuce.core.RedisPublisher$RedisSubscription.onNext(RedisPublisher.java:290)
	at io.lettuce.core.RedisPublisher$SubscriptionCommand.complete(RedisPublisher.java:777)
	at io.lettuce.core.protocol.CommandWrapper.complete(CommandWrapper.java:59)
	at io.lettuce.core.protocol.CommandHandler.complete(CommandHandler.java:680)
	at io.lettuce.core.protocol.CommandHandler.decode(CommandHandler.java:640)
	at io.lettuce.core.protocol.CommandHandler.channelRead(CommandHandler.java:591)
	at io.netty.channel.AbstractChannelHandlerContext.invokeChannelRead(AbstractChannelHandlerContext.java:379)
	at io.netty.channel.AbstractChannelHandlerContext.invokeChannelRead(AbstractChannelHandlerContext.java:365)
	at io.netty.channel.AbstractChannelHandlerContext.fireChannelRead(AbstractChannelHandlerContext.java:357)
	at io.netty.channel.DefaultChannelPipeline$HeadContext.channelRead(DefaultChannelPipeline.java:1410)
	at io.netty.channel.AbstractChannelHandlerContext.invokeChannelRead(AbstractChannelHandlerContext.java:379)
	at io.netty.channel.AbstractChannelHandlerContext.invokeChannelRead(AbstractChannelHandlerContext.java:365)
	at io.netty.channel.DefaultChannelPipeline.fireChannelRead(DefaultChannelPipeline.java:919)
	at io.netty.channel.nio.AbstractNioByteChannel$NioByteUnsafe.read(AbstractNioByteChannel.java:166)
	at io.netty.channel.nio.NioEventLoop.processSelectedKey(NioEventLoop.java:714)
	at io.netty.channel.nio.NioEventLoop.processSelectedKeysOptimized(NioEventLoop.java:650)
	at io.netty.channel.nio.NioEventLoop.processSelectedKeys(NioEventLoop.java:576)
	at io.netty.channel.nio.NioEventLoop.run(NioEventLoop.java:493)
	at io.netty.util.concurrent.SingleThreadEventExecutor$4.run(SingleThreadEventExecutor.java:989)
	at io.netty.util.internal.ThreadExecutorMap$2.run(ThreadExecutorMap.java:74)
	at io.netty.util.concurrent.FastThreadLocalRunnable.run(FastThreadLocalRunnable.java:30)
	at java.base/java.lang.Thread.run(Thread.java:834)
