2020-12-04 11:13:31.938 [main] DEBUG cn.edu.xmu.goods.controller.GoodsController - token: eyJ0eXAiOiJKV1QiLCJhbGciOiJIUzI1NiJ9.eyJzdWIiOiJ0aGlzIGlzIGEgdG9rZW4iLCJhdWQiOiJNSU5JQVBQIiwidG9rZW5JZCI6IjIwMjAxMjA0MTExMzMxOEVXIiwiaXNzIjoiT09BRCIsImRlcGFydElkIjowLCJleHAiOjE2MDcwNTE3MTEsInVzZXJJZCI6MSwiaWF0IjoxNjA3MDUxNjExfQ.afsxhkvr_ptj89Yk8sIxbUY3lZKk312hmnoCUCcPDiw
2020-12-04 11:13:32.125 [main] DEBUG cn.edu.xmu.ooad.annotation.AuditAspect - around: begin joinPoint = execution(Object cn.edu.xmu.goods.controller.GoodsController.invalidFloatPrice(Long,Long,Long))
2020-12-04 11:13:32.180 [main] DEBUG cn.edu.xmu.ooad.annotation.AuditAspect - getPathInfo = /goods/shops/0/floatprice/273
2020-12-04 11:13:32.188 [main] DEBUG cn.edu.xmu.ooad.annotation.AuditAspect - around: userId =1 departId=0
2020-12-04 11:13:32.206 [main] DEBUG cn.edu.xmu.goods.controller.GoodsController - invalidFloatPrice : shopId = 0 floatPriceId = 273
2020-12-04 11:14:43.239 [main] DEBUG cn.edu.xmu.goods.controller.GoodsController - token: eyJ0eXAiOiJKV1QiLCJhbGciOiJIUzI1NiJ9.eyJzdWIiOiJ0aGlzIGlzIGEgdG9rZW4iLCJhdWQiOiJNSU5JQVBQIiwidG9rZW5JZCI6IjIwMjAxMjA0MTExNDQzMjZaIiwiaXNzIjoiT09BRCIsImRlcGFydElkIjowLCJleHAiOjE2MDcwNTE3ODMsInVzZXJJZCI6MSwiaWF0IjoxNjA3MDUxNjgzfQ.yRzddfFMhKuhE8xYTxA0OUXwmj4q6UUiShz34tbNn-k
2020-12-04 11:14:43.375 [main] DEBUG cn.edu.xmu.ooad.annotation.AuditAspect - around: begin joinPoint = execution(Object cn.edu.xmu.goods.controller.GoodsController.invalidFloatPrice(Long,Long,Long))
2020-12-04 11:14:43.406 [main] DEBUG cn.edu.xmu.ooad.annotation.AuditAspect - getPathInfo = /goods/shops/0/floatprice/273
2020-12-04 11:14:43.412 [main] DEBUG cn.edu.xmu.ooad.annotation.AuditAspect - around: userId =1 departId=0
2020-12-04 11:14:43.425 [main] DEBUG cn.edu.xmu.goods.controller.GoodsController - invalidFloatPrice : shopId = 0 floatPriceId = 273
2020-12-04 11:17:46.318 [main] DEBUG cn.edu.xmu.goods.controller.GoodsController - token: eyJ0eXAiOiJKV1QiLCJhbGciOiJIUzI1NiJ9.eyJzdWIiOiJ0aGlzIGlzIGEgdG9rZW4iLCJhdWQiOiJNSU5JQVBQIiwidG9rZW5JZCI6IjIwMjAxMjA0MTExNzQ2MjhNIiwiaXNzIjoiT09BRCIsImRlcGFydElkIjoyLCJleHAiOjE2MDcwNTE5NjYsInVzZXJJZCI6MSwiaWF0IjoxNjA3MDUxODY2fQ.2Zp5LRXXDlVaJvfBm88wpVMAdkjTUjaNEoe70Xvdi14
2020-12-04 11:17:46.451 [main] DEBUG cn.edu.xmu.ooad.annotation.AuditAspect - around: begin joinPoint = execution(Object cn.edu.xmu.goods.controller.GoodsController.invalidFloatPrice(Long,Long,Long))
2020-12-04 11:17:46.489 [main] DEBUG cn.edu.xmu.ooad.annotation.AuditAspect - getPathInfo = /goods/shops/0/floatprice/273
2020-12-04 11:17:46.490 [main] DEBUG cn.edu.xmu.ooad.annotation.AuditAspect - did =0
2020-12-04 11:38:38.500 [main] DEBUG cn.edu.xmu.goods.controller.GoodsController - token: eyJ0eXAiOiJKV1QiLCJhbGciOiJIUzI1NiJ9.eyJzdWIiOiJ0aGlzIGlzIGEgdG9rZW4iLCJhdWQiOiJNSU5JQVBQIiwidG9rZW5JZCI6IjIwMjAxMjA0MTEzODM4NFVVIiwiaXNzIjoiT09BRCIsImRlcGFydElkIjowLCJleHAiOjE2MDcwNTMyMTgsInVzZXJJZCI6MSwiaWF0IjoxNjA3MDUzMTE4fQ.mPBe1tWYpbSzukJuNrVuD09gipr1StOiJGUsOzceZdM
2020-12-04 11:38:38.630 [main] DEBUG cn.edu.xmu.ooad.annotation.AuditAspect - around: begin joinPoint = execution(Object cn.edu.xmu.goods.controller.GoodsController.deleteGoodsSku(Long,Long))
2020-12-04 11:38:38.665 [main] DEBUG cn.edu.xmu.ooad.annotation.AuditAspect - getPathInfo = /goods/shops/0/skus/273
2020-12-04 11:38:38.671 [main] DEBUG cn.edu.xmu.ooad.annotation.AuditAspect - around: userId =1 departId=0
2020-12-04 11:38:38.683 [main] DEBUG cn.edu.xmu.goods.controller.GoodsController - deleteGoodsSku : shopId = 0 skuId = 273
2020-12-04 11:38:38.735 [main] INFO  cn.edu.xmu.goods.dao.GoodsDao - skuId = 273已删除
2020-12-04 11:39:03.893 [main] DEBUG cn.edu.xmu.goods.controller.GoodsController - token: eyJ0eXAiOiJKV1QiLCJhbGciOiJIUzI1NiJ9.eyJzdWIiOiJ0aGlzIGlzIGEgdG9rZW4iLCJhdWQiOiJNSU5JQVBQIiwidG9rZW5JZCI6IjIwMjAxMjA0MTEzOTAzOFlaIiwiaXNzIjoiT09BRCIsImRlcGFydElkIjowLCJleHAiOjE2MDcwNTMyNDMsInVzZXJJZCI6MSwiaWF0IjoxNjA3MDUzMTQzfQ.X7Ywuu-hTXqnf9zf6-PUI0XZwQv-8v7kFFqxFMIJavc
2020-12-04 11:39:04.036 [main] DEBUG cn.edu.xmu.ooad.annotation.AuditAspect - around: begin joinPoint = execution(Object cn.edu.xmu.goods.controller.GoodsController.deleteGoodsSku(Long,Long))
2020-12-04 11:39:04.068 [main] DEBUG cn.edu.xmu.ooad.annotation.AuditAspect - getPathInfo = /goods/shops/1/skus/273
2020-12-04 11:39:04.073 [main] DEBUG cn.edu.xmu.ooad.annotation.AuditAspect - around: userId =1 departId=0
2020-12-04 11:39:04.084 [main] DEBUG cn.edu.xmu.goods.controller.GoodsController - deleteGoodsSku : shopId = 1 skuId = 273
2020-12-04 11:39:04.143 [main] INFO  cn.edu.xmu.goods.dao.GoodsDao - skuId = 273已删除
2020-12-04 11:40:03.627 [main] DEBUG cn.edu.xmu.goods.controller.GoodsController - token: eyJ0eXAiOiJKV1QiLCJhbGciOiJIUzI1NiJ9.eyJzdWIiOiJ0aGlzIGlzIGEgdG9rZW4iLCJhdWQiOiJNSU5JQVBQIiwidG9rZW5JZCI6IjIwMjAxMjA0MTE0MDAzNUc1IiwiaXNzIjoiT09BRCIsImRlcGFydElkIjoxLCJleHAiOjE2MDcwNTMzMDMsInVzZXJJZCI6MSwiaWF0IjoxNjA3MDUzMjAzfQ.MTq-ycDXqEgZFsFSnV2DOATf7GKh1xFA2bp-K4Lccz4
2020-12-04 11:40:03.749 [main] DEBUG cn.edu.xmu.ooad.annotation.AuditAspect - around: begin joinPoint = execution(Object cn.edu.xmu.goods.controller.GoodsController.deleteGoodsSku(Long,Long))
2020-12-04 11:40:03.777 [main] DEBUG cn.edu.xmu.ooad.annotation.AuditAspect - getPathInfo = /goods/shops/1/skus/273
2020-12-04 11:40:03.777 [main] DEBUG cn.edu.xmu.ooad.annotation.AuditAspect - did =1
2020-12-04 11:40:03.777 [main] DEBUG cn.edu.xmu.ooad.annotation.AuditAspect - success match Id!
2020-12-04 11:40:03.783 [main] DEBUG cn.edu.xmu.ooad.annotation.AuditAspect - around: userId =1 departId=1
2020-12-04 11:40:03.796 [main] DEBUG cn.edu.xmu.goods.controller.GoodsController - deleteGoodsSku : shopId = 1 skuId = 273
2020-12-04 11:40:03.860 [main] INFO  cn.edu.xmu.goods.dao.GoodsDao - skuId = 273已删除
2020-12-04 11:49:29.524 [main] DEBUG cn.edu.xmu.goods.controller.GoodsController - getAllBrand: page = null  pageSize =null
2020-12-04 11:49:29.527 [main] DEBUG cn.edu.xmu.goods.controller.GoodsController - getAllBrand: page = 1  pageSize =100
2020-12-04 11:49:44.452 [main] DEBUG cn.edu.xmu.goods.controller.GoodsController - token: eyJ0eXAiOiJKV1QiLCJhbGciOiJIUzI1NiJ9.eyJzdWIiOiJ0aGlzIGlzIGEgdG9rZW4iLCJhdWQiOiJNSU5JQVBQIiwidG9rZW5JZCI6IjIwMjAxMjA0MTE0OTQ0NEM0IiwiaXNzIjoiT09BRCIsImRlcGFydElkIjoxLCJleHAiOjE2MDcwNTM4ODQsInVzZXJJZCI6MSwiaWF0IjoxNjA3MDUzNzg0fQ.cUUeNgltSJ0e4sk2GFDMqrjXSsfHRMHfIJImIMK1YMY
2020-12-04 11:49:44.593 [main] DEBUG cn.edu.xmu.ooad.annotation.AuditAspect - around: begin joinPoint = execution(Object cn.edu.xmu.goods.controller.GoodsController.deleteGoodsSku(Long,Long))
2020-12-04 11:49:44.627 [main] DEBUG cn.edu.xmu.ooad.annotation.AuditAspect - getPathInfo = /goods/shops/1/skus/273
2020-12-04 11:49:44.628 [main] DEBUG cn.edu.xmu.ooad.annotation.AuditAspect - did =1
2020-12-04 11:49:44.628 [main] DEBUG cn.edu.xmu.ooad.annotation.AuditAspect - success match Id!
2020-12-04 11:49:44.633 [main] DEBUG cn.edu.xmu.ooad.annotation.AuditAspect - around: userId =1 departId=1
2020-12-04 11:49:44.650 [main] DEBUG cn.edu.xmu.goods.controller.GoodsController - deleteGoodsSku : shopId = 1 skuId = 273
2020-12-04 11:49:44.716 [main] INFO  cn.edu.xmu.goods.dao.GoodsDao - skuId = 273已删除
2020-12-04 11:51:44.129 [main] DEBUG cn.edu.xmu.goods.controller.GoodsController - token: eyJ0eXAiOiJKV1QiLCJhbGciOiJIUzI1NiJ9.eyJzdWIiOiJ0aGlzIGlzIGEgdG9rZW4iLCJhdWQiOiJNSU5JQVBQIiwidG9rZW5JZCI6IjIwMjAxMjA0MTE1MTQ0MEpGIiwiaXNzIjoiT09BRCIsImRlcGFydElkIjoxLCJleHAiOjE2MDcwNTQwMDQsInVzZXJJZCI6MSwiaWF0IjoxNjA3MDUzOTA0fQ.yBYdc1E6vVnVRosz3OetpYT1JMI-hV2UQ95sp3hPO0A
2020-12-04 11:51:44.250 [main] DEBUG cn.edu.xmu.ooad.annotation.AuditAspect - around: begin joinPoint = execution(Object cn.edu.xmu.goods.controller.GoodsController.deleteGoodsSku(Long,Long))
2020-12-04 11:51:44.280 [main] DEBUG cn.edu.xmu.ooad.annotation.AuditAspect - getPathInfo = /goods/shops/1/skus/273
2020-12-04 11:51:44.280 [main] DEBUG cn.edu.xmu.ooad.annotation.AuditAspect - did =1
2020-12-04 11:51:44.280 [main] DEBUG cn.edu.xmu.ooad.annotation.AuditAspect - success match Id!
2020-12-04 11:51:44.285 [main] DEBUG cn.edu.xmu.ooad.annotation.AuditAspect - around: userId =1 departId=1
2020-12-04 11:51:44.299 [main] DEBUG cn.edu.xmu.goods.controller.GoodsController - deleteGoodsSku : shopId = 1 skuId = 273
2020-12-04 11:51:44.358 [main] INFO  cn.edu.xmu.goods.dao.GoodsDao - skuId = 273已删除
2020-12-04 11:53:34.213 [main] DEBUG cn.edu.xmu.goods.controller.GoodsController - token: eyJ0eXAiOiJKV1QiLCJhbGciOiJIUzI1NiJ9.eyJzdWIiOiJ0aGlzIGlzIGEgdG9rZW4iLCJhdWQiOiJNSU5JQVBQIiwidG9rZW5JZCI6IjIwMjAxMjA0MTE1MzM0MVYxIiwiaXNzIjoiT09BRCIsImRlcGFydElkIjoxLCJleHAiOjE2MDcwNTQxMTQsInVzZXJJZCI6MSwiaWF0IjoxNjA3MDU0MDE0fQ.X2n46q0V6o_ZgLasCRIbXql6UCKQgrFlaXICt8kEZZA
2020-12-04 11:53:34.363 [main] DEBUG cn.edu.xmu.ooad.annotation.AuditAspect - around: begin joinPoint = execution(Object cn.edu.xmu.goods.controller.GoodsController.deleteGoodsSku(Long,Long))
2020-12-04 11:53:34.405 [main] DEBUG cn.edu.xmu.ooad.annotation.AuditAspect - getPathInfo = /goods/shops/1/skus/273
2020-12-04 11:53:34.405 [main] DEBUG cn.edu.xmu.ooad.annotation.AuditAspect - did =1
2020-12-04 11:53:34.405 [main] DEBUG cn.edu.xmu.ooad.annotation.AuditAspect - success match Id!
2020-12-04 11:53:34.412 [main] DEBUG cn.edu.xmu.ooad.annotation.AuditAspect - around: userId =1 departId=1
2020-12-04 11:53:34.428 [main] DEBUG cn.edu.xmu.goods.controller.GoodsController - deleteGoodsSku : shopId = 1 skuId = 273
2020-12-04 11:53:34.473 [main] INFO  cn.edu.xmu.goods.dao.GoodsDao - 非法访问
2020-12-04 11:55:07.551 [main] DEBUG cn.edu.xmu.goods.controller.GoodsController - token: eyJ0eXAiOiJKV1QiLCJhbGciOiJIUzI1NiJ9.eyJzdWIiOiJ0aGlzIGlzIGEgdG9rZW4iLCJhdWQiOiJNSU5JQVBQIiwidG9rZW5JZCI6IjIwMjAxMjA0MTE1NTA3NTJDIiwiaXNzIjoiT09BRCIsImRlcGFydElkIjowLCJleHAiOjE2MDcwNTQyMDcsInVzZXJJZCI6MSwiaWF0IjoxNjA3MDU0MTA3fQ.nV1AaX13Utkxx-t6Nsc5R4agzrTZ53x4TFiCNQF7lAk
2020-12-04 11:55:07.677 [main] DEBUG cn.edu.xmu.ooad.annotation.AuditAspect - around: begin joinPoint = execution(Object cn.edu.xmu.goods.controller.GoodsController.deleteGoodsSku(Long,Long))
2020-12-04 11:55:07.709 [main] DEBUG cn.edu.xmu.ooad.annotation.AuditAspect - getPathInfo = /goods/shops/1/skus/273
2020-12-04 11:55:07.715 [main] DEBUG cn.edu.xmu.ooad.annotation.AuditAspect - around: userId =1 departId=0
2020-12-04 11:55:07.726 [main] DEBUG cn.edu.xmu.goods.controller.GoodsController - deleteGoodsSku : shopId = 1 skuId = 273
2020-12-04 11:55:07.742 [main] INFO  cn.edu.xmu.goods.dao.GoodsDao - 非法访问
2020-12-04 11:56:00.592 [main] DEBUG cn.edu.xmu.goods.controller.GoodsController - token: eyJ0eXAiOiJKV1QiLCJhbGciOiJIUzI1NiJ9.eyJzdWIiOiJ0aGlzIGlzIGEgdG9rZW4iLCJhdWQiOiJNSU5JQVBQIiwidG9rZW5JZCI6IjIwMjAxMjA0MTE1NjAwNVhOIiwiaXNzIjoiT09BRCIsImRlcGFydElkIjoxLCJleHAiOjE2MDcwNTQyNjAsInVzZXJJZCI6MSwiaWF0IjoxNjA3MDU0MTYwfQ.Mwg_MUr8a64MSE0SZq7cMTRCKsOSijCzsFKfzWK4f9k
2020-12-04 11:56:00.702 [main] DEBUG cn.edu.xmu.ooad.annotation.AuditAspect - around: begin joinPoint = execution(Object cn.edu.xmu.goods.controller.GoodsController.deleteGoodsSku(Long,Long))
2020-12-04 11:56:00.732 [main] DEBUG cn.edu.xmu.ooad.annotation.AuditAspect - getPathInfo = /goods/shops/0/skus/273
2020-12-04 11:56:00.732 [main] DEBUG cn.edu.xmu.ooad.annotation.AuditAspect - did =0
2020-12-04 15:23:38.541 [main] DEBUG cn.edu.xmu.goods.controller.GoodsController - token: eyJ0eXAiOiJKV1QiLCJhbGciOiJIUzI1NiJ9.eyJzdWIiOiJ0aGlzIGlzIGEgdG9rZW4iLCJhdWQiOiJNSU5JQVBQIiwidG9rZW5JZCI6IjIwMjAxMjA0MTUyMzM4NERTIiwiaXNzIjoiT09BRCIsImRlcGFydElkIjowLCJleHAiOjE2MDcwNjY3MTgsInVzZXJJZCI6MSwiaWF0IjoxNjA3MDY2NjE4fQ.4krsdOtWdy1NYEsz2C70cKYRZmL7-vgQziWYKKfAhP4
2020-12-04 15:23:38.860 [main] DEBUG cn.edu.xmu.ooad.annotation.AuditAspect - around: begin joinPoint = execution(Object cn.edu.xmu.goods.controller.GoodsController.modifySku(Long,Long,SkuInputVo,BindingResult))
2020-12-04 15:23:38.896 [main] DEBUG cn.edu.xmu.ooad.annotation.AuditAspect - getPathInfo = /goods/shops/0/skus/273
2020-12-04 15:23:38.905 [main] DEBUG cn.edu.xmu.ooad.annotation.AuditAspect - around: userId =1 departId=0
2020-12-04 15:23:38.927 [main] DEBUG cn.edu.xmu.goods.controller.GoodsController - modifyGoodsSku : shopId = 0 skuId = 273 vo = SkuInputVo(name=123, originalPrice=123, configuration=123, weight=123, inventory=123, detail=123)
2020-12-04 15:23:39.177 [main] INFO  cn.edu.xmu.goods.dao.GoodsDao - skuId = 273 的信息已更新
2020-12-04 15:24:17.023 [main] DEBUG cn.edu.xmu.goods.controller.GoodsController - token: eyJ0eXAiOiJKV1QiLCJhbGciOiJIUzI1NiJ9.eyJzdWIiOiJ0aGlzIGlzIGEgdG9rZW4iLCJhdWQiOiJNSU5JQVBQIiwidG9rZW5JZCI6IjIwMjAxMjA0MTUyNDE2OTdXIiwiaXNzIjoiT09BRCIsImRlcGFydElkIjoxLCJleHAiOjE2MDcwNjY3NTYsInVzZXJJZCI6MSwiaWF0IjoxNjA3MDY2NjU2fQ.4sBeHeCd3003kQNRwUFJAOJUtlDcROh_HB0VeLvY1i8
2020-12-04 15:24:17.338 [main] DEBUG cn.edu.xmu.ooad.annotation.AuditAspect - around: begin joinPoint = execution(Object cn.edu.xmu.goods.controller.GoodsController.modifySku(Long,Long,SkuInputVo,BindingResult))
2020-12-04 15:24:17.376 [main] DEBUG cn.edu.xmu.ooad.annotation.AuditAspect - getPathInfo = /goods/shops/0/skus/273
2020-12-04 15:24:17.377 [main] DEBUG cn.edu.xmu.ooad.annotation.AuditAspect - did =0
2020-12-04 15:24:53.880 [main] DEBUG cn.edu.xmu.goods.controller.GoodsController - token: eyJ0eXAiOiJKV1QiLCJhbGciOiJIUzI1NiJ9.eyJzdWIiOiJ0aGlzIGlzIGEgdG9rZW4iLCJhdWQiOiJNSU5JQVBQIiwidG9rZW5JZCI6IjIwMjAxMjA0MTUyNDUzODc3IiwiaXNzIjoiT09BRCIsImRlcGFydElkIjowLCJleHAiOjE2MDcwNjY3OTMsInVzZXJJZCI6MSwiaWF0IjoxNjA3MDY2NjkzfQ.ZJOwsHh79xRwVBUunAIKgJKfrADX09hAVPSVESk1eQY
2020-12-04 15:24:54.172 [main] DEBUG cn.edu.xmu.ooad.annotation.AuditAspect - around: begin joinPoint = execution(Object cn.edu.xmu.goods.controller.GoodsController.modifySku(Long,Long,SkuInputVo,BindingResult))
2020-12-04 15:24:54.214 [main] DEBUG cn.edu.xmu.ooad.annotation.AuditAspect - getPathInfo = /goods/shops/1/skus/273
2020-12-04 15:24:54.224 [main] DEBUG cn.edu.xmu.ooad.annotation.AuditAspect - around: userId =1 departId=0
2020-12-04 15:24:54.245 [main] DEBUG cn.edu.xmu.goods.controller.GoodsController - modifyGoodsSku : shopId = 1 skuId = 273 vo = SkuInputVo(name=123, originalPrice=123, configuration=123, weight=123, inventory=123, detail=123)
2020-12-04 15:27:19.906 [main] DEBUG cn.edu.xmu.goods.controller.GoodsController - token: eyJ0eXAiOiJKV1QiLCJhbGciOiJIUzI1NiJ9.eyJzdWIiOiJ0aGlzIGlzIGEgdG9rZW4iLCJhdWQiOiJNSU5JQVBQIiwidG9rZW5JZCI6IjIwMjAxMjA0MTUyNzE5OEpFIiwiaXNzIjoiT09BRCIsImRlcGFydElkIjowLCJleHAiOjE2MDcwNjY5MzksInVzZXJJZCI6MSwiaWF0IjoxNjA3MDY2ODM5fQ.BcZFXFsLwpCp2DcgdDr_pGx-BEnsJxTPhqwNpup7rgw
2020-12-04 15:27:20.133 [main] DEBUG cn.edu.xmu.ooad.annotation.AuditAspect - around: begin joinPoint = execution(Object cn.edu.xmu.goods.controller.GoodsController.modifySku(Long,Long,SkuInputVo,BindingResult))
2020-12-04 15:27:20.159 [main] DEBUG cn.edu.xmu.ooad.annotation.AuditAspect - getPathInfo = /goods/shops/1/skus/273
2020-12-04 15:27:20.167 [main] DEBUG cn.edu.xmu.ooad.annotation.AuditAspect - around: userId =1 departId=0
2020-12-04 15:27:20.188 [main] DEBUG cn.edu.xmu.goods.controller.GoodsController - modifyGoodsSku : shopId = 1 skuId = 273 vo = SkuInputVo(name=123, originalPrice=123, configuration=123, weight=123, inventory=123, detail=123)
2020-12-04 15:27:20.392 [main] INFO  cn.edu.xmu.goods.dao.GoodsDao - skuId = 273 的信息已更新
2020-12-04 15:28:03.273 [main] DEBUG cn.edu.xmu.goods.controller.GoodsController - token: eyJ0eXAiOiJKV1QiLCJhbGciOiJIUzI1NiJ9.eyJzdWIiOiJ0aGlzIGlzIGEgdG9rZW4iLCJhdWQiOiJNSU5JQVBQIiwidG9rZW5JZCI6IjIwMjAxMjA0MTUyODAzMkU0IiwiaXNzIjoiT09BRCIsImRlcGFydElkIjoxLCJleHAiOjE2MDcwNjY5ODMsInVzZXJJZCI6MSwiaWF0IjoxNjA3MDY2ODgzfQ.z1h7irkOpHhG1iiS4jnctErCCUsxf_4EsUx8cyYUgF4
2020-12-04 15:28:03.583 [main] DEBUG cn.edu.xmu.ooad.annotation.AuditAspect - around: begin joinPoint = execution(Object cn.edu.xmu.goods.controller.GoodsController.modifySku(Long,Long,SkuInputVo,BindingResult))
2020-12-04 15:28:03.617 [main] DEBUG cn.edu.xmu.ooad.annotation.AuditAspect - getPathInfo = /goods/shops/1/skus/273
2020-12-04 15:28:03.619 [main] DEBUG cn.edu.xmu.ooad.annotation.AuditAspect - did =1
2020-12-04 15:28:03.619 [main] DEBUG cn.edu.xmu.ooad.annotation.AuditAspect - success match Id!
2020-12-04 15:28:03.627 [main] DEBUG cn.edu.xmu.ooad.annotation.AuditAspect - around: userId =1 departId=1
2020-12-04 15:28:03.649 [main] DEBUG cn.edu.xmu.goods.controller.GoodsController - modifyGoodsSku : shopId = 1 skuId = 273 vo = SkuInputVo(name=123, originalPrice=123, configuration=123, weight=123, inventory=123, detail=123)
2020-12-04 15:28:03.845 [main] INFO  cn.edu.xmu.goods.dao.GoodsDao - skuId = 273 的信息已更新
2020-12-04 15:31:38.310 [main] DEBUG cn.edu.xmu.goods.controller.GoodsController - token: eyJ0eXAiOiJKV1QiLCJhbGciOiJIUzI1NiJ9.eyJzdWIiOiJ0aGlzIGlzIGEgdG9rZW4iLCJhdWQiOiJNSU5JQVBQIiwidG9rZW5JZCI6IjIwMjAxMjA0MTUzMTM4MTJFIiwiaXNzIjoiT09BRCIsImRlcGFydElkIjoxLCJleHAiOjE2MDcwNjcxOTgsInVzZXJJZCI6MSwiaWF0IjoxNjA3MDY3MDk4fQ.NMhJFqwTpp6qJ_TpaIFDCQUU1gcMkwvZIaRvFy3GnjA
2020-12-04 15:31:38.703 [main] DEBUG cn.edu.xmu.ooad.annotation.AuditAspect - around: begin joinPoint = execution(Object cn.edu.xmu.goods.controller.GoodsController.modifySku(Long,Long,SkuInputVo,BindingResult))
2020-12-04 15:31:38.745 [main] DEBUG cn.edu.xmu.ooad.annotation.AuditAspect - getPathInfo = /goods/shops/1/skus/273
2020-12-04 15:31:38.746 [main] DEBUG cn.edu.xmu.ooad.annotation.AuditAspect - did =1
2020-12-04 15:31:38.746 [main] DEBUG cn.edu.xmu.ooad.annotation.AuditAspect - success match Id!
2020-12-04 15:31:38.755 [main] DEBUG cn.edu.xmu.ooad.annotation.AuditAspect - around: userId =1 departId=1
2020-12-04 15:31:38.780 [main] DEBUG cn.edu.xmu.goods.controller.GoodsController - modifyGoodsSku : shopId = 1 skuId = 273 vo = SkuInputVo(name=123, originalPrice=123, configuration=123, weight=123, inventory=123, detail=123)
2020-12-04 15:37:19.344 [main] DEBUG cn.edu.xmu.goods.controller.GoodsController - token: eyJ0eXAiOiJKV1QiLCJhbGciOiJIUzI1NiJ9.eyJzdWIiOiJ0aGlzIGlzIGEgdG9rZW4iLCJhdWQiOiJNSU5JQVBQIiwidG9rZW5JZCI6IjIwMjAxMjA0MTUzNzE5Mlk3IiwiaXNzIjoiT09BRCIsImRlcGFydElkIjoxLCJleHAiOjE2MDcwNjc1MzksInVzZXJJZCI6MSwiaWF0IjoxNjA3MDY3NDM5fQ.y51dFGMj-8SZ2EQpZMqEfER2-Q67Oc4MPlyWBuZc2Lg
2020-12-04 15:37:19.639 [main] DEBUG cn.edu.xmu.ooad.annotation.AuditAspect - around: begin joinPoint = execution(Object cn.edu.xmu.goods.controller.GoodsController.deleteGoodsSku(Long,Long))
2020-12-04 15:37:19.729 [main] DEBUG cn.edu.xmu.ooad.annotation.AuditAspect - getPathInfo = /goods/shops/0/skus/273
2020-12-04 15:37:19.730 [main] DEBUG cn.edu.xmu.ooad.annotation.AuditAspect - did =0
2020-12-04 15:38:29.991 [main] DEBUG cn.edu.xmu.goods.controller.GoodsController - token: eyJ0eXAiOiJKV1QiLCJhbGciOiJIUzI1NiJ9.eyJzdWIiOiJ0aGlzIGlzIGEgdG9rZW4iLCJhdWQiOiJNSU5JQVBQIiwidG9rZW5JZCI6IjIwMjAxMjA0MTUzODI5OVpMIiwiaXNzIjoiT09BRCIsImRlcGFydElkIjoxLCJleHAiOjE2MDcwNjc2MDksInVzZXJJZCI6MSwiaWF0IjoxNjA3MDY3NTA5fQ.96Jl7KJEs0MMdv6w0sLpU3RQsCvjHdOjE8x1sWegAiM
2020-12-04 15:38:30.195 [main] DEBUG cn.edu.xmu.ooad.annotation.AuditAspect - around: begin joinPoint = execution(Object cn.edu.xmu.goods.controller.GoodsController.deleteGoodsSku(Long,Long))
2020-12-04 15:38:30.254 [main] DEBUG cn.edu.xmu.ooad.annotation.AuditAspect - getPathInfo = /goods/shops/1/skus/273
2020-12-04 15:38:30.254 [main] DEBUG cn.edu.xmu.ooad.annotation.AuditAspect - did =1
2020-12-04 15:38:30.255 [main] DEBUG cn.edu.xmu.ooad.annotation.AuditAspect - success match Id!
2020-12-04 15:38:30.262 [main] DEBUG cn.edu.xmu.ooad.annotation.AuditAspect - around: userId =1 departId=1
2020-12-04 15:38:30.282 [main] DEBUG cn.edu.xmu.goods.controller.GoodsController - deleteGoodsSku : shopId = 1 skuId = 273
2020-12-04 15:38:30.317 [main] INFO  cn.edu.xmu.goods.dao.GoodsDao - 非法访问
2020-12-04 15:55:11.560 [main] DEBUG cn.edu.xmu.goods.controller.GoodsController - token: eyJ0eXAiOiJKV1QiLCJhbGciOiJIUzI1NiJ9.eyJzdWIiOiJ0aGlzIGlzIGEgdG9rZW4iLCJhdWQiOiJNSU5JQVBQIiwidG9rZW5JZCI6IjIwMjAxMjA0MTU1NTExNU04IiwiaXNzIjoiT09BRCIsImRlcGFydElkIjoxLCJleHAiOjE2MDcwNjg2MTEsInVzZXJJZCI6MSwiaWF0IjoxNjA3MDY4NTExfQ.zOwGQKmhbS9Hp-27XTtVZ2hi1h1qwIyseR2rSVohXXA
2020-12-04 15:55:11.862 [main] DEBUG cn.edu.xmu.ooad.annotation.AuditAspect - around: begin joinPoint = execution(Object cn.edu.xmu.goods.controller.GoodsController.deleteGoodsSku(Long,Long))
2020-12-04 15:55:11.908 [main] DEBUG cn.edu.xmu.ooad.annotation.AuditAspect - getPathInfo = /goods/shops/0/skus/273
2020-12-04 15:55:11.932 [main] DEBUG cn.edu.xmu.ooad.annotation.AuditAspect - did =0
2020-12-04 15:56:40.555 [main] DEBUG cn.edu.xmu.goods.controller.GoodsController - token: eyJ0eXAiOiJKV1QiLCJhbGciOiJIUzI1NiJ9.eyJzdWIiOiJ0aGlzIGlzIGEgdG9rZW4iLCJhdWQiOiJNSU5JQVBQIiwidG9rZW5JZCI6IjIwMjAxMjA0MTU1NjQwNENIIiwiaXNzIjoiT09BRCIsImRlcGFydElkIjoxLCJleHAiOjE2MDcwNjg3MDAsInVzZXJJZCI6MSwiaWF0IjoxNjA3MDY4NjAwfQ.1Je7XRkv014TbV6Wr554ALrgo23_KaVirLbZ_vScnn0
2020-12-04 15:56:40.730 [main] DEBUG cn.edu.xmu.ooad.annotation.AuditAspect - around: begin joinPoint = execution(Object cn.edu.xmu.goods.controller.GoodsController.deleteGoodsSku(Long,Long))
2020-12-04 15:56:40.776 [main] DEBUG cn.edu.xmu.ooad.annotation.AuditAspect - getPathInfo = /goods/shops/1/skus/273
2020-12-04 15:56:40.776 [main] DEBUG cn.edu.xmu.ooad.annotation.AuditAspect - did =1
2020-12-04 15:56:40.777 [main] DEBUG cn.edu.xmu.ooad.annotation.AuditAspect - success match Id!
2020-12-04 15:56:40.784 [main] DEBUG cn.edu.xmu.ooad.annotation.AuditAspect - around: userId =1 departId=1
2020-12-04 15:56:40.802 [main] DEBUG cn.edu.xmu.goods.controller.GoodsController - deleteGoodsSku : shopId = 1 skuId = 273
2020-12-04 15:56:40.832 [main] INFO  cn.edu.xmu.goods.dao.GoodsDao - 非法访问
2020-12-04 16:00:26.029 [main] DEBUG cn.edu.xmu.goods.controller.GoodsController - token: eyJ0eXAiOiJKV1QiLCJhbGciOiJIUzI1NiJ9.eyJzdWIiOiJ0aGlzIGlzIGEgdG9rZW4iLCJhdWQiOiJNSU5JQVBQIiwidG9rZW5JZCI6IjIwMjAxMjA0MTYwMDI1OUJXIiwiaXNzIjoiT09BRCIsImRlcGFydElkIjoxLCJleHAiOjE2MDcwNjg5MjUsInVzZXJJZCI6MSwiaWF0IjoxNjA3MDY4ODI1fQ.n8lrz-jfWzEc0tvUyRmW9MoM-fOBLrf9qBWlkbUWwZk
2020-12-04 16:00:26.249 [main] DEBUG cn.edu.xmu.ooad.annotation.AuditAspect - around: begin joinPoint = execution(Object cn.edu.xmu.goods.controller.GoodsController.deleteGoodsSku(Long,Long))
2020-12-04 16:00:26.306 [main] DEBUG cn.edu.xmu.ooad.annotation.AuditAspect - getPathInfo = /goods/shops/0/skus/273
2020-12-04 16:00:26.306 [main] DEBUG cn.edu.xmu.ooad.annotation.AuditAspect - did =0
2020-12-04 16:04:01.723 [main] DEBUG cn.edu.xmu.goods.controller.GoodsController - token: eyJ0eXAiOiJKV1QiLCJhbGciOiJIUzI1NiJ9.eyJzdWIiOiJ0aGlzIGlzIGEgdG9rZW4iLCJhdWQiOiJNSU5JQVBQIiwidG9rZW5JZCI6IjIwMjAxMjA0MTYwNDAxNlhIIiwiaXNzIjoiT09BRCIsImRlcGFydElkIjowLCJleHAiOjE2MDcwNjkxNDEsInVzZXJJZCI6MSwiaWF0IjoxNjA3MDY5MDQxfQ.CLpCSrfzRyYnz3p9K-0U2W_2SMhKxPmqi-j5xqnBeH4
2020-12-04 16:04:02.049 [main] DEBUG cn.edu.xmu.ooad.annotation.AuditAspect - around: begin joinPoint = execution(Object cn.edu.xmu.goods.controller.GoodsController.deleteGoodsSku(Long,Long))
2020-12-04 16:04:02.127 [main] DEBUG cn.edu.xmu.ooad.annotation.AuditAspect - getPathInfo = /goods/shops/1/skus/273
2020-12-04 16:04:02.137 [main] DEBUG cn.edu.xmu.ooad.annotation.AuditAspect - around: userId =1 departId=0
2020-12-04 16:04:02.165 [main] DEBUG cn.edu.xmu.goods.controller.GoodsController - deleteGoodsSku : shopId = 1 skuId = 273
2020-12-04 16:04:02.275 [main] INFO  cn.edu.xmu.goods.dao.GoodsDao - skuId = 273已删除
2020-12-04 16:06:00.440 [main] DEBUG cn.edu.xmu.goods.controller.GoodsController - token: eyJ0eXAiOiJKV1QiLCJhbGciOiJIUzI1NiJ9.eyJzdWIiOiJ0aGlzIGlzIGEgdG9rZW4iLCJhdWQiOiJNSU5JQVBQIiwidG9rZW5JZCI6IjIwMjAxMjA0MTYwNjAwM05JIiwiaXNzIjoiT09BRCIsImRlcGFydElkIjowLCJleHAiOjE2MDcwNjkyNjAsInVzZXJJZCI6MSwiaWF0IjoxNjA3MDY5MTYwfQ.jR5Otqid8_KsAjvIHZ9VZX72kjYJvVl5izJSslRYhW0
2020-12-04 16:06:00.619 [main] DEBUG cn.edu.xmu.ooad.annotation.AuditAspect - around: begin joinPoint = execution(Object cn.edu.xmu.goods.controller.GoodsController.deleteGoodsSku(Long,Long))
2020-12-04 16:06:00.658 [main] DEBUG cn.edu.xmu.ooad.annotation.AuditAspect - getPathInfo = /goods/shops/1/skus/273
2020-12-04 16:06:00.666 [main] DEBUG cn.edu.xmu.ooad.annotation.AuditAspect - around: userId =1 departId=0
2020-12-04 16:06:00.683 [main] DEBUG cn.edu.xmu.goods.controller.GoodsController - deleteGoodsSku : shopId = 1 skuId = 273
2020-12-04 16:06:00.751 [main] INFO  cn.edu.xmu.goods.dao.GoodsDao - skuId = 273已删除
2020-12-04 16:07:12.430 [main] DEBUG cn.edu.xmu.goods.controller.GoodsController - token: eyJ0eXAiOiJKV1QiLCJhbGciOiJIUzI1NiJ9.eyJzdWIiOiJ0aGlzIGlzIGEgdG9rZW4iLCJhdWQiOiJNSU5JQVBQIiwidG9rZW5JZCI6IjIwMjAxMjA0MTYwNzEyMzdKIiwiaXNzIjoiT09BRCIsImRlcGFydElkIjowLCJleHAiOjE2MDcwNjkzMzIsInVzZXJJZCI6MSwiaWF0IjoxNjA3MDY5MjMyfQ.ksmE8a5AucjkXHh4E4PACU5hxtyjvkyo9bW0kOw3AyE
2020-12-04 16:07:12.709 [main] DEBUG cn.edu.xmu.ooad.annotation.AuditAspect - around: begin joinPoint = execution(Object cn.edu.xmu.goods.controller.GoodsController.deleteGoodsSku(Long,Long))
2020-12-04 16:07:12.785 [main] DEBUG cn.edu.xmu.ooad.annotation.AuditAspect - getPathInfo = /goods/shops/1/skus/273
2020-12-04 16:07:12.794 [main] DEBUG cn.edu.xmu.ooad.annotation.AuditAspect - around: userId =1 departId=0
2020-12-04 16:07:12.814 [main] DEBUG cn.edu.xmu.goods.controller.GoodsController - deleteGoodsSku : shopId = 1 skuId = 273
2020-12-04 16:07:12.905 [main] INFO  cn.edu.xmu.goods.dao.GoodsDao - skuId = 273已删除
2020-12-04 16:08:45.823 [main] DEBUG cn.edu.xmu.goods.controller.GoodsController - token: eyJ0eXAiOiJKV1QiLCJhbGciOiJIUzI1NiJ9.eyJzdWIiOiJ0aGlzIGlzIGEgdG9rZW4iLCJhdWQiOiJNSU5JQVBQIiwidG9rZW5JZCI6IjIwMjAxMjA0MTYwODQ1N0FFIiwiaXNzIjoiT09BRCIsImRlcGFydElkIjowLCJleHAiOjE2MDcwNjk0MjUsInVzZXJJZCI6MSwiaWF0IjoxNjA3MDY5MzI1fQ.qS98BQBrPF-9djvx-9CGwmmq_fLmZmdLETn74VXpG_o
2020-12-04 16:08:46.011 [main] DEBUG cn.edu.xmu.ooad.annotation.AuditAspect - around: begin joinPoint = execution(Object cn.edu.xmu.goods.controller.GoodsController.deleteGoodsSku(Long,Long))
2020-12-04 16:08:46.070 [main] DEBUG cn.edu.xmu.ooad.annotation.AuditAspect - getPathInfo = /goods/shops/1/skus/273
2020-12-04 16:08:46.080 [main] DEBUG cn.edu.xmu.ooad.annotation.AuditAspect - around: userId =1 departId=0
2020-12-04 16:08:46.105 [main] DEBUG cn.edu.xmu.goods.controller.GoodsController - deleteGoodsSku : shopId = 1 skuId = 273
2020-12-04 16:08:46.194 [main] INFO  cn.edu.xmu.goods.dao.GoodsDao - shopid=1skuId = 273已删除
2020-12-04 17:40:18.970 [main] DEBUG cn.edu.xmu.goods.controller.GoodsController - getGoodsSpuState
