2020-12-07 15:29:34.909 [main] DEBUG cn.edu.xmu.goods.controller.GoodsController - token: eyJ0eXAiOiJKV1QiLCJhbGciOiJIUzI1NiJ9.eyJzdWIiOiJ0aGlzIGlzIGEgdG9rZW4iLCJhdWQiOiJNSU5JQVBQIiwidG9rZW5JZCI6IjIwMjAxMjA3MTUyOTM0N01WIiwiaXNzIjoiT09BRCIsImRlcGFydElkIjowLCJleHAiOjE2MDczMjYyNzQsInVzZXJJZCI6MSwiaWF0IjoxNjA3MzI2MTc0fQ.RI79gyN8WqRREOxNBZ9UMNj_ONfzSXcazSJC0cE65ak
2020-12-07 15:29:35.178 [main] DEBUG cn.edu.xmu.ooad.annotation.AuditAspect - around: begin joinPoint = execution(Object cn.edu.xmu.goods.controller.GoodsController.deleteGoodsSku(Long,Long))
2020-12-07 15:29:35.248 [main] DEBUG cn.edu.xmu.ooad.annotation.AuditAspect - getPathInfo = /goods/shops/1/skus/273
2020-12-07 15:29:35.259 [main] DEBUG cn.edu.xmu.ooad.annotation.AuditAspect - around: userId =1 departId=0
2020-12-07 15:29:35.284 [main] DEBUG cn.edu.xmu.goods.controller.GoodsController - deleteGoodsSku : shopId = 1 skuId = 273
2020-12-07 15:29:35.325 [main] INFO  cn.edu.xmu.goods.dao.GoodsDao - 非法访问
2020-12-07 15:30:21.532 [main] DEBUG cn.edu.xmu.goods.controller.GoodsController - token: eyJ0eXAiOiJKV1QiLCJhbGciOiJIUzI1NiJ9.eyJzdWIiOiJ0aGlzIGlzIGEgdG9rZW4iLCJhdWQiOiJNSU5JQVBQIiwidG9rZW5JZCI6IjIwMjAxMjA3MTUzMDIxNE00IiwiaXNzIjoiT09BRCIsImRlcGFydElkIjoxLCJleHAiOjE2MDczMjYzMjEsInVzZXJJZCI6MSwiaWF0IjoxNjA3MzI2MjIxfQ.NwScDHDa08X5hwo6etE1A8XieMXS2x_JeIAOaE99DOU
2020-12-07 15:30:21.723 [main] DEBUG cn.edu.xmu.ooad.annotation.AuditAspect - around: begin joinPoint = execution(Object cn.edu.xmu.goods.controller.GoodsController.deleteGoodsSku(Long,Long))
2020-12-07 15:30:21.790 [main] DEBUG cn.edu.xmu.ooad.annotation.AuditAspect - getPathInfo = /goods/shops/0/skus/273
2020-12-07 15:30:21.791 [main] DEBUG cn.edu.xmu.ooad.annotation.AuditAspect - did =0
2020-12-07 15:30:58.445 [main] DEBUG cn.edu.xmu.goods.controller.GoodsController - token: eyJ0eXAiOiJKV1QiLCJhbGciOiJIUzI1NiJ9.eyJzdWIiOiJ0aGlzIGlzIGEgdG9rZW4iLCJhdWQiOiJNSU5JQVBQIiwidG9rZW5JZCI6IjIwMjAxMjA3MTUzMDU4NENQIiwiaXNzIjoiT09BRCIsImRlcGFydElkIjowLCJleHAiOjE2MDczMjYzNTgsInVzZXJJZCI6MSwiaWF0IjoxNjA3MzI2MjU4fQ.m-XvDGZ5rUiyk4UdkfOjZv-TBy_twiF7n_3nT-uR-sE
2020-12-07 15:30:58.618 [main] DEBUG cn.edu.xmu.ooad.annotation.AuditAspect - around: begin joinPoint = execution(Object cn.edu.xmu.goods.controller.GoodsController.deleteGoodsSku(Long,Long))
2020-12-07 15:30:58.687 [main] DEBUG cn.edu.xmu.ooad.annotation.AuditAspect - getPathInfo = /goods/shops/0/skus/273
2020-12-07 15:30:58.695 [main] DEBUG cn.edu.xmu.ooad.annotation.AuditAspect - around: userId =1 departId=0
2020-12-07 15:30:58.712 [main] DEBUG cn.edu.xmu.goods.controller.GoodsController - deleteGoodsSku : shopId = 0 skuId = 273
2020-12-07 15:30:58.787 [main] INFO  cn.edu.xmu.goods.dao.GoodsDao - skuId = 273已删除
2020-12-07 20:49:35.391 [main] DEBUG cn.edu.xmu.goods.controller.GoodsController - token: eyJ0eXAiOiJKV1QiLCJhbGciOiJIUzI1NiJ9.eyJzdWIiOiJ0aGlzIGlzIGEgdG9rZW4iLCJhdWQiOiJNSU5JQVBQIiwidG9rZW5JZCI6IjIwMjAxMjA3MjA0OTM1M0wwIiwiaXNzIjoiT09BRCIsImRlcGFydElkIjowLCJleHAiOjE2MDczNDU0NzUsInVzZXJJZCI6MSwiaWF0IjoxNjA3MzQ1Mzc1fQ.nUvuFfVPzadWV-86p3jYsre61LJW0Zi4Xq2a6V9Yqhc
2020-12-07 20:49:35.810 [main] DEBUG cn.edu.xmu.ooad.annotation.AuditAspect - around: begin joinPoint = execution(Object cn.edu.xmu.goods.controller.GoodsController.modifyGoodsSpu(Long,Long,SpuInputVo,BindingResult))
2020-12-07 20:49:35.856 [main] DEBUG cn.edu.xmu.ooad.annotation.AuditAspect - getPathInfo = /goods/shops/0/spus/273
2020-12-07 20:49:35.874 [main] DEBUG cn.edu.xmu.ooad.annotation.AuditAspect - around: userId =1 departId=0
2020-12-07 20:49:35.896 [main] DEBUG cn.edu.xmu.goods.controller.GoodsController - modifyGoodsSpu : shopId = 0 spuId = 273 vo = SpuInputVo(ShopId=null, name=123, description=123, specs=123)
2020-12-07 20:49:36.221 [main] INFO  cn.edu.xmu.goods.dao.GoodsDao - spuId273已修改
2020-12-07 20:50:26.279 [main] DEBUG cn.edu.xmu.goods.controller.GoodsController - token: eyJ0eXAiOiJKV1QiLCJhbGciOiJIUzI1NiJ9.eyJzdWIiOiJ0aGlzIGlzIGEgdG9rZW4iLCJhdWQiOiJNSU5JQVBQIiwidG9rZW5JZCI6IjIwMjAxMjA3MjA1MDI2MktIIiwiaXNzIjoiT09BRCIsImRlcGFydElkIjowLCJleHAiOjE2MDczNDU1MjYsInVzZXJJZCI6MSwiaWF0IjoxNjA3MzQ1NDI2fQ.uK9fs3OxLS-1cUVhX81j_pN2wI0MmnHOYQet8n_ckj0
2020-12-07 20:50:26.672 [main] DEBUG cn.edu.xmu.ooad.annotation.AuditAspect - around: begin joinPoint = execution(Object cn.edu.xmu.goods.controller.GoodsController.modifyGoodsSpu(Long,Long,SpuInputVo,BindingResult))
2020-12-07 20:50:26.868 [main] DEBUG cn.edu.xmu.ooad.annotation.AuditAspect - getPathInfo = /goods/shops/1/spus/273
2020-12-07 20:50:26.882 [main] DEBUG cn.edu.xmu.ooad.annotation.AuditAspect - around: userId =1 departId=0
2020-12-07 20:50:26.909 [main] DEBUG cn.edu.xmu.goods.controller.GoodsController - modifyGoodsSpu : shopId = 1 spuId = 273 vo = SpuInputVo(ShopId=null, name=123, description=123, specs=123)
2020-12-07 20:52:22.361 [main] DEBUG cn.edu.xmu.goods.controller.GoodsController - token: eyJ0eXAiOiJKV1QiLCJhbGciOiJIUzI1NiJ9.eyJzdWIiOiJ0aGlzIGlzIGEgdG9rZW4iLCJhdWQiOiJNSU5JQVBQIiwidG9rZW5JZCI6IjIwMjAxMjA3MjA1MjIyM1ZKIiwiaXNzIjoiT09BRCIsImRlcGFydElkIjowLCJleHAiOjE2MDczNDU2NDIsInVzZXJJZCI6MSwiaWF0IjoxNjA3MzQ1NTQyfQ.cWAp4LqNKJtp0XegQcE5U9VTcqQCiN9MeSt8HzoSSE0
2020-12-07 20:52:22.654 [main] DEBUG cn.edu.xmu.ooad.annotation.AuditAspect - around: begin joinPoint = execution(Object cn.edu.xmu.goods.controller.GoodsController.modifyGoodsSpu(Long,Long,SpuInputVo,BindingResult))
2020-12-07 20:52:22.696 [main] DEBUG cn.edu.xmu.ooad.annotation.AuditAspect - getPathInfo = /goods/shops/1/spus/273
2020-12-07 20:52:22.706 [main] DEBUG cn.edu.xmu.ooad.annotation.AuditAspect - around: userId =1 departId=0
2020-12-07 20:52:22.730 [main] DEBUG cn.edu.xmu.goods.controller.GoodsController - modifyGoodsSpu : shopId = 1 spuId = 273 vo = SpuInputVo(ShopId=null, name=123, description=123, specs=123)
2020-12-07 20:53:19.964 [main] DEBUG cn.edu.xmu.goods.controller.GoodsController - token: eyJ0eXAiOiJKV1QiLCJhbGciOiJIUzI1NiJ9.eyJzdWIiOiJ0aGlzIGlzIGEgdG9rZW4iLCJhdWQiOiJNSU5JQVBQIiwidG9rZW5JZCI6IjIwMjAxMjA3MjA1MzE5OFMyIiwiaXNzIjoiT09BRCIsImRlcGFydElkIjowLCJleHAiOjE2MDczNDU2OTksInVzZXJJZCI6MSwiaWF0IjoxNjA3MzQ1NTk5fQ.f6fwAHzTOxEHvaFQA9YZzJg9ZUifHC47r9FtcxCnpcM
2020-12-07 20:53:20.351 [main] DEBUG cn.edu.xmu.ooad.annotation.AuditAspect - around: begin joinPoint = execution(Object cn.edu.xmu.goods.controller.GoodsController.modifyGoodsSpu(Long,Long,SpuInputVo,BindingResult))
2020-12-07 20:53:20.504 [main] DEBUG cn.edu.xmu.ooad.annotation.AuditAspect - getPathInfo = /goods/shops/1/spus/272
2020-12-07 20:53:20.516 [main] DEBUG cn.edu.xmu.ooad.annotation.AuditAspect - around: userId =1 departId=0
2020-12-07 20:53:20.540 [main] DEBUG cn.edu.xmu.goods.controller.GoodsController - modifyGoodsSpu : shopId = 1 spuId = 272 vo = SpuInputVo(ShopId=null, name=123, description=123, specs=123)
2020-12-07 20:59:17.287 [main] DEBUG cn.edu.xmu.goods.controller.GoodsController - token: eyJ0eXAiOiJKV1QiLCJhbGciOiJIUzI1NiJ9.eyJzdWIiOiJ0aGlzIGlzIGEgdG9rZW4iLCJhdWQiOiJNSU5JQVBQIiwidG9rZW5JZCI6IjIwMjAxMjA3MjA1OTE3MVVUIiwiaXNzIjoiT09BRCIsImRlcGFydElkIjowLCJleHAiOjE2MDczNDYwNTcsInVzZXJJZCI6MSwiaWF0IjoxNjA3MzQ1OTU3fQ.tNDquJNU4QsdDBF4XxLTEQfsa67UzJm8PPZIVxhHOGI
2020-12-07 20:59:17.563 [main] DEBUG cn.edu.xmu.ooad.annotation.AuditAspect - around: begin joinPoint = execution(Object cn.edu.xmu.goods.controller.GoodsController.modifyGoodsSpu(Long,Long,SpuInputVo,BindingResult))
2020-12-07 20:59:17.624 [main] DEBUG cn.edu.xmu.ooad.annotation.AuditAspect - getPathInfo = /goods/shops/1/spus/272
2020-12-07 20:59:17.639 [main] DEBUG cn.edu.xmu.ooad.annotation.AuditAspect - around: userId =1 departId=0
2020-12-07 20:59:17.681 [main] DEBUG cn.edu.xmu.goods.controller.GoodsController - modifyGoodsSpu : shopId = 1 spuId = 272 vo = SpuInputVo(ShopId=null, name=123, description=123, specs=123)
2020-12-07 21:07:18.148 [main] DEBUG cn.edu.xmu.goods.controller.GoodsController - token: eyJ0eXAiOiJKV1QiLCJhbGciOiJIUzI1NiJ9.eyJzdWIiOiJ0aGlzIGlzIGEgdG9rZW4iLCJhdWQiOiJNSU5JQVBQIiwidG9rZW5JZCI6IjIwMjAxMjA3MjEwNzE4MDQ4IiwiaXNzIjoiT09BRCIsImRlcGFydElkIjowLCJleHAiOjE2MDczNDY1MzgsInVzZXJJZCI6MSwiaWF0IjoxNjA3MzQ2NDM4fQ._9LwHSmnijkXN1Pkunax8B1VvgdApsJPKm6zcF2z8yo
2020-12-07 21:07:18.545 [main] DEBUG cn.edu.xmu.ooad.annotation.AuditAspect - around: begin joinPoint = execution(Object cn.edu.xmu.goods.controller.GoodsController.modifyGoodsSpu(Long,Long,SpuInputVo,BindingResult))
2020-12-07 21:07:18.588 [main] DEBUG cn.edu.xmu.ooad.annotation.AuditAspect - getPathInfo = /goods/shops/1/spus/272
2020-12-07 21:07:18.598 [main] DEBUG cn.edu.xmu.ooad.annotation.AuditAspect - around: userId =1 departId=0
2020-12-07 21:07:18.616 [main] DEBUG cn.edu.xmu.goods.controller.GoodsController - modifyGoodsSpu : shopId = 1 spuId = 272 vo = SpuInputVo(ShopId=null, name=123, description=123, specs=123)
2020-12-07 21:09:46.213 [main] DEBUG cn.edu.xmu.goods.controller.GoodsController - token: eyJ0eXAiOiJKV1QiLCJhbGciOiJIUzI1NiJ9.eyJzdWIiOiJ0aGlzIGlzIGEgdG9rZW4iLCJhdWQiOiJNSU5JQVBQIiwidG9rZW5JZCI6IjIwMjAxMjA3MjEwOTQ2MThMIiwiaXNzIjoiT09BRCIsImRlcGFydElkIjowLCJleHAiOjE2MDczNDY2ODYsInVzZXJJZCI6MSwiaWF0IjoxNjA3MzQ2NTg2fQ.Sh4OiGSLFNcGg6GCkhTBYUlzJlIHTmeI3jW-ZJA1J1U
2020-12-07 21:09:46.619 [main] DEBUG cn.edu.xmu.ooad.annotation.AuditAspect - around: begin joinPoint = execution(Object cn.edu.xmu.goods.controller.GoodsController.modifyGoodsSpu(Long,Long,SpuInputVo,BindingResult))
2020-12-07 21:09:46.660 [main] DEBUG cn.edu.xmu.ooad.annotation.AuditAspect - getPathInfo = /goods/shops/1/spus/273
2020-12-07 21:09:46.670 [main] DEBUG cn.edu.xmu.ooad.annotation.AuditAspect - around: userId =1 departId=0
2020-12-07 21:09:46.691 [main] DEBUG cn.edu.xmu.goods.controller.GoodsController - modifyGoodsSpu : shopId = 1 spuId = 273 vo = SpuInputVo(ShopId=null, name=123, description=123, specs=123)
2020-12-07 21:12:09.096 [main] DEBUG cn.edu.xmu.goods.controller.GoodsController - token: eyJ0eXAiOiJKV1QiLCJhbGciOiJIUzI1NiJ9.eyJzdWIiOiJ0aGlzIGlzIGEgdG9rZW4iLCJhdWQiOiJNSU5JQVBQIiwidG9rZW5JZCI6IjIwMjAxMjA3MjExMjA5MDJWIiwiaXNzIjoiT09BRCIsImRlcGFydElkIjowLCJleHAiOjE2MDczNDY4MjksInVzZXJJZCI6MSwiaWF0IjoxNjA3MzQ2NzI5fQ.t8KV-KsqxG-yEUf_iUSL0-Tly7QeM1IwsP-hci-G2UY
2020-12-07 21:12:09.342 [main] DEBUG cn.edu.xmu.ooad.annotation.AuditAspect - around: begin joinPoint = execution(Object cn.edu.xmu.goods.controller.GoodsController.modifyGoodsSpu(Long,Long,SpuInputVo,BindingResult))
2020-12-07 21:12:09.384 [main] DEBUG cn.edu.xmu.ooad.annotation.AuditAspect - getPathInfo = /goods/shops/0/spus/273
2020-12-07 21:12:09.396 [main] DEBUG cn.edu.xmu.ooad.annotation.AuditAspect - around: userId =1 departId=0
2020-12-07 21:12:09.422 [main] DEBUG cn.edu.xmu.goods.controller.GoodsController - modifyGoodsSpu : shopId = 0 spuId = 273 vo = SpuInputVo(ShopId=null, name=123, description=123, specs=123)
2020-12-07 21:13:57.459 [main] DEBUG cn.edu.xmu.goods.controller.GoodsController - token: eyJ0eXAiOiJKV1QiLCJhbGciOiJIUzI1NiJ9.eyJzdWIiOiJ0aGlzIGlzIGEgdG9rZW4iLCJhdWQiOiJNSU5JQVBQIiwidG9rZW5JZCI6IjIwMjAxMjA3MjExMzU3MzMyIiwiaXNzIjoiT09BRCIsImRlcGFydElkIjowLCJleHAiOjE2MDczNDY5MzcsInVzZXJJZCI6MSwiaWF0IjoxNjA3MzQ2ODM3fQ.x4wWWBswntdjRyWZFIsfWoIOHK6hD_gyWRueJbMCvuo
2020-12-07 21:13:57.786 [main] DEBUG cn.edu.xmu.ooad.annotation.AuditAspect - around: begin joinPoint = execution(Object cn.edu.xmu.goods.controller.GoodsController.modifyGoodsSpu(Long,Long,SpuInputVo,BindingResult))
2020-12-07 21:13:57.820 [main] DEBUG cn.edu.xmu.ooad.annotation.AuditAspect - getPathInfo = /goods/shops/0/spus/273
2020-12-07 21:13:57.829 [main] DEBUG cn.edu.xmu.ooad.annotation.AuditAspect - around: userId =1 departId=0
2020-12-07 21:13:57.852 [main] DEBUG cn.edu.xmu.goods.controller.GoodsController - modifyGoodsSpu : shopId = 0 spuId = 273 vo = SpuInputVo(ShopId=null, name=123, description=123, specs=123)
2020-12-07 21:15:17.631 [main] DEBUG cn.edu.xmu.goods.controller.GoodsController - token: eyJ0eXAiOiJKV1QiLCJhbGciOiJIUzI1NiJ9.eyJzdWIiOiJ0aGlzIGlzIGEgdG9rZW4iLCJhdWQiOiJNSU5JQVBQIiwidG9rZW5JZCI6IjIwMjAxMjA3MjExNTE3NEwzIiwiaXNzIjoiT09BRCIsImRlcGFydElkIjowLCJleHAiOjE2MDczNDcwMTcsInVzZXJJZCI6MSwiaWF0IjoxNjA3MzQ2OTE3fQ.zPndgkv03xSjMp99fAY4oX-yk9EyAn32JTnvBS2S3-c
2020-12-07 21:15:18.069 [main] DEBUG cn.edu.xmu.ooad.annotation.AuditAspect - around: begin joinPoint = execution(Object cn.edu.xmu.goods.controller.GoodsController.modifyGoodsSpu(Long,Long,SpuInputVo,BindingResult))
2020-12-07 21:15:18.285 [main] DEBUG cn.edu.xmu.ooad.annotation.AuditAspect - getPathInfo = /goods/shops/0/spus/273
2020-12-07 21:15:18.294 [main] DEBUG cn.edu.xmu.ooad.annotation.AuditAspect - around: userId =1 departId=0
2020-12-07 21:15:18.317 [main] DEBUG cn.edu.xmu.goods.controller.GoodsController - modifyGoodsSpu : shopId = 0 spuId = 273 vo = SpuInputVo(ShopId=null, name=123, description=123, specs=123)
2020-12-07 21:18:40.491 [main] DEBUG cn.edu.xmu.goods.controller.GoodsController - token: eyJ0eXAiOiJKV1QiLCJhbGciOiJIUzI1NiJ9.eyJzdWIiOiJ0aGlzIGlzIGEgdG9rZW4iLCJhdWQiOiJNSU5JQVBQIiwidG9rZW5JZCI6IjIwMjAxMjA3MjExODQwNFcwIiwiaXNzIjoiT09BRCIsImRlcGFydElkIjowLCJleHAiOjE2MDczNDcyMjAsInVzZXJJZCI6MSwiaWF0IjoxNjA3MzQ3MTIwfQ.5v6kh6fNOqVMCeQTrcnwkuVlSFnZ7E9dYCGvLcpq7YA
2020-12-07 21:18:40.869 [main] DEBUG cn.edu.xmu.ooad.annotation.AuditAspect - around: begin joinPoint = execution(Object cn.edu.xmu.goods.controller.GoodsController.modifyGoodsSpu(Long,Long,SpuInputVo,BindingResult))
2020-12-07 21:18:40.924 [main] DEBUG cn.edu.xmu.ooad.annotation.AuditAspect - getPathInfo = /goods/shops/0/spus/273
2020-12-07 21:18:40.934 [main] DEBUG cn.edu.xmu.ooad.annotation.AuditAspect - around: userId =1 departId=0
2020-12-07 21:18:40.956 [main] DEBUG cn.edu.xmu.goods.controller.GoodsController - modifyGoodsSpu : shopId = 0 spuId = 273 vo = SpuInputVo(ShopId=null, name=123, description=123, specs=123)
2020-12-07 21:20:11.899 [main] DEBUG cn.edu.xmu.goods.controller.GoodsController - token: eyJ0eXAiOiJKV1QiLCJhbGciOiJIUzI1NiJ9.eyJzdWIiOiJ0aGlzIGlzIGEgdG9rZW4iLCJhdWQiOiJNSU5JQVBQIiwidG9rZW5JZCI6IjIwMjAxMjA3MjEyMDExODE2IiwiaXNzIjoiT09BRCIsImRlcGFydElkIjowLCJleHAiOjE2MDczNDczMTEsInVzZXJJZCI6MSwiaWF0IjoxNjA3MzQ3MjExfQ.ARy3gCXJifTMPF5t7wc3RsdR9jFSrW_58FdMVDc_Bdo
2020-12-07 21:20:12.222 [main] DEBUG cn.edu.xmu.ooad.annotation.AuditAspect - around: begin joinPoint = execution(Object cn.edu.xmu.goods.controller.GoodsController.modifyGoodsSpu(Long,Long,SpuInputVo,BindingResult))
2020-12-07 21:20:12.268 [main] DEBUG cn.edu.xmu.ooad.annotation.AuditAspect - getPathInfo = /goods/shops/0/spus/273
2020-12-07 21:20:12.278 [main] DEBUG cn.edu.xmu.ooad.annotation.AuditAspect - around: userId =1 departId=0
2020-12-07 21:20:12.300 [main] DEBUG cn.edu.xmu.goods.controller.GoodsController - modifyGoodsSpu : shopId = 0 spuId = 273 vo = SpuInputVo(ShopId=null, name=123, description=123, specs=123)
2020-12-07 21:20:12.590 [main] INFO  cn.edu.xmu.goods.dao.GoodsDao - spuId273已修改
2020-12-07 21:21:38.191 [main] DEBUG cn.edu.xmu.goods.controller.GoodsController - token: eyJ0eXAiOiJKV1QiLCJhbGciOiJIUzI1NiJ9.eyJzdWIiOiJ0aGlzIGlzIGEgdG9rZW4iLCJhdWQiOiJNSU5JQVBQIiwidG9rZW5JZCI6IjIwMjAxMjA3MjEyMTM4MFlKIiwiaXNzIjoiT09BRCIsImRlcGFydElkIjowLCJleHAiOjE2MDczNDczOTgsInVzZXJJZCI6MSwiaWF0IjoxNjA3MzQ3Mjk4fQ.Nb2gynzqsmKcaXcjYOv4ivYCm26M1A2Cnc929ZYhIyY
2020-12-07 21:21:38.515 [main] DEBUG cn.edu.xmu.ooad.annotation.AuditAspect - around: begin joinPoint = execution(Object cn.edu.xmu.goods.controller.GoodsController.modifyGoodsSpu(Long,Long,SpuInputVo,BindingResult))
2020-12-07 21:21:38.574 [main] DEBUG cn.edu.xmu.ooad.annotation.AuditAspect - getPathInfo = /goods/shops/0/spus/273
2020-12-07 21:21:38.588 [main] DEBUG cn.edu.xmu.ooad.annotation.AuditAspect - around: userId =1 departId=0
2020-12-07 21:21:38.614 [main] DEBUG cn.edu.xmu.goods.controller.GoodsController - modifyGoodsSpu : shopId = 0 spuId = 273 vo = SpuInputVo(ShopId=null, name=123, description=123, specs=123)
2020-12-07 21:23:06.159 [main] DEBUG cn.edu.xmu.goods.controller.GoodsController - token: eyJ0eXAiOiJKV1QiLCJhbGciOiJIUzI1NiJ9.eyJzdWIiOiJ0aGlzIGlzIGEgdG9rZW4iLCJhdWQiOiJNSU5JQVBQIiwidG9rZW5JZCI6IjIwMjAxMjA3MjEyMzA2MTEwIiwiaXNzIjoiT09BRCIsImRlcGFydElkIjowLCJleHAiOjE2MDczNDc0ODYsInVzZXJJZCI6MSwiaWF0IjoxNjA3MzQ3Mzg2fQ.wjwbC2lqak8qb9eN7UeKDIFIk3I121oSgTNZP2lk0HY
2020-12-07 21:23:06.442 [main] DEBUG cn.edu.xmu.ooad.annotation.AuditAspect - around: begin joinPoint = execution(Object cn.edu.xmu.goods.controller.GoodsController.modifyGoodsSpu(Long,Long,SpuInputVo,BindingResult))
2020-12-07 21:23:06.471 [main] DEBUG cn.edu.xmu.ooad.annotation.AuditAspect - getPathInfo = /goods/shops/0/spus/273
2020-12-07 21:23:06.479 [main] DEBUG cn.edu.xmu.ooad.annotation.AuditAspect - around: userId =1 departId=0
2020-12-07 21:23:06.493 [main] DEBUG cn.edu.xmu.goods.controller.GoodsController - modifyGoodsSpu : shopId = 0 spuId = 273 vo = SpuInputVo(ShopId=null, name=123, description=123, specs=123)
2020-12-07 21:32:02.168 [main] DEBUG cn.edu.xmu.goods.controller.GoodsController - token: eyJ0eXAiOiJKV1QiLCJhbGciOiJIUzI1NiJ9.eyJzdWIiOiJ0aGlzIGlzIGEgdG9rZW4iLCJhdWQiOiJNSU5JQVBQIiwidG9rZW5JZCI6IjIwMjAxMjA3MjEzMjAyMFVOIiwiaXNzIjoiT09BRCIsImRlcGFydElkIjowLCJleHAiOjE2MDczNDgwMjIsInVzZXJJZCI6MSwiaWF0IjoxNjA3MzQ3OTIyfQ.FCyv1Zv4omET6fROVAkEn22mcsTRl2xQcVsYmZOb-ws
2020-12-07 21:32:02.330 [main] DEBUG cn.edu.xmu.ooad.annotation.AuditAspect - around: begin joinPoint = execution(Object cn.edu.xmu.goods.controller.GoodsController.deleteGoodsSpu(Long,Long))
2020-12-07 21:32:02.434 [main] DEBUG cn.edu.xmu.ooad.annotation.AuditAspect - getPathInfo = /goods/shops/0/spus/273
2020-12-07 21:32:02.444 [main] DEBUG cn.edu.xmu.ooad.annotation.AuditAspect - around: userId =1 departId=0
2020-12-07 21:32:02.469 [main] DEBUG cn.edu.xmu.goods.controller.GoodsController - deleteGoodsSpu : shopId = 0 spuId = 273
2020-12-07 21:34:06.397 [main] DEBUG cn.edu.xmu.goods.controller.GoodsController - token: eyJ0eXAiOiJKV1QiLCJhbGciOiJIUzI1NiJ9.eyJzdWIiOiJ0aGlzIGlzIGEgdG9rZW4iLCJhdWQiOiJNSU5JQVBQIiwidG9rZW5JZCI6IjIwMjAxMjA3MjEzNDA2M0JMIiwiaXNzIjoiT09BRCIsImRlcGFydElkIjowLCJleHAiOjE2MDczNDgxNDYsInVzZXJJZCI6MSwiaWF0IjoxNjA3MzQ4MDQ2fQ.LvRpWKsliZJqj2xZxQjZ3v5QbpgMSNJ1crCtvP2NSqg
2020-12-07 21:34:06.590 [main] DEBUG cn.edu.xmu.ooad.annotation.AuditAspect - around: begin joinPoint = execution(Object cn.edu.xmu.goods.controller.GoodsController.deleteGoodsSku(Long,Long))
2020-12-07 21:34:06.652 [main] DEBUG cn.edu.xmu.ooad.annotation.AuditAspect - getPathInfo = /goods/shops/0/skus/273
2020-12-07 21:34:06.661 [main] DEBUG cn.edu.xmu.ooad.annotation.AuditAspect - around: userId =1 departId=0
2020-12-07 21:34:06.683 [main] DEBUG cn.edu.xmu.goods.controller.GoodsController - deleteGoodsSku : shopId = 0 skuId = 273
2020-12-07 21:34:06.790 [main] INFO  cn.edu.xmu.goods.dao.GoodsDao - skuId = 273已删除
2020-12-07 21:34:45.166 [main] DEBUG cn.edu.xmu.goods.controller.GoodsController - token: eyJ0eXAiOiJKV1QiLCJhbGciOiJIUzI1NiJ9.eyJzdWIiOiJ0aGlzIGlzIGEgdG9rZW4iLCJhdWQiOiJNSU5JQVBQIiwidG9rZW5JZCI6IjIwMjAxMjA3MjEzNDQ1MVo3IiwiaXNzIjoiT09BRCIsImRlcGFydElkIjowLCJleHAiOjE2MDczNDgxODUsInVzZXJJZCI6MSwiaWF0IjoxNjA3MzQ4MDg1fQ.UbwXSeEfsHQxnh35u0KhuSU-f01ySQdzrE38nWNl1LA
2020-12-07 21:34:45.346 [main] DEBUG cn.edu.xmu.ooad.annotation.AuditAspect - around: begin joinPoint = execution(Object cn.edu.xmu.goods.controller.GoodsController.deleteGoodsSku(Long,Long))
2020-12-07 21:34:45.391 [main] DEBUG cn.edu.xmu.ooad.annotation.AuditAspect - getPathInfo = /goods/shops/1/skus/273
2020-12-07 21:34:45.400 [main] DEBUG cn.edu.xmu.ooad.annotation.AuditAspect - around: userId =1 departId=0
2020-12-07 21:34:45.419 [main] DEBUG cn.edu.xmu.goods.controller.GoodsController - deleteGoodsSku : shopId = 1 skuId = 273
2020-12-07 21:35:29.193 [main] DEBUG cn.edu.xmu.goods.controller.GoodsController - token: eyJ0eXAiOiJKV1QiLCJhbGciOiJIUzI1NiJ9.eyJzdWIiOiJ0aGlzIGlzIGEgdG9rZW4iLCJhdWQiOiJNSU5JQVBQIiwidG9rZW5JZCI6IjIwMjAxMjA3MjEzNTI5MU5BIiwiaXNzIjoiT09BRCIsImRlcGFydElkIjoxLCJleHAiOjE2MDczNDgyMjksInVzZXJJZCI6MSwiaWF0IjoxNjA3MzQ4MTI5fQ.8edX38RAYrWHG_W4W7Po0hBJEoRzICXOlI5tzWAajRU
2020-12-07 21:35:29.400 [main] DEBUG cn.edu.xmu.ooad.annotation.AuditAspect - around: begin joinPoint = execution(Object cn.edu.xmu.goods.controller.GoodsController.deleteGoodsSku(Long,Long))
2020-12-07 21:35:29.454 [main] DEBUG cn.edu.xmu.ooad.annotation.AuditAspect - getPathInfo = /goods/shops/1/skus/273
2020-12-07 21:35:29.455 [main] DEBUG cn.edu.xmu.ooad.annotation.AuditAspect - did =1
2020-12-07 21:35:29.456 [main] DEBUG cn.edu.xmu.ooad.annotation.AuditAspect - success match Id!
2020-12-07 21:35:29.464 [main] DEBUG cn.edu.xmu.ooad.annotation.AuditAspect - around: userId =1 departId=1
2020-12-07 21:35:29.481 [main] DEBUG cn.edu.xmu.goods.controller.GoodsController - deleteGoodsSku : shopId = 1 skuId = 273
2020-12-07 21:36:12.077 [main] DEBUG cn.edu.xmu.goods.controller.GoodsController - token: eyJ0eXAiOiJKV1QiLCJhbGciOiJIUzI1NiJ9.eyJzdWIiOiJ0aGlzIGlzIGEgdG9rZW4iLCJhdWQiOiJNSU5JQVBQIiwidG9rZW5JZCI6IjIwMjAxMjA3MjEzNjEyMEdWIiwiaXNzIjoiT09BRCIsImRlcGFydElkIjowLCJleHAiOjE2MDczNDgyNzIsInVzZXJJZCI6MSwiaWF0IjoxNjA3MzQ4MTcyfQ.EFczWU_HMZE3uzpVy_0k8yy1U_sJlZISTJQs_oqfBwM
2020-12-07 21:36:12.254 [main] DEBUG cn.edu.xmu.ooad.annotation.AuditAspect - around: begin joinPoint = execution(Object cn.edu.xmu.goods.controller.GoodsController.deleteGoodsSku(Long,Long))
2020-12-07 21:36:12.298 [main] DEBUG cn.edu.xmu.ooad.annotation.AuditAspect - getPathInfo = /goods/shops/1/skus/273
2020-12-07 21:36:12.307 [main] DEBUG cn.edu.xmu.ooad.annotation.AuditAspect - around: userId =1 departId=0
2020-12-07 21:36:12.327 [main] DEBUG cn.edu.xmu.goods.controller.GoodsController - deleteGoodsSku : shopId = 1 skuId = 273
2020-12-07 21:37:02.107 [main] DEBUG cn.edu.xmu.goods.controller.GoodsController - token: eyJ0eXAiOiJKV1QiLCJhbGciOiJIUzI1NiJ9.eyJzdWIiOiJ0aGlzIGlzIGEgdG9rZW4iLCJhdWQiOiJNSU5JQVBQIiwidG9rZW5JZCI6IjIwMjAxMjA3MjEzNzAyMEJQIiwiaXNzIjoiT09BRCIsImRlcGFydElkIjowLCJleHAiOjE2MDczNDgzMjIsInVzZXJJZCI6MSwiaWF0IjoxNjA3MzQ4MjIyfQ.RRonLLDWnVjtGwS8VsRyYiB6BoKnCZzxFFQkfi-gjuQ
2020-12-07 21:37:02.303 [main] DEBUG cn.edu.xmu.ooad.annotation.AuditAspect - around: begin joinPoint = execution(Object cn.edu.xmu.goods.controller.GoodsController.deleteGoodsSku(Long,Long))
2020-12-07 21:37:02.365 [main] DEBUG cn.edu.xmu.ooad.annotation.AuditAspect - getPathInfo = /goods/shops/1/skus/272
2020-12-07 21:37:02.376 [main] DEBUG cn.edu.xmu.ooad.annotation.AuditAspect - around: userId =1 departId=0
2020-12-07 21:37:02.422 [main] DEBUG cn.edu.xmu.goods.controller.GoodsController - deleteGoodsSku : shopId = 1 skuId = 272
2020-12-07 21:38:41.762 [main] DEBUG cn.edu.xmu.goods.controller.GoodsController - token: eyJ0eXAiOiJKV1QiLCJhbGciOiJIUzI1NiJ9.eyJzdWIiOiJ0aGlzIGlzIGEgdG9rZW4iLCJhdWQiOiJNSU5JQVBQIiwidG9rZW5JZCI6IjIwMjAxMjA3MjEzODQxNzZFIiwiaXNzIjoiT09BRCIsImRlcGFydElkIjowLCJleHAiOjE2MDczNDg0MjEsInVzZXJJZCI6MSwiaWF0IjoxNjA3MzQ4MzIxfQ.2fkT3nhKLCbYGTjKjSaQPnSRBnE5zAVz92sp4nuX7J0
2020-12-07 21:38:41.953 [main] DEBUG cn.edu.xmu.ooad.annotation.AuditAspect - around: begin joinPoint = execution(Object cn.edu.xmu.goods.controller.GoodsController.deleteGoodsSku(Long,Long))
2020-12-07 21:38:42.019 [main] DEBUG cn.edu.xmu.ooad.annotation.AuditAspect - getPathInfo = /goods/shops/0/skus/272
2020-12-07 21:38:42.028 [main] DEBUG cn.edu.xmu.ooad.annotation.AuditAspect - around: userId =1 departId=0
2020-12-07 21:38:42.049 [main] DEBUG cn.edu.xmu.goods.controller.GoodsController - deleteGoodsSku : shopId = 0 skuId = 272
2020-12-07 21:39:32.926 [main] DEBUG cn.edu.xmu.goods.controller.GoodsController - token: eyJ0eXAiOiJKV1QiLCJhbGciOiJIUzI1NiJ9.eyJzdWIiOiJ0aGlzIGlzIGEgdG9rZW4iLCJhdWQiOiJNSU5JQVBQIiwidG9rZW5JZCI6IjIwMjAxMjA3MjEzOTMyOFdXIiwiaXNzIjoiT09BRCIsImRlcGFydElkIjowLCJleHAiOjE2MDczNDg0NzIsInVzZXJJZCI6MSwiaWF0IjoxNjA3MzQ4MzcyfQ.qIO9TGz2PxuVCrI4EiDSJvgDPOvQCUk6L9sYu7Rv6po
2020-12-07 21:39:33.137 [main] DEBUG cn.edu.xmu.ooad.annotation.AuditAspect - around: begin joinPoint = execution(Object cn.edu.xmu.goods.controller.GoodsController.deleteGoodsSku(Long,Long))
2020-12-07 21:39:33.186 [main] DEBUG cn.edu.xmu.ooad.annotation.AuditAspect - getPathInfo = /goods/shops/0/skus/273
2020-12-07 21:39:33.194 [main] DEBUG cn.edu.xmu.ooad.annotation.AuditAspect - around: userId =1 departId=0
2020-12-07 21:39:33.214 [main] DEBUG cn.edu.xmu.goods.controller.GoodsController - deleteGoodsSku : shopId = 0 skuId = 273
2020-12-07 21:39:33.311 [main] INFO  cn.edu.xmu.goods.dao.GoodsDao - skuId = 273已删除
2020-12-07 21:43:24.424 [main] DEBUG cn.edu.xmu.goods.controller.GoodsController - token: eyJ0eXAiOiJKV1QiLCJhbGciOiJIUzI1NiJ9.eyJzdWIiOiJ0aGlzIGlzIGEgdG9rZW4iLCJhdWQiOiJNSU5JQVBQIiwidG9rZW5JZCI6IjIwMjAxMjA3MjE0MzI0M0g3IiwiaXNzIjoiT09BRCIsImRlcGFydElkIjowLCJleHAiOjE2MDczNDg3MDQsInVzZXJJZCI6MSwiaWF0IjoxNjA3MzQ4NjA0fQ.uzOUQ0Elron64aMxP4kwGeyj6WkxYZiHg6P3USXNHyU
2020-12-07 21:43:24.851 [main] DEBUG cn.edu.xmu.ooad.annotation.AuditAspect - around: begin joinPoint = execution(Object cn.edu.xmu.goods.controller.GoodsController.deleteGoodsSku(Long,Long))
2020-12-07 21:43:24.979 [main] DEBUG cn.edu.xmu.ooad.annotation.AuditAspect - getPathInfo = /goods/shops/0/skus/272
2020-12-07 21:43:24.992 [main] DEBUG cn.edu.xmu.ooad.annotation.AuditAspect - around: userId =1 departId=0
2020-12-07 21:43:25.026 [main] DEBUG cn.edu.xmu.goods.controller.GoodsController - deleteGoodsSku : shopId = 0 skuId = 272
2020-12-07 21:44:14.214 [main] DEBUG cn.edu.xmu.goods.controller.GoodsController - token: eyJ0eXAiOiJKV1QiLCJhbGciOiJIUzI1NiJ9.eyJzdWIiOiJ0aGlzIGlzIGEgdG9rZW4iLCJhdWQiOiJNSU5JQVBQIiwidG9rZW5JZCI6IjIwMjAxMjA3MjE0NDE0MVM4IiwiaXNzIjoiT09BRCIsImRlcGFydElkIjowLCJleHAiOjE2MDczNDg3NTQsInVzZXJJZCI6MSwiaWF0IjoxNjA3MzQ4NjU0fQ.ZgmrQ91Mda23EbEyNEAEJoRXDUMHcXclHuOIrJz4gU8
2020-12-07 21:44:14.450 [main] DEBUG cn.edu.xmu.ooad.annotation.AuditAspect - around: begin joinPoint = execution(Object cn.edu.xmu.goods.controller.GoodsController.deleteGoodsSku(Long,Long))
2020-12-07 21:44:14.517 [main] DEBUG cn.edu.xmu.ooad.annotation.AuditAspect - getPathInfo = /goods/shops/0/skus/272
2020-12-07 21:44:14.528 [main] DEBUG cn.edu.xmu.ooad.annotation.AuditAspect - around: userId =1 departId=0
2020-12-07 21:44:14.555 [main] DEBUG cn.edu.xmu.goods.controller.GoodsController - deleteGoodsSku : shopId = 0 skuId = 272
2020-12-07 21:44:44.290 [main] DEBUG cn.edu.xmu.goods.controller.GoodsController - token: eyJ0eXAiOiJKV1QiLCJhbGciOiJIUzI1NiJ9.eyJzdWIiOiJ0aGlzIGlzIGEgdG9rZW4iLCJhdWQiOiJNSU5JQVBQIiwidG9rZW5JZCI6IjIwMjAxMjA3MjE0NDQ0MkFNIiwiaXNzIjoiT09BRCIsImRlcGFydElkIjowLCJleHAiOjE2MDczNDg3ODQsInVzZXJJZCI6MSwiaWF0IjoxNjA3MzQ4Njg0fQ.7Ryr30TlvA7cBRLr8YAfgAFU5urKITh5KDU0mgNhICQ
2020-12-07 21:44:44.532 [main] DEBUG cn.edu.xmu.ooad.annotation.AuditAspect - around: begin joinPoint = execution(Object cn.edu.xmu.goods.controller.GoodsController.deleteGoodsSku(Long,Long))
2020-12-07 21:44:44.589 [main] DEBUG cn.edu.xmu.ooad.annotation.AuditAspect - getPathInfo = /goods/shops/0/skus/272
2020-12-07 21:44:44.596 [main] DEBUG cn.edu.xmu.ooad.annotation.AuditAspect - around: userId =1 departId=0
2020-12-07 21:44:44.613 [main] DEBUG cn.edu.xmu.goods.controller.GoodsController - deleteGoodsSku : shopId = 0 skuId = 272
2020-12-07 23:40:53.842 [main] DEBUG cn.edu.xmu.goods.controller.GoodsController - token: eyJ0eXAiOiJKV1QiLCJhbGciOiJIUzI1NiJ9.eyJzdWIiOiJ0aGlzIGlzIGEgdG9rZW4iLCJhdWQiOiJNSU5JQVBQIiwidG9rZW5JZCI6IjIwMjAxMjA3MjM0MDUzOFZQIiwiaXNzIjoiT09BRCIsImRlcGFydElkIjoxLCJleHAiOjE2MDczNTU3NTMsInVzZXJJZCI6MSwiaWF0IjoxNjA3MzU1NjUzfQ.LYx50KmvlN6gIiH3ljTItcTWMVRLcaT6oYJCQGW4Qu8
2020-12-07 23:40:54.012 [main] DEBUG cn.edu.xmu.ooad.annotation.AuditAspect - around: begin joinPoint = execution(Object cn.edu.xmu.goods.controller.GoodsController.modifySku(Long,Long,SkuInputVo,BindingResult))
2020-12-07 23:40:54.032 [main] DEBUG cn.edu.xmu.ooad.annotation.AuditAspect - getPathInfo = /goods/shops/1/skus/273
2020-12-07 23:40:54.033 [main] DEBUG cn.edu.xmu.ooad.annotation.AuditAspect - did =1
2020-12-07 23:40:54.033 [main] DEBUG cn.edu.xmu.ooad.annotation.AuditAspect - success match Id!
2020-12-07 23:40:54.038 [main] DEBUG cn.edu.xmu.ooad.annotation.AuditAspect - around: userId =1 departId=1
2020-12-07 23:40:54.049 [main] DEBUG cn.edu.xmu.goods.controller.GoodsController - modifyGoodsSku : shopId = 1 skuId = 273 vo = SkuInputVo(name=123, originalPrice=123, configuration=123, weight=123, inventory=123, detail=123)
2020-12-07 23:41:49.331 [main] DEBUG cn.edu.xmu.goods.controller.GoodsController - token: eyJ0eXAiOiJKV1QiLCJhbGciOiJIUzI1NiJ9.eyJzdWIiOiJ0aGlzIGlzIGEgdG9rZW4iLCJhdWQiOiJNSU5JQVBQIiwidG9rZW5JZCI6IjIwMjAxMjA3MjM0MTQ5MlJNIiwiaXNzIjoiT09BRCIsImRlcGFydElkIjowLCJleHAiOjE2MDczNTU4MDksInVzZXJJZCI6MSwiaWF0IjoxNjA3MzU1NzA5fQ.hFbWIW35_uqi312MSLwWhMSduYxL-kuRr6lysQw4VhI
2020-12-07 23:41:49.522 [main] DEBUG cn.edu.xmu.ooad.annotation.AuditAspect - around: begin joinPoint = execution(Object cn.edu.xmu.goods.controller.GoodsController.modifySku(Long,Long,SkuInputVo,BindingResult))
2020-12-07 23:41:49.543 [main] DEBUG cn.edu.xmu.ooad.annotation.AuditAspect - getPathInfo = /goods/shops/1/skus/273
2020-12-07 23:41:49.548 [main] DEBUG cn.edu.xmu.ooad.annotation.AuditAspect - around: userId =1 departId=0
2020-12-07 23:41:49.560 [main] DEBUG cn.edu.xmu.goods.controller.GoodsController - modifyGoodsSku : shopId = 1 skuId = 273 vo = SkuInputVo(name=123, originalPrice=123, configuration=123, weight=123, inventory=123, detail=123)
2020-12-07 23:43:27.786 [main] DEBUG cn.edu.xmu.goods.controller.GoodsController - token: eyJ0eXAiOiJKV1QiLCJhbGciOiJIUzI1NiJ9.eyJzdWIiOiJ0aGlzIGlzIGEgdG9rZW4iLCJhdWQiOiJNSU5JQVBQIiwidG9rZW5JZCI6IjIwMjAxMjA3MjM0MzI3N0ZYIiwiaXNzIjoiT09BRCIsImRlcGFydElkIjowLCJleHAiOjE2MDczNTU5MDcsInVzZXJJZCI6MSwiaWF0IjoxNjA3MzU1ODA3fQ.el9_2r9u6A7C-gjqPzNURnc9d9a58AJMVbBC8uFqr5g
2020-12-07 23:43:27.949 [main] DEBUG cn.edu.xmu.ooad.annotation.AuditAspect - around: begin joinPoint = execution(Object cn.edu.xmu.goods.controller.GoodsController.modifySku(Long,Long,SkuInputVo,BindingResult))
2020-12-07 23:43:27.975 [main] DEBUG cn.edu.xmu.ooad.annotation.AuditAspect - getPathInfo = /goods/shops/0/skus/273
2020-12-07 23:43:27.980 [main] DEBUG cn.edu.xmu.ooad.annotation.AuditAspect - around: userId =1 departId=0
2020-12-07 23:43:27.994 [main] DEBUG cn.edu.xmu.goods.controller.GoodsController - modifyGoodsSku : shopId = 0 skuId = 273 vo = SkuInputVo(name=123, originalPrice=123, configuration=123, weight=123, inventory=123, detail=123)
2020-12-07 23:43:28.136 [main] INFO  cn.edu.xmu.goods.dao.GoodsDao - skuId = 273 的信息已更新
2020-12-07 23:43:52.532 [main] DEBUG cn.edu.xmu.goods.controller.GoodsController - token: eyJ0eXAiOiJKV1QiLCJhbGciOiJIUzI1NiJ9.eyJzdWIiOiJ0aGlzIGlzIGEgdG9rZW4iLCJhdWQiOiJNSU5JQVBQIiwidG9rZW5JZCI6IjIwMjAxMjA3MjM0MzUyNEUzIiwiaXNzIjoiT09BRCIsImRlcGFydElkIjoxLCJleHAiOjE2MDczNTU5MzIsInVzZXJJZCI6MSwiaWF0IjoxNjA3MzU1ODMyfQ.FXucdKtmR3Bfopva9ThNKpqPC5sqLbF23XQ94B0wyls
2020-12-07 23:43:52.756 [main] DEBUG cn.edu.xmu.ooad.annotation.AuditAspect - around: begin joinPoint = execution(Object cn.edu.xmu.goods.controller.GoodsController.modifySku(Long,Long,SkuInputVo,BindingResult))
2020-12-07 23:43:52.787 [main] DEBUG cn.edu.xmu.ooad.annotation.AuditAspect - getPathInfo = /goods/shops/0/skus/273
2020-12-07 23:43:52.787 [main] DEBUG cn.edu.xmu.ooad.annotation.AuditAspect - did =0
2020-12-07 23:44:15.848 [main] DEBUG cn.edu.xmu.goods.controller.GoodsController - token: eyJ0eXAiOiJKV1QiLCJhbGciOiJIUzI1NiJ9.eyJzdWIiOiJ0aGlzIGlzIGEgdG9rZW4iLCJhdWQiOiJNSU5JQVBQIiwidG9rZW5JZCI6IjIwMjAxMjA3MjM0NDE1ODJWIiwiaXNzIjoiT09BRCIsImRlcGFydElkIjoxLCJleHAiOjE2MDczNTU5NTUsInVzZXJJZCI6MSwiaWF0IjoxNjA3MzU1ODU1fQ.himm1kRwLG4gf4qqlaQlHAjDGKbLEKL_RhOwTQuMt0c
2020-12-07 23:44:16.028 [main] DEBUG cn.edu.xmu.ooad.annotation.AuditAspect - around: begin joinPoint = execution(Object cn.edu.xmu.goods.controller.GoodsController.modifySku(Long,Long,SkuInputVo,BindingResult))
2020-12-07 23:44:16.058 [main] DEBUG cn.edu.xmu.ooad.annotation.AuditAspect - getPathInfo = /goods/shops/1/skus/273
2020-12-07 23:44:16.059 [main] DEBUG cn.edu.xmu.ooad.annotation.AuditAspect - did =1
2020-12-07 23:44:16.059 [main] DEBUG cn.edu.xmu.ooad.annotation.AuditAspect - success match Id!
2020-12-07 23:44:16.066 [main] DEBUG cn.edu.xmu.ooad.annotation.AuditAspect - around: userId =1 departId=1
2020-12-07 23:44:16.081 [main] DEBUG cn.edu.xmu.goods.controller.GoodsController - modifyGoodsSku : shopId = 1 skuId = 273 vo = SkuInputVo(name=123, originalPrice=123, configuration=123, weight=123, inventory=123, detail=123)
2020-12-07 23:44:45.169 [main] DEBUG cn.edu.xmu.goods.controller.GoodsController - token: eyJ0eXAiOiJKV1QiLCJhbGciOiJIUzI1NiJ9.eyJzdWIiOiJ0aGlzIGlzIGEgdG9rZW4iLCJhdWQiOiJNSU5JQVBQIiwidG9rZW5JZCI6IjIwMjAxMjA3MjM0NDQ1MUZTIiwiaXNzIjoiT09BRCIsImRlcGFydElkIjowLCJleHAiOjE2MDczNTU5ODUsInVzZXJJZCI6MSwiaWF0IjoxNjA3MzU1ODg1fQ.Dix25MkLMl-GjXpELNc1uyhmRBOdwnKjB156eLn1F4k
2020-12-07 23:44:45.368 [main] DEBUG cn.edu.xmu.ooad.annotation.AuditAspect - around: begin joinPoint = execution(Object cn.edu.xmu.goods.controller.GoodsController.modifySku(Long,Long,SkuInputVo,BindingResult))
2020-12-07 23:44:45.397 [main] DEBUG cn.edu.xmu.ooad.annotation.AuditAspect - getPathInfo = /goods/shops/1/skus/272
2020-12-07 23:44:45.403 [main] DEBUG cn.edu.xmu.ooad.annotation.AuditAspect - around: userId =1 departId=0
2020-12-07 23:44:45.416 [main] DEBUG cn.edu.xmu.goods.controller.GoodsController - modifyGoodsSku : shopId = 1 skuId = 272 vo = SkuInputVo(name=123, originalPrice=123, configuration=123, weight=123, inventory=123, detail=123)
2020-12-07 23:44:45.498 [main] INFO  cn.edu.xmu.goods.dao.GoodsDao - skuId = 272 不存在
2020-12-07 23:46:11.037 [main] DEBUG cn.edu.xmu.ooad.annotation.AuditAspect - around: begin joinPoint = execution(Object cn.edu.xmu.goods.controller.GoodsController.modifyBrand(Long,Long,BrandInputVo,BindingResult))
2020-12-07 23:47:03.893 [main] DEBUG cn.edu.xmu.goods.controller.GoodsController - token: eyJ0eXAiOiJKV1QiLCJhbGciOiJIUzI1NiJ9.eyJzdWIiOiJ0aGlzIGlzIGEgdG9rZW4iLCJhdWQiOiJNSU5JQVBQIiwidG9rZW5JZCI6IjIwMjAxMjA3MjM0NzAzOE9ZIiwiaXNzIjoiT09BRCIsImRlcGFydElkIjowLCJleHAiOjE2MDczNTYxMjMsInVzZXJJZCI6MSwiaWF0IjoxNjA3MzU2MDIzfQ._zrHUh_7GSfmopdt8KzYZERCZYzYYWzGIuDZ0Xk76Yk
2020-12-07 23:47:04.213 [main] DEBUG cn.edu.xmu.ooad.annotation.AuditAspect - around: begin joinPoint = execution(Object cn.edu.xmu.goods.controller.GoodsController.modifyBrand(Long,Long,BrandInputVo,BindingResult))
2020-12-07 23:47:04.248 [main] DEBUG cn.edu.xmu.ooad.annotation.AuditAspect - getPathInfo = /goods/shops/0/brands/71
2020-12-07 23:47:04.254 [main] DEBUG cn.edu.xmu.ooad.annotation.AuditAspect - around: userId =1 departId=0
2020-12-07 23:47:04.272 [main] DEBUG cn.edu.xmu.goods.controller.GoodsController - modifyBrand : shopId = 0 brandId = 71 vo = BrandInputVo(name=123, detail=123)
2020-12-07 23:47:04.332 [main] INFO  cn.edu.xmu.goods.dao.GoodsDao - brandId = 71 的信息已更新
2020-12-07 23:47:42.666 [main] DEBUG cn.edu.xmu.goods.controller.GoodsController - token: eyJ0eXAiOiJKV1QiLCJhbGciOiJIUzI1NiJ9.eyJzdWIiOiJ0aGlzIGlzIGEgdG9rZW4iLCJhdWQiOiJNSU5JQVBQIiwidG9rZW5JZCI6IjIwMjAxMjA3MjM0NzQyNjNPIiwiaXNzIjoiT09BRCIsImRlcGFydElkIjowLCJleHAiOjE2MDczNTYxNjIsInVzZXJJZCI6MSwiaWF0IjoxNjA3MzU2MDYyfQ.7FjW1QHRpK7Fx0sHmwfLXDlSeZ6ebacWRYg_Clq_KUk
2020-12-07 23:47:42.905 [main] DEBUG cn.edu.xmu.ooad.annotation.AuditAspect - around: begin joinPoint = execution(Object cn.edu.xmu.goods.controller.GoodsController.modifyBrand(Long,Long,BrandInputVo,BindingResult))
2020-12-07 23:47:42.930 [main] DEBUG cn.edu.xmu.ooad.annotation.AuditAspect - getPathInfo = /goods/shops/1/brands/71
2020-12-07 23:47:42.937 [main] DEBUG cn.edu.xmu.ooad.annotation.AuditAspect - around: userId =1 departId=0
2020-12-07 23:47:42.951 [main] DEBUG cn.edu.xmu.goods.controller.GoodsController - modifyBrand : shopId = 1 brandId = 71 vo = BrandInputVo(name=123, detail=123)
2020-12-07 23:48:13.225 [main] DEBUG cn.edu.xmu.goods.controller.GoodsController - token: eyJ0eXAiOiJKV1QiLCJhbGciOiJIUzI1NiJ9.eyJzdWIiOiJ0aGlzIGlzIGEgdG9rZW4iLCJhdWQiOiJNSU5JQVBQIiwidG9rZW5JZCI6IjIwMjAxMjA3MjM0ODEzMTE0IiwiaXNzIjoiT09BRCIsImRlcGFydElkIjoxLCJleHAiOjE2MDczNTYxOTMsInVzZXJJZCI6MSwiaWF0IjoxNjA3MzU2MDkzfQ.Migexs2Sa6kyjaMrNVoLPD6GKlWV4mKFe7hTgvETWPg
2020-12-07 23:48:13.520 [main] DEBUG cn.edu.xmu.ooad.annotation.AuditAspect - around: begin joinPoint = execution(Object cn.edu.xmu.goods.controller.GoodsController.modifyBrand(Long,Long,BrandInputVo,BindingResult))
2020-12-07 23:48:13.567 [main] DEBUG cn.edu.xmu.ooad.annotation.AuditAspect - getPathInfo = /goods/shops/1/brands/71
2020-12-07 23:48:13.567 [main] DEBUG cn.edu.xmu.ooad.annotation.AuditAspect - did =1
2020-12-07 23:48:13.568 [main] DEBUG cn.edu.xmu.ooad.annotation.AuditAspect - success match Id!
2020-12-07 23:48:13.574 [main] DEBUG cn.edu.xmu.ooad.annotation.AuditAspect - around: userId =1 departId=1
2020-12-07 23:48:13.599 [main] DEBUG cn.edu.xmu.goods.controller.GoodsController - modifyBrand : shopId = 1 brandId = 71 vo = BrandInputVo(name=123, detail=123)
2020-12-07 23:48:52.764 [main] DEBUG cn.edu.xmu.goods.controller.GoodsController - token: eyJ0eXAiOiJKV1QiLCJhbGciOiJIUzI1NiJ9.eyJzdWIiOiJ0aGlzIGlzIGEgdG9rZW4iLCJhdWQiOiJNSU5JQVBQIiwidG9rZW5JZCI6IjIwMjAxMjA3MjM0ODUyN1ZRIiwiaXNzIjoiT09BRCIsImRlcGFydElkIjoxLCJleHAiOjE2MDczNTYyMzIsInVzZXJJZCI6MSwiaWF0IjoxNjA3MzU2MTMyfQ._xY0A3sF6cBAmkjo7mQMdLw8T334Gty-gDWosyOqs_4
2020-12-07 23:48:53.020 [main] DEBUG cn.edu.xmu.ooad.annotation.AuditAspect - around: begin joinPoint = execution(Object cn.edu.xmu.goods.controller.GoodsController.modifyBrand(Long,Long,BrandInputVo,BindingResult))
2020-12-07 23:48:53.047 [main] DEBUG cn.edu.xmu.ooad.annotation.AuditAspect - getPathInfo = /goods/shops/0/brands/71
2020-12-07 23:48:53.047 [main] DEBUG cn.edu.xmu.ooad.annotation.AuditAspect - did =0
2020-12-07 23:51:34.498 [main] DEBUG cn.edu.xmu.ooad.annotation.AuditAspect - around: begin joinPoint = execution(Object cn.edu.xmu.goods.controller.GoodsController.putOffGoodsOnSales(Long,Long))
2020-12-07 23:51:34.637 [main] DEBUG cn.edu.xmu.ooad.annotation.AuditAspect - around: begin joinPoint = execution(Object cn.edu.xmu.goods.controller.GoodsController.putGoodsOnSales(Long,Long))
2020-12-07 23:53:04.571 [main] DEBUG cn.edu.xmu.goods.controller.GoodsController - token: eyJ0eXAiOiJKV1QiLCJhbGciOiJIUzI1NiJ9.eyJzdWIiOiJ0aGlzIGlzIGEgdG9rZW4iLCJhdWQiOiJNSU5JQVBQIiwidG9rZW5JZCI6IjIwMjAxMjA3MjM1MzA0NVRPIiwiaXNzIjoiT09BRCIsImRlcGFydElkIjowLCJleHAiOjE2MDczNTY0ODQsInVzZXJJZCI6MSwiaWF0IjoxNjA3MzU2Mzg0fQ.mefCKv2iUDUb7vuBS3yx5vv0XwOfEaDftY0r2TtuMyg
2020-12-07 23:53:04.637 [main] DEBUG cn.edu.xmu.ooad.annotation.AuditAspect - around: begin joinPoint = execution(Object cn.edu.xmu.goods.controller.GoodsController.putOffGoodsOnSales(Long,Long))
2020-12-07 23:53:04.671 [main] DEBUG cn.edu.xmu.ooad.annotation.AuditAspect - getPathInfo = /goods/shops/0/skus/273/offshelves
2020-12-07 23:53:04.676 [main] DEBUG cn.edu.xmu.ooad.annotation.AuditAspect - around: userId =1 departId=0
2020-12-07 23:53:04.692 [main] DEBUG cn.edu.xmu.goods.controller.GoodsController - putGoodsOnSales : shopId = 0 skuId = 273
2020-12-07 23:53:04.822 [main] INFO  cn.edu.xmu.goods.dao.GoodsDao - skuId = 273已下架
2020-12-07 23:53:04.849 [main] DEBUG cn.edu.xmu.ooad.annotation.AuditAspect - around: begin joinPoint = execution(Object cn.edu.xmu.goods.controller.GoodsController.putGoodsOnSales(Long,Long))
2020-12-07 23:53:04.850 [main] DEBUG cn.edu.xmu.ooad.annotation.AuditAspect - getPathInfo = /goods/shops/0/skus/273/onshelves
2020-12-07 23:53:04.850 [main] DEBUG cn.edu.xmu.ooad.annotation.AuditAspect - around: userId =1 departId=0
2020-12-07 23:53:04.851 [main] DEBUG cn.edu.xmu.goods.controller.GoodsController - putGoodsOnSales : shopId = 0 skuId = 273
2020-12-07 23:53:04.855 [main] INFO  cn.edu.xmu.goods.dao.GoodsDao - skuId = 273已上架
2020-12-07 23:53:46.827 [main] DEBUG cn.edu.xmu.goods.controller.GoodsController - token: eyJ0eXAiOiJKV1QiLCJhbGciOiJIUzI1NiJ9.eyJzdWIiOiJ0aGlzIGlzIGEgdG9rZW4iLCJhdWQiOiJNSU5JQVBQIiwidG9rZW5JZCI6IjIwMjAxMjA3MjM1MzQ2N0ZXIiwiaXNzIjoiT09BRCIsImRlcGFydElkIjowLCJleHAiOjE2MDczNTY1MjYsInVzZXJJZCI6MSwiaWF0IjoxNjA3MzU2NDI2fQ.ukh1QagmSKrKstJCxPpqKPdpvf7ut-kZWCgBPbTGv4I
2020-12-07 23:53:46.893 [main] DEBUG cn.edu.xmu.ooad.annotation.AuditAspect - around: begin joinPoint = execution(Object cn.edu.xmu.goods.controller.GoodsController.putOffGoodsOnSales(Long,Long))
2020-12-07 23:53:46.931 [main] DEBUG cn.edu.xmu.ooad.annotation.AuditAspect - getPathInfo = /goods/shops/1/skus/273/offshelves
2020-12-07 23:53:46.937 [main] DEBUG cn.edu.xmu.ooad.annotation.AuditAspect - around: userId =1 departId=0
2020-12-07 23:53:46.950 [main] DEBUG cn.edu.xmu.goods.controller.GoodsController - putGoodsOnSales : shopId = 1 skuId = 273
2020-12-07 23:54:10.372 [main] DEBUG cn.edu.xmu.goods.controller.GoodsController - token: eyJ0eXAiOiJKV1QiLCJhbGciOiJIUzI1NiJ9.eyJzdWIiOiJ0aGlzIGlzIGEgdG9rZW4iLCJhdWQiOiJNSU5JQVBQIiwidG9rZW5JZCI6IjIwMjAxMjA3MjM1NDEwM0RRIiwiaXNzIjoiT09BRCIsImRlcGFydElkIjowLCJleHAiOjE2MDczNTY1NTAsInVzZXJJZCI6MSwiaWF0IjoxNjA3MzU2NDUwfQ.W8WqFbgPBpbLIBL6KUarUu8dBv0uUOxIJeGXX9b1NV8
2020-12-07 23:54:10.438 [main] DEBUG cn.edu.xmu.ooad.annotation.AuditAspect - around: begin joinPoint = execution(Object cn.edu.xmu.goods.controller.GoodsController.putOffGoodsOnSales(Long,Long))
2020-12-07 23:54:10.474 [main] DEBUG cn.edu.xmu.ooad.annotation.AuditAspect - getPathInfo = /goods/shops/0/skus/273/offshelves
2020-12-07 23:54:10.480 [main] DEBUG cn.edu.xmu.ooad.annotation.AuditAspect - around: userId =1 departId=0
2020-12-07 23:54:10.496 [main] DEBUG cn.edu.xmu.goods.controller.GoodsController - putGoodsOnSales : shopId = 0 skuId = 273
2020-12-07 23:54:10.628 [main] INFO  cn.edu.xmu.goods.dao.GoodsDao - skuId = 273已下架
2020-12-07 23:54:35.392 [main] DEBUG cn.edu.xmu.goods.controller.GoodsController - token: eyJ0eXAiOiJKV1QiLCJhbGciOiJIUzI1NiJ9.eyJzdWIiOiJ0aGlzIGlzIGEgdG9rZW4iLCJhdWQiOiJNSU5JQVBQIiwidG9rZW5JZCI6IjIwMjAxMjA3MjM1NDM1M1ZQIiwiaXNzIjoiT09BRCIsImRlcGFydElkIjowLCJleHAiOjE2MDczNTY1NzUsInVzZXJJZCI6MSwiaWF0IjoxNjA3MzU2NDc1fQ.mA7bu5NHrN4n_xjlnHx5WCyor-5Xn4OYgCK9tjrLU1M
2020-12-07 23:54:35.456 [main] DEBUG cn.edu.xmu.ooad.annotation.AuditAspect - around: begin joinPoint = execution(Object cn.edu.xmu.goods.controller.GoodsController.putOffGoodsOnSales(Long,Long))
2020-12-07 23:54:35.490 [main] DEBUG cn.edu.xmu.ooad.annotation.AuditAspect - getPathInfo = /goods/shops/0/skus/272/offshelves
2020-12-07 23:54:35.496 [main] DEBUG cn.edu.xmu.ooad.annotation.AuditAspect - around: userId =1 departId=0
2020-12-07 23:54:35.509 [main] DEBUG cn.edu.xmu.goods.controller.GoodsController - putGoodsOnSales : shopId = 0 skuId = 272
2020-12-07 23:55:11.133 [main] DEBUG cn.edu.xmu.goods.controller.GoodsController - token: eyJ0eXAiOiJKV1QiLCJhbGciOiJIUzI1NiJ9.eyJzdWIiOiJ0aGlzIGlzIGEgdG9rZW4iLCJhdWQiOiJNSU5JQVBQIiwidG9rZW5JZCI6IjIwMjAxMjA3MjM1NTExMFY4IiwiaXNzIjoiT09BRCIsImRlcGFydElkIjoxLCJleHAiOjE2MDczNTY2MTEsInVzZXJJZCI6MSwiaWF0IjoxNjA3MzU2NTExfQ.rWl6EjXzJax7wu6DMH1iwH5g46RzOne9RT5rPtSybEQ
2020-12-07 23:55:11.206 [main] DEBUG cn.edu.xmu.ooad.annotation.AuditAspect - around: begin joinPoint = execution(Object cn.edu.xmu.goods.controller.GoodsController.putOffGoodsOnSales(Long,Long))
2020-12-07 23:55:11.241 [main] DEBUG cn.edu.xmu.ooad.annotation.AuditAspect - getPathInfo = /goods/shops/1/skus/273/offshelves
2020-12-07 23:55:11.242 [main] DEBUG cn.edu.xmu.ooad.annotation.AuditAspect - did =1
2020-12-07 23:55:11.242 [main] DEBUG cn.edu.xmu.ooad.annotation.AuditAspect - success match Id!
2020-12-07 23:55:11.248 [main] DEBUG cn.edu.xmu.ooad.annotation.AuditAspect - around: userId =1 departId=1
2020-12-07 23:55:11.257 [main] DEBUG cn.edu.xmu.goods.controller.GoodsController - putGoodsOnSales : shopId = 1 skuId = 273
2020-12-07 23:56:47.557 [main] DEBUG cn.edu.xmu.goods.controller.GoodsController - token: eyJ0eXAiOiJKV1QiLCJhbGciOiJIUzI1NiJ9.eyJzdWIiOiJ0aGlzIGlzIGEgdG9rZW4iLCJhdWQiOiJNSU5JQVBQIiwidG9rZW5JZCI6IjIwMjAxMjA3MjM1NjQ3NEFHIiwiaXNzIjoiT09BRCIsImRlcGFydElkIjowLCJleHAiOjE2MDczNTY3MDcsInVzZXJJZCI6MSwiaWF0IjoxNjA3MzU2NjA3fQ.sebC3NaKWIcS6Z0z_aLfNVRSWhlun3UPEVpKREmVMl4
2020-12-07 23:58:51.492 [main] DEBUG cn.edu.xmu.goods.controller.GoodsController - token: eyJ0eXAiOiJKV1QiLCJhbGciOiJIUzI1NiJ9.eyJzdWIiOiJ0aGlzIGlzIGEgdG9rZW4iLCJhdWQiOiJNSU5JQVBQIiwidG9rZW5JZCI6IjIwMjAxMjA3MjM1ODUxNEpJIiwiaXNzIjoiT09BRCIsImRlcGFydElkIjowLCJleHAiOjE2MDczNTY4MzEsInVzZXJJZCI6MSwiaWF0IjoxNjA3MzU2NzMxfQ.9CQEgpJJ_2RJf6wmEyeiiExQARAmHf06j0DI46yogt0
2020-12-07 23:58:51.571 [main] DEBUG cn.edu.xmu.ooad.annotation.AuditAspect - around: begin joinPoint = execution(Object cn.edu.xmu.goods.controller.GoodsController.deleteGoodsSpu(Long,Long))
2020-12-07 23:58:51.613 [main] DEBUG cn.edu.xmu.ooad.annotation.AuditAspect - getPathInfo = /goods/shops/0/spus/290
2020-12-07 23:58:51.620 [main] DEBUG cn.edu.xmu.ooad.annotation.AuditAspect - around: userId =1 departId=0
2020-12-07 23:58:51.636 [main] DEBUG cn.edu.xmu.goods.controller.GoodsController - deleteGoodsSpu : shopId = 0 spuId = 290
2020-12-07 23:59:21.661 [main] DEBUG cn.edu.xmu.goods.controller.GoodsController - token: eyJ0eXAiOiJKV1QiLCJhbGciOiJIUzI1NiJ9.eyJzdWIiOiJ0aGlzIGlzIGEgdG9rZW4iLCJhdWQiOiJNSU5JQVBQIiwidG9rZW5JZCI6IjIwMjAxMjA3MjM1OTIxNjhDIiwiaXNzIjoiT09BRCIsImRlcGFydElkIjowLCJleHAiOjE2MDczNTY4NjEsInVzZXJJZCI6MSwiaWF0IjoxNjA3MzU2NzYxfQ.kbRV6BQhwA7v2x4Ey2FsIO34xQAJEquWthXAgSkT9Tw
2020-12-07 23:59:21.728 [main] DEBUG cn.edu.xmu.ooad.annotation.AuditAspect - around: begin joinPoint = execution(Object cn.edu.xmu.goods.controller.GoodsController.deleteGoodsSpu(Long,Long))
2020-12-07 23:59:21.769 [main] DEBUG cn.edu.xmu.ooad.annotation.AuditAspect - getPathInfo = /goods/shops/0/spus/290
2020-12-07 23:59:21.776 [main] DEBUG cn.edu.xmu.ooad.annotation.AuditAspect - around: userId =1 departId=0
2020-12-07 23:59:21.790 [main] DEBUG cn.edu.xmu.goods.controller.GoodsController - deleteGoodsSpu : shopId = 0 spuId = 290
