2020-12-03 10:39:59.729 [main] INFO  cn.edu.xmu.goods.dao.GoodsDao - spuId273已加入品牌
2020-12-03 10:41:08.111 [main] INFO  cn.edu.xmu.goods.dao.GoodsDao - spuId = null 不存在
2020-12-03 10:44:47.972 [main] INFO  cn.edu.xmu.goods.dao.GoodsDao - spuId = null 不存在
2020-12-03 10:58:10.902 [main] INFO  cn.edu.xmu.goods.dao.GoodsDao - spuId273已加入品牌
2020-12-03 16:12:11.108 [main] DEBUG cn.edu.xmu.goods.controller.GoodsController - token: eyJ0eXAiOiJKV1QiLCJhbGciOiJIUzI1NiJ9.eyJzdWIiOiJ0aGlzIGlzIGEgdG9rZW4iLCJhdWQiOiJNSU5JQVBQIiwidG9rZW5JZCI6IjIwMjAxMjAzMTYxMjExMDA0IiwiaXNzIjoiT09BRCIsImRlcGFydElkIjowLCJleHAiOjE2MDY5ODMyMzEsInVzZXJJZCI6MSwiaWF0IjoxNjA2OTgzMTMxfQ.7wz1BkU4AcnQOsj6BEh1FRIBwpgUoe5PZMITCbeoExk
2020-12-03 16:12:11.274 [main] DEBUG cn.edu.xmu.ooad.annotation.AuditAspect - around: begin joinPoint = execution(Object cn.edu.xmu.goods.controller.GoodsController.modifyGoodsSpu(Long,Long,SpuInputVo,BindingResult,Long))
2020-12-03 16:12:11.301 [main] DEBUG cn.edu.xmu.ooad.annotation.AuditAspect - getPathInfo = /goods/shops/0/spus/273
2020-12-03 16:12:11.307 [main] DEBUG cn.edu.xmu.ooad.annotation.AuditAspect - around: userId =1 departId=0
2020-12-03 16:12:11.316 [main] DEBUG cn.edu.xmu.goods.controller.GoodsController - modifyGoodsSpu : shopId = 0 spuId = 273 vo = SpuInputVo(name=123, description=123, specs=123)
2020-12-03 16:12:11.451 [main] INFO  cn.edu.xmu.goods.dao.GoodsDao - spuId = 273 的信息已更新
2020-12-03 16:12:33.051 [main] DEBUG cn.edu.xmu.goods.controller.GoodsController - token: eyJ0eXAiOiJKV1QiLCJhbGciOiJIUzI1NiJ9.eyJzdWIiOiJ0aGlzIGlzIGEgdG9rZW4iLCJhdWQiOiJNSU5JQVBQIiwidG9rZW5JZCI6IjIwMjAxMjAzMTYxMjMzMFFYIiwiaXNzIjoiT09BRCIsImRlcGFydElkIjoyLCJleHAiOjE2MDY5ODMyNTMsInVzZXJJZCI6MSwiaWF0IjoxNjA2OTgzMTUzfQ.ST9D9QEQos6OE5QRjuygrg82UvX03KeSqdGSQp0GUp8
2020-12-03 16:12:33.216 [main] DEBUG cn.edu.xmu.ooad.annotation.AuditAspect - around: begin joinPoint = execution(Object cn.edu.xmu.goods.controller.GoodsController.modifyGoodsSpu(Long,Long,SpuInputVo,BindingResult,Long))
2020-12-03 16:12:33.241 [main] DEBUG cn.edu.xmu.ooad.annotation.AuditAspect - getPathInfo = /goods/shops/0/spus/273
2020-12-03 16:12:33.242 [main] DEBUG cn.edu.xmu.ooad.annotation.AuditAspect - did =0
2020-12-03 16:13:28.998 [main] DEBUG cn.edu.xmu.goods.controller.GoodsController - token: eyJ0eXAiOiJKV1QiLCJhbGciOiJIUzI1NiJ9.eyJzdWIiOiJ0aGlzIGlzIGEgdG9rZW4iLCJhdWQiOiJNSU5JQVBQIiwidG9rZW5JZCI6IjIwMjAxMjAzMTYxMzI4OU44IiwiaXNzIjoiT09BRCIsImRlcGFydElkIjoyLCJleHAiOjE2MDY5ODMzMDgsInVzZXJJZCI6MSwiaWF0IjoxNjA2OTgzMjA4fQ.s5SJJgNnhrO96PavOw_mZLjeK3I_cqXNTMq_hmdRPzQ
2020-12-03 16:13:29.177 [main] DEBUG cn.edu.xmu.ooad.annotation.AuditAspect - around: begin joinPoint = execution(Object cn.edu.xmu.goods.controller.GoodsController.modifyGoodsSpu(Long,Long,SpuInputVo,BindingResult,Long))
2020-12-03 16:13:29.201 [main] DEBUG cn.edu.xmu.ooad.annotation.AuditAspect - getPathInfo = /goods/shops/2/spus/273
2020-12-03 16:13:29.201 [main] DEBUG cn.edu.xmu.ooad.annotation.AuditAspect - did =2
2020-12-03 16:13:29.201 [main] DEBUG cn.edu.xmu.ooad.annotation.AuditAspect - success match Id!
2020-12-03 16:13:29.208 [main] DEBUG cn.edu.xmu.ooad.annotation.AuditAspect - around: userId =1 departId=2
2020-12-03 16:13:29.220 [main] DEBUG cn.edu.xmu.goods.controller.GoodsController - modifyGoodsSpu : shopId = 2 spuId = 273 vo = SpuInputVo(name=123, description=123, specs=123)
2020-12-03 16:13:29.368 [main] INFO  cn.edu.xmu.goods.dao.GoodsDao - spuId = 273 的信息已更新
2020-12-03 17:19:40.808 [main] DEBUG cn.edu.xmu.goods.controller.GoodsController - show: page = null  pageSize =null   skuId =1
2020-12-03 17:23:59.666 [main] DEBUG cn.edu.xmu.goods.controller.GoodsController - show: page = null  pageSize =null   skuId =1
2020-12-03 17:25:22.679 [main] DEBUG cn.edu.xmu.goods.controller.GoodsController - getCommentState
2020-12-03 17:28:30.543 [main] DEBUG cn.edu.xmu.goods.controller.GoodsController - getCommentState
