2020-12-18 21:50:59.689 [http-nio-8084-exec-3] DEBUG cn.edu.xmu.goods.controller.GoodsController - getAllBrand: page = 1  pageSize =2
2020-12-18 21:50:59.689 [http-nio-8084-exec-3] DEBUG cn.edu.xmu.goods.controller.GoodsController - getAllBrand: page = 1  pageSize =2
2020-12-18 21:50:59.849 [http-nio-8084-exec-4] DEBUG cn.edu.xmu.goods.controller.GoodsController - getAllBrand: page = 2  pageSize =1
2020-12-18 21:50:59.850 [http-nio-8084-exec-4] DEBUG cn.edu.xmu.goods.controller.GoodsController - getAllBrand: page = 2  pageSize =1
2020-12-18 21:51:00.280 [http-nio-8084-exec-5] DEBUG cn.edu.xmu.ooad.annotation.AuditAspect - around: begin joinPoint = execution(Object cn.edu.xmu.goods.controller.GoodsController.addCategory(Long,CategoryInputVo,BindingResult,Long,HttpServletResponse))
2020-12-18 21:51:00.298 [http-nio-8084-exec-5] ERROR cn.edu.xmu.ooad.annotation.AuditAspect - the api path is null
2020-12-18 21:51:00.304 [http-nio-8084-exec-5] DEBUG cn.edu.xmu.ooad.annotation.AuditAspect - around: userId =1 departId=0
2020-12-18 21:51:00.304 [http-nio-8084-exec-5] DEBUG cn.edu.xmu.goods.controller.GoodsController - addCategory: CategoryId = 131
2020-12-18 21:51:00.326 [http-nio-8084-exec-5] INFO  cn.edu.xmu.goods.dao.GoodsDao - categoryId = 131 的信息已新增成功
2020-12-18 21:51:00.375 [http-nio-8084-exec-7] DEBUG cn.edu.xmu.ooad.annotation.AuditAspect - around: begin joinPoint = execution(Object cn.edu.xmu.goods.controller.GoodsController.addCategory(Long,CategoryInputVo,BindingResult,Long,HttpServletResponse))
2020-12-18 21:51:00.376 [http-nio-8084-exec-7] ERROR cn.edu.xmu.ooad.annotation.AuditAspect - the api path is null
2020-12-18 21:51:00.376 [http-nio-8084-exec-7] DEBUG cn.edu.xmu.ooad.annotation.AuditAspect - around: userId =1 departId=0
2020-12-18 21:51:00.377 [http-nio-8084-exec-7] DEBUG cn.edu.xmu.goods.controller.GoodsController - addCategory: CategoryId = 9
2020-12-18 21:51:00.429 [http-nio-8084-exec-8] DEBUG cn.edu.xmu.ooad.annotation.AuditAspect - around: begin joinPoint = execution(Object cn.edu.xmu.goods.controller.GoodsController.addCategory(Long,CategoryInputVo,BindingResult,Long,HttpServletResponse))
2020-12-18 21:51:00.431 [http-nio-8084-exec-8] ERROR cn.edu.xmu.ooad.annotation.AuditAspect - the api path is null
2020-12-18 21:51:00.431 [http-nio-8084-exec-8] DEBUG cn.edu.xmu.ooad.annotation.AuditAspect - around: userId =1 departId=0
2020-12-18 21:51:00.432 [http-nio-8084-exec-8] DEBUG cn.edu.xmu.goods.controller.GoodsController - addCategory: CategoryId = 0
2020-12-18 21:51:00.443 [http-nio-8084-exec-8] INFO  cn.edu.xmu.goods.dao.GoodsDao - categoryId = 0 的信息已新增成功
2020-12-18 21:51:00.505 [http-nio-8084-exec-10] DEBUG cn.edu.xmu.ooad.annotation.AuditAspect - around: begin joinPoint = execution(Object cn.edu.xmu.goods.controller.GoodsController.addCategory(Long,CategoryInputVo,BindingResult,Long,HttpServletResponse))
2020-12-18 21:51:00.506 [http-nio-8084-exec-10] ERROR cn.edu.xmu.ooad.annotation.AuditAspect - the api path is null
2020-12-18 21:51:00.506 [http-nio-8084-exec-10] DEBUG cn.edu.xmu.ooad.annotation.AuditAspect - around: userId =1 departId=0
2020-12-18 21:51:00.507 [http-nio-8084-exec-10] DEBUG cn.edu.xmu.goods.controller.GoodsController - addCategory: CategoryId = 122
2020-12-18 21:51:00.551 [http-nio-8084-exec-1] DEBUG cn.edu.xmu.ooad.annotation.AuditAspect - around: begin joinPoint = execution(Object cn.edu.xmu.goods.controller.GoodsController.addCategory(Long,CategoryInputVo,BindingResult,Long,HttpServletResponse))
2020-12-18 21:51:00.553 [http-nio-8084-exec-1] ERROR cn.edu.xmu.ooad.annotation.AuditAspect - the api path is null
2020-12-18 21:51:00.553 [http-nio-8084-exec-1] DEBUG cn.edu.xmu.ooad.annotation.AuditAspect - around: userId =1 departId=0
2020-12-18 21:51:00.554 [http-nio-8084-exec-1] DEBUG cn.edu.xmu.goods.controller.GoodsController - addCategory: CategoryId = 122
2020-12-18 21:51:00.648 [http-nio-8084-exec-2] DEBUG cn.edu.xmu.ooad.annotation.AuditAspect - around: begin joinPoint = execution(Object cn.edu.xmu.goods.controller.GoodsController.addBrand(Long,BrandInputVo,BindingResult))
2020-12-18 21:51:00.650 [http-nio-8084-exec-2] ERROR cn.edu.xmu.ooad.annotation.AuditAspect - the api path is null
2020-12-18 21:51:00.650 [http-nio-8084-exec-2] DEBUG cn.edu.xmu.ooad.annotation.AuditAspect - around: userId =1 departId=0
2020-12-18 21:51:00.651 [http-nio-8084-exec-2] DEBUG cn.edu.xmu.goods.controller.GoodsController - addBrands: BrandId = 0
2020-12-18 21:51:00.666 [http-nio-8084-exec-2] INFO  cn.edu.xmu.goods.dao.GoodsDao - 品牌已新建成功
2020-12-18 21:51:00.710 [http-nio-8084-exec-3] DEBUG cn.edu.xmu.ooad.annotation.AuditAspect - around: begin joinPoint = execution(Object cn.edu.xmu.goods.controller.GoodsController.addBrand(Long,BrandInputVo,BindingResult))
2020-12-18 21:51:00.712 [http-nio-8084-exec-3] ERROR cn.edu.xmu.ooad.annotation.AuditAspect - the api path is null
2020-12-18 21:51:00.712 [http-nio-8084-exec-3] DEBUG cn.edu.xmu.ooad.annotation.AuditAspect - around: userId =1 departId=0
2020-12-18 21:51:00.713 [http-nio-8084-exec-3] DEBUG cn.edu.xmu.goods.controller.GoodsController - addBrands: BrandId = 0
2020-12-18 21:51:00.754 [http-nio-8084-exec-4] DEBUG cn.edu.xmu.ooad.annotation.AuditAspect - around: begin joinPoint = execution(Object cn.edu.xmu.goods.controller.GoodsController.addBrand(Long,BrandInputVo,BindingResult))
2020-12-18 21:51:00.755 [http-nio-8084-exec-4] ERROR cn.edu.xmu.ooad.annotation.AuditAspect - the api path is null
2020-12-18 21:51:00.755 [http-nio-8084-exec-4] DEBUG cn.edu.xmu.ooad.annotation.AuditAspect - around: userId =1 departId=0
2020-12-18 21:51:00.756 [http-nio-8084-exec-4] DEBUG cn.edu.xmu.goods.controller.GoodsController - addBrands: BrandId = 0
2020-12-18 21:51:00.833 [http-nio-8084-exec-5] DEBUG cn.edu.xmu.ooad.annotation.AuditAspect - around: begin joinPoint = execution(Object cn.edu.xmu.goods.controller.GoodsController.modifyBrand(Long,Long,BrandInputVo,BindingResult))
2020-12-18 21:51:00.834 [http-nio-8084-exec-5] ERROR cn.edu.xmu.ooad.annotation.AuditAspect - the api path is null
2020-12-18 21:51:00.835 [http-nio-8084-exec-5] DEBUG cn.edu.xmu.ooad.annotation.AuditAspect - around: userId =1 departId=0
2020-12-18 21:51:00.835 [http-nio-8084-exec-5] DEBUG cn.edu.xmu.goods.controller.GoodsController - modifyBrand : shopId = 0 brandId = 72 vo = BrandInputVo(name=test41, detail=test4)
2020-12-18 21:51:00.849 [http-nio-8084-exec-5] INFO  cn.edu.xmu.goods.dao.GoodsDao - brandId = 72 的信息已更新
2020-12-18 21:51:00.864 [http-nio-8084-exec-6] DEBUG cn.edu.xmu.goods.controller.GoodsController - getAllBrand: page = 2  pageSize =1
2020-12-18 21:51:00.864 [http-nio-8084-exec-6] DEBUG cn.edu.xmu.goods.controller.GoodsController - getAllBrand: page = 2  pageSize =1
2020-12-18 21:51:00.905 [http-nio-8084-exec-7] DEBUG cn.edu.xmu.ooad.annotation.AuditAspect - around: begin joinPoint = execution(Object cn.edu.xmu.goods.controller.GoodsController.modifyBrand(Long,Long,BrandInputVo,BindingResult))
2020-12-18 21:51:00.906 [http-nio-8084-exec-7] ERROR cn.edu.xmu.ooad.annotation.AuditAspect - the api path is null
2020-12-18 21:51:00.907 [http-nio-8084-exec-7] DEBUG cn.edu.xmu.ooad.annotation.AuditAspect - around: userId =1 departId=0
2020-12-18 21:51:00.907 [http-nio-8084-exec-7] DEBUG cn.edu.xmu.goods.controller.GoodsController - modifyBrand : shopId = 0 brandId = 11111 vo = BrandInputVo(name=test678, detail=test4)
2020-12-18 21:51:00.908 [http-nio-8084-exec-7] INFO  cn.edu.xmu.goods.dao.GoodsDao - brandId = 11111 不存在
2020-12-18 21:51:00.938 [http-nio-8084-exec-8] DEBUG cn.edu.xmu.ooad.annotation.AuditAspect - around: begin joinPoint = execution(Object cn.edu.xmu.goods.controller.GoodsController.modifyBrand(Long,Long,BrandInputVo,BindingResult))
2020-12-18 21:51:00.939 [http-nio-8084-exec-8] ERROR cn.edu.xmu.ooad.annotation.AuditAspect - the api path is null
2020-12-18 21:51:00.940 [http-nio-8084-exec-8] DEBUG cn.edu.xmu.ooad.annotation.AuditAspect - around: userId =1 departId=0
2020-12-18 21:51:00.940 [http-nio-8084-exec-8] DEBUG cn.edu.xmu.goods.controller.GoodsController - modifyBrand : shopId = 0 brandId = 71 vo = BrandInputVo(name=黄卖九, detail=test4)
2020-12-18 21:51:01.019 [http-nio-8084-exec-9] DEBUG cn.edu.xmu.ooad.annotation.AuditAspect - around: begin joinPoint = execution(Object cn.edu.xmu.goods.controller.GoodsController.modifyGoodsType(Long,CategoryInputVo,BindingResult,Long,Long))
2020-12-18 21:51:01.021 [http-nio-8084-exec-9] ERROR cn.edu.xmu.ooad.annotation.AuditAspect - the api path is null
2020-12-18 21:51:01.021 [http-nio-8084-exec-9] DEBUG cn.edu.xmu.ooad.annotation.AuditAspect - around: userId =1 departId=0
2020-12-18 21:51:01.021 [http-nio-8084-exec-9] DEBUG cn.edu.xmu.goods.controller.GoodsController - modifyGoodsType: CategoryId = 99
2020-12-18 21:51:01.024 [http-nio-8084-exec-9] INFO  cn.edu.xmu.goods.dao.GoodsDao - 商品类目不存在或已被删除：categoryId = 99
2020-12-18 21:51:01.067 [http-nio-8084-exec-10] DEBUG cn.edu.xmu.ooad.annotation.AuditAspect - around: begin joinPoint = execution(Object cn.edu.xmu.goods.controller.GoodsController.modifyGoodsType(Long,CategoryInputVo,BindingResult,Long,Long))
2020-12-18 21:51:01.069 [http-nio-8084-exec-10] ERROR cn.edu.xmu.ooad.annotation.AuditAspect - the api path is null
2020-12-18 21:51:01.069 [http-nio-8084-exec-10] DEBUG cn.edu.xmu.ooad.annotation.AuditAspect - around: userId =1 departId=0
2020-12-18 21:51:01.069 [http-nio-8084-exec-10] DEBUG cn.edu.xmu.goods.controller.GoodsController - modifyGoodsType: CategoryId = 123
2020-12-18 21:51:01.152 [http-nio-8084-exec-1] DEBUG cn.edu.xmu.ooad.annotation.AuditAspect - around: begin joinPoint = execution(Object cn.edu.xmu.goods.controller.GoodsController.modifyGoodsType(Long,CategoryInputVo,BindingResult,Long,Long))
2020-12-18 21:51:01.153 [http-nio-8084-exec-1] ERROR cn.edu.xmu.ooad.annotation.AuditAspect - the api path is null
2020-12-18 21:51:01.154 [http-nio-8084-exec-1] DEBUG cn.edu.xmu.ooad.annotation.AuditAspect - around: userId =1 departId=0
2020-12-18 21:51:01.155 [http-nio-8084-exec-1] DEBUG cn.edu.xmu.goods.controller.GoodsController - modifyGoodsType: CategoryId = 126
2020-12-18 21:51:01.170 [http-nio-8084-exec-1] INFO  cn.edu.xmu.goods.dao.GoodsDao - categoryId = 126 的信息已更新
2020-12-18 21:51:01.242 [http-nio-8084-exec-3] DEBUG cn.edu.xmu.ooad.annotation.AuditAspect - around: begin joinPoint = execution(Object cn.edu.xmu.goods.controller.GoodsController.deleteBrand(Long,Long))
2020-12-18 21:51:01.243 [http-nio-8084-exec-3] ERROR cn.edu.xmu.ooad.annotation.AuditAspect - the api path is null
2020-12-18 21:51:01.245 [http-nio-8084-exec-3] DEBUG cn.edu.xmu.ooad.annotation.AuditAspect - around: userId =1 departId=0
2020-12-18 21:51:01.246 [http-nio-8084-exec-3] DEBUG cn.edu.xmu.goods.controller.GoodsController - deleteBrand : shopId = 0 brandId = 1
2020-12-18 21:51:01.248 [http-nio-8084-exec-3] INFO  cn.edu.xmu.goods.dao.GoodsDao - 品牌不存在
2020-12-18 21:51:01.334 [http-nio-8084-exec-4] DEBUG cn.edu.xmu.ooad.annotation.AuditAspect - around: begin joinPoint = execution(Object cn.edu.xmu.goods.controller.GoodsController.deleteBrand(Long,Long))
2020-12-18 21:51:01.335 [http-nio-8084-exec-4] ERROR cn.edu.xmu.ooad.annotation.AuditAspect - the api path is null
2020-12-18 21:51:01.335 [http-nio-8084-exec-4] DEBUG cn.edu.xmu.ooad.annotation.AuditAspect - around: userId =1 departId=0
2020-12-18 21:51:01.336 [http-nio-8084-exec-4] DEBUG cn.edu.xmu.goods.controller.GoodsController - deleteBrand : shopId = 0 brandId = 73
2020-12-18 21:51:01.384 [http-nio-8084-exec-5] DEBUG cn.edu.xmu.goods.controller.GoodsController - getAllBrand: page = 3  pageSize =1
2020-12-18 21:51:01.384 [http-nio-8084-exec-5] DEBUG cn.edu.xmu.goods.controller.GoodsController - getAllBrand: page = 3  pageSize =1
2020-12-18 21:51:01.414 [http-nio-8084-exec-6] DEBUG cn.edu.xmu.goods.controller.GoodsController - getSku
2020-12-18 21:51:01.490 [http-nio-8084-exec-7] DEBUG cn.edu.xmu.ooad.annotation.AuditAspect - around: begin joinPoint = execution(Object cn.edu.xmu.goods.controller.GoodsController.delCategory(Long,Long,Long))
2020-12-18 21:51:01.491 [http-nio-8084-exec-7] ERROR cn.edu.xmu.ooad.annotation.AuditAspect - the api path is null
2020-12-18 21:51:01.491 [http-nio-8084-exec-7] DEBUG cn.edu.xmu.ooad.annotation.AuditAspect - around: userId =1 departId=0
2020-12-18 21:51:01.492 [http-nio-8084-exec-7] DEBUG cn.edu.xmu.goods.controller.GoodsController - deleteCategory: CategoryId = 122
2020-12-18 21:51:01.535 [http-nio-8084-exec-9] DEBUG cn.edu.xmu.goods.controller.GoodsController - getSku
2020-12-18 21:51:01.579 [http-nio-8084-exec-10] DEBUG cn.edu.xmu.ooad.annotation.AuditAspect - around: begin joinPoint = execution(Object cn.edu.xmu.goods.controller.GoodsController.delCategory(Long,Long,Long))
2020-12-18 21:51:01.581 [http-nio-8084-exec-10] ERROR cn.edu.xmu.ooad.annotation.AuditAspect - the api path is null
2020-12-18 21:51:01.581 [http-nio-8084-exec-10] DEBUG cn.edu.xmu.ooad.annotation.AuditAspect - around: userId =1 departId=0
2020-12-18 21:51:01.581 [http-nio-8084-exec-10] DEBUG cn.edu.xmu.goods.controller.GoodsController - deleteCategory: CategoryId = 1
2020-12-18 21:51:01.583 [http-nio-8084-exec-10] INFO  cn.edu.xmu.goods.dao.GoodsDao - 商品类目不存在或已被删除：categoryId = 1
2020-12-18 21:51:01.648 [http-nio-8084-exec-1] DEBUG cn.edu.xmu.ooad.annotation.AuditAspect - around: begin joinPoint = execution(Object cn.edu.xmu.goods.controller.GoodsController.delCategory(Long,Long,Long))
2020-12-18 21:51:01.649 [http-nio-8084-exec-1] ERROR cn.edu.xmu.ooad.annotation.AuditAspect - the api path is null
2020-12-18 21:51:01.650 [http-nio-8084-exec-1] DEBUG cn.edu.xmu.ooad.annotation.AuditAspect - around: userId =1 departId=0
2020-12-18 21:51:01.650 [http-nio-8084-exec-1] DEBUG cn.edu.xmu.goods.controller.GoodsController - deleteCategory: CategoryId = 128
2020-12-18 21:51:01.682 [http-nio-8084-exec-2] DEBUG cn.edu.xmu.goods.controller.GoodsController - getSku
2020-12-18 22:18:42.701 [main] DEBUG cn.edu.xmu.goods.controller.GoodsController - token: eyJ0eXAiOiJKV1QiLCJhbGciOiJIUzI1NiJ9.eyJzdWIiOiJ0aGlzIGlzIGEgdG9rZW4iLCJhdWQiOiJNSU5JQVBQIiwidG9rZW5JZCI6IjIwMjAxMjE4MjIxODQyNjIzIiwiaXNzIjoiT09BRCIsImRlcGFydElkIjowLCJleHAiOjE2OTQ3MDExMjIsInVzZXJJZCI6MSwiaWF0IjoxNjA4MzAxMTIyfQ.eodMpH202RnO45adfmDkSEj9r8drDAidET9umT4qpl8
2020-12-18 22:18:42.701 [main] DEBUG cn.edu.xmu.goods.controller.GoodsController - ************************eyJ0eXAiOiJKV1QiLCJhbGciOiJIUzI1NiJ9.eyJzdWIiOiJ0aGlzIGlzIGEgdG9rZW4iLCJhdWQiOiJNSU5JQVBQIiwidG9rZW5JZCI6IjIwMjAxMjE4MjIxODQyNjIzIiwiaXNzIjoiT09BRCIsImRlcGFydElkIjowLCJleHAiOjE2OTQ3MDExMjIsInVzZXJJZCI6MSwiaWF0IjoxNjA4MzAxMTIyfQ.eodMpH202RnO45adfmDkSEj9r8drDAidET9umT4qpl8*****************
2020-12-18 22:23:15.489 [main] ERROR org.apache.dubbo.registry.nacos.NacosRegistry -  [DUBBO] failed to req API:/nacos/v1/ns/instance after all servers([47.113.100.78:8848]) tried: java.net.NoRouteToHostException: No route to host: connect, dubbo version: 2.7.8, current host: 192.168.58.1
com.alibaba.nacos.api.exception.NacosException: failed to req API:/nacos/v1/ns/instance after all servers([47.113.100.78:8848]) tried: java.net.NoRouteToHostException: No route to host: connect
	at com.alibaba.nacos.client.naming.net.NamingProxy.reqApi(NamingProxy.java:552)
	at com.alibaba.nacos.client.naming.net.NamingProxy.reqApi(NamingProxy.java:491)
	at com.alibaba.nacos.client.naming.net.NamingProxy.reqApi(NamingProxy.java:486)
	at com.alibaba.nacos.client.naming.net.NamingProxy.registerService(NamingProxy.java:239)
	at com.alibaba.nacos.client.naming.NacosNamingService.registerInstance(NacosNamingService.java:205)
	at org.apache.dubbo.registry.nacos.NacosRegistry.lambda$doRegister$1(NacosRegistry.java:160)
	at org.apache.dubbo.registry.nacos.NacosRegistry.execute(NacosRegistry.java:583)
	at org.apache.dubbo.registry.nacos.NacosRegistry.doRegister(NacosRegistry.java:160)
	at org.apache.dubbo.registry.support.FailbackRegistry.register(FailbackRegistry.java:240)
	at org.apache.dubbo.registry.ListenerRegistryWrapper.register(ListenerRegistryWrapper.java:57)
	at org.apache.dubbo.registry.integration.RegistryProtocol.register(RegistryProtocol.java:178)
	at org.apache.dubbo.registry.integration.RegistryProtocol.export(RegistryProtocol.java:214)
	at org.apache.dubbo.rpc.protocol.ProtocolListenerWrapper.export(ProtocolListenerWrapper.java:62)
	at org.apache.dubbo.rpc.protocol.ProtocolFilterWrapper.export(ProtocolFilterWrapper.java:153)
	at org.apache.dubbo.qos.protocol.QosProtocolWrapper.export(QosProtocolWrapper.java:64)
	at org.apache.dubbo.rpc.Protocol$Adaptive.export(Protocol$Adaptive.java)
	at org.apache.dubbo.config.ServiceConfig.doExportUrlsFor1Protocol(ServiceConfig.java:492)
	at org.apache.dubbo.config.ServiceConfig.doExportUrls(ServiceConfig.java:325)
	at org.apache.dubbo.config.ServiceConfig.doExport(ServiceConfig.java:300)
	at org.apache.dubbo.config.ServiceConfig.export(ServiceConfig.java:206)
	at org.apache.dubbo.config.bootstrap.DubboBootstrap.lambda$exportServices$15(DubboBootstrap.java:1103)
	at java.base/java.util.HashMap$Values.forEach(HashMap.java:976)
	at org.apache.dubbo.config.bootstrap.DubboBootstrap.exportServices(DubboBootstrap.java:1090)
	at org.apache.dubbo.config.bootstrap.DubboBootstrap.start(DubboBootstrap.java:901)
	at org.apache.dubbo.config.spring.context.DubboBootstrapApplicationListener.onContextRefreshedEvent(DubboBootstrapApplicationListener.java:59)
	at org.apache.dubbo.config.spring.context.DubboBootstrapApplicationListener.onApplicationContextEvent(DubboBootstrapApplicationListener.java:52)
	at org.apache.dubbo.config.spring.context.OneTimeExecutionApplicationContextEventListener.onApplicationEvent(OneTimeExecutionApplicationContextEventListener.java:40)
	at org.springframework.context.event.SimpleApplicationEventMulticaster.doInvokeListener(SimpleApplicationEventMulticaster.java:172)
	at org.springframework.context.event.SimpleApplicationEventMulticaster.invokeListener(SimpleApplicationEventMulticaster.java:165)
	at org.springframework.context.event.SimpleApplicationEventMulticaster.multicastEvent(SimpleApplicationEventMulticaster.java:139)
	at org.springframework.context.support.AbstractApplicationContext.publishEvent(AbstractApplicationContext.java:404)
	at org.springframework.context.support.AbstractApplicationContext.publishEvent(AbstractApplicationContext.java:361)
	at org.springframework.context.support.AbstractApplicationContext.finishRefresh(AbstractApplicationContext.java:898)
	at org.springframework.context.support.AbstractApplicationContext.refresh(AbstractApplicationContext.java:554)
	at org.springframework.boot.SpringApplication.refresh(SpringApplication.java:758)
	at org.springframework.boot.SpringApplication.refresh(SpringApplication.java:750)
	at org.springframework.boot.SpringApplication.refreshContext(SpringApplication.java:397)
	at org.springframework.boot.SpringApplication.run(SpringApplication.java:315)
	at org.springframework.boot.test.context.SpringBootContextLoader.loadContext(SpringBootContextLoader.java:120)
	at org.springframework.test.context.cache.DefaultCacheAwareContextLoaderDelegate.loadContextInternal(DefaultCacheAwareContextLoaderDelegate.java:99)
	at org.springframework.test.context.cache.DefaultCacheAwareContextLoaderDelegate.loadContext(DefaultCacheAwareContextLoaderDelegate.java:124)
	at org.springframework.test.context.support.DefaultTestContext.getApplicationContext(DefaultTestContext.java:123)
	at org.springframework.test.context.web.ServletTestExecutionListener.setUpRequestContextIfNecessary(ServletTestExecutionListener.java:190)
	at org.springframework.test.context.web.ServletTestExecutionListener.prepareTestInstance(ServletTestExecutionListener.java:132)
	at org.springframework.test.context.TestContextManager.prepareTestInstance(TestContextManager.java:244)
	at org.springframework.test.context.junit.jupiter.SpringExtension.postProcessTestInstance(SpringExtension.java:98)
	at org.junit.jupiter.engine.descriptor.ClassBasedTestDescriptor.lambda$invokeTestInstancePostProcessors$5(ClassBasedTestDescriptor.java:341)
	at org.junit.jupiter.engine.descriptor.ClassBasedTestDescriptor.executeAndMaskThrowable(ClassBasedTestDescriptor.java:346)
	at org.junit.jupiter.engine.descriptor.ClassBasedTestDescriptor.lambda$invokeTestInstancePostProcessors$6(ClassBasedTestDescriptor.java:341)
	at java.base/java.util.stream.ReferencePipeline$3$1.accept(ReferencePipeline.java:195)
	at java.base/java.util.stream.ReferencePipeline$2$1.accept(ReferencePipeline.java:177)
	at java.base/java.util.ArrayList$ArrayListSpliterator.forEachRemaining(ArrayList.java:1654)
	at java.base/java.util.stream.AbstractPipeline.copyInto(AbstractPipeline.java:484)
	at java.base/java.util.stream.AbstractPipeline.wrapAndCopyInto(AbstractPipeline.java:474)
	at java.base/java.util.stream.StreamSpliterators$WrappingSpliterator.forEachRemaining(StreamSpliterators.java:312)
	at java.base/java.util.stream.Streams$ConcatSpliterator.forEachRemaining(Streams.java:735)
	at java.base/java.util.stream.Streams$ConcatSpliterator.forEachRemaining(Streams.java:734)
	at java.base/java.util.stream.ReferencePipeline$Head.forEach(ReferencePipeline.java:658)
	at org.junit.jupiter.engine.descriptor.ClassBasedTestDescriptor.invokeTestInstancePostProcessors(ClassBasedTestDescriptor.java:340)
	at org.junit.jupiter.engine.descriptor.ClassBasedTestDescriptor.instantiateAndPostProcessTestInstance(ClassBasedTestDescriptor.java:263)
	at org.junit.jupiter.engine.descriptor.ClassBasedTestDescriptor.lambda$testInstancesProvider$2(ClassBasedTestDescriptor.java:256)
	at java.base/java.util.Optional.orElseGet(Optional.java:369)
	at org.junit.jupiter.engine.descriptor.ClassBasedTestDescriptor.lambda$testInstancesProvider$3(ClassBasedTestDescriptor.java:255)
	at org.junit.jupiter.engine.execution.TestInstancesProvider.getTestInstances(TestInstancesProvider.java:29)
	at org.junit.jupiter.engine.descriptor.TestMethodTestDescriptor.lambda$prepare$0(TestMethodTestDescriptor.java:108)
	at org.junit.platform.engine.support.hierarchical.ThrowableCollector.execute(ThrowableCollector.java:73)
	at org.junit.jupiter.engine.descriptor.TestMethodTestDescriptor.prepare(TestMethodTestDescriptor.java:107)
	at org.junit.jupiter.engine.descriptor.TestMethodTestDescriptor.prepare(TestMethodTestDescriptor.java:71)
	at org.junit.platform.engine.support.hierarchical.NodeTestTask.lambda$prepare$1(NodeTestTask.java:107)
	at org.junit.platform.engine.support.hierarchical.ThrowableCollector.execute(ThrowableCollector.java:73)
	at org.junit.platform.engine.support.hierarchical.NodeTestTask.prepare(NodeTestTask.java:107)
	at org.junit.platform.engine.support.hierarchical.NodeTestTask.execute(NodeTestTask.java:75)
	at java.base/java.util.ArrayList.forEach(ArrayList.java:1540)
	at org.junit.platform.engine.support.hierarchical.SameThreadHierarchicalTestExecutorService.invokeAll(SameThreadHierarchicalTestExecutorService.java:38)
	at org.junit.platform.engine.support.hierarchical.NodeTestTask.lambda$executeRecursively$5(NodeTestTask.java:139)
	at org.junit.platform.engine.support.hierarchical.ThrowableCollector.execute(ThrowableCollector.java:73)
	at org.junit.platform.engine.support.hierarchical.NodeTestTask.lambda$executeRecursively$7(NodeTestTask.java:125)
	at org.junit.platform.engine.support.hierarchical.Node.around(Node.java:135)
	at org.junit.platform.engine.support.hierarchical.NodeTestTask.lambda$executeRecursively$8(NodeTestTask.java:123)
	at org.junit.platform.engine.support.hierarchical.ThrowableCollector.execute(ThrowableCollector.java:73)
	at org.junit.platform.engine.support.hierarchical.NodeTestTask.executeRecursively(NodeTestTask.java:122)
	at org.junit.platform.engine.support.hierarchical.NodeTestTask.execute(NodeTestTask.java:80)
	at java.base/java.util.ArrayList.forEach(ArrayList.java:1540)
	at org.junit.platform.engine.support.hierarchical.SameThreadHierarchicalTestExecutorService.invokeAll(SameThreadHierarchicalTestExecutorService.java:38)
	at org.junit.platform.engine.support.hierarchical.NodeTestTask.lambda$executeRecursively$5(NodeTestTask.java:139)
	at org.junit.platform.engine.support.hierarchical.ThrowableCollector.execute(ThrowableCollector.java:73)
	at org.junit.platform.engine.support.hierarchical.NodeTestTask.lambda$executeRecursively$7(NodeTestTask.java:125)
	at org.junit.platform.engine.support.hierarchical.Node.around(Node.java:135)
	at org.junit.platform.engine.support.hierarchical.NodeTestTask.lambda$executeRecursively$8(NodeTestTask.java:123)
	at org.junit.platform.engine.support.hierarchical.ThrowableCollector.execute(ThrowableCollector.java:73)
	at org.junit.platform.engine.support.hierarchical.NodeTestTask.executeRecursively(NodeTestTask.java:122)
	at org.junit.platform.engine.support.hierarchical.NodeTestTask.execute(NodeTestTask.java:80)
	at org.junit.platform.engine.support.hierarchical.SameThreadHierarchicalTestExecutorService.submit(SameThreadHierarchicalTestExecutorService.java:32)
	at org.junit.platform.engine.support.hierarchical.HierarchicalTestExecutor.execute(HierarchicalTestExecutor.java:57)
	at org.junit.platform.engine.support.hierarchical.HierarchicalTestEngine.execute(HierarchicalTestEngine.java:51)
	at org.junit.platform.launcher.core.DefaultLauncher.execute(DefaultLauncher.java:248)
	at org.junit.platform.launcher.core.DefaultLauncher.lambda$execute$5(DefaultLauncher.java:211)
	at org.junit.platform.launcher.core.DefaultLauncher.withInterceptedStreams(DefaultLauncher.java:226)
	at org.junit.platform.launcher.core.DefaultLauncher.execute(DefaultLauncher.java:199)
	at org.junit.platform.launcher.core.DefaultLauncher.execute(DefaultLauncher.java:132)
	at com.intellij.junit5.JUnit5IdeaTestRunner.startRunnerWithArgs(JUnit5IdeaTestRunner.java:71)
	at com.intellij.rt.junit.IdeaTestRunner$Repeater.startRunnerWithArgs(IdeaTestRunner.java:33)
	at com.intellij.rt.junit.JUnitStarter.prepareStreamsAndStart(JUnitStarter.java:220)
	at com.intellij.rt.junit.JUnitStarter.main(JUnitStarter.java:53)
2020-12-18 22:23:17.646 [main] DEBUG cn.edu.xmu.goods.controller.GoodsController - token: eyJ0eXAiOiJKV1QiLCJhbGciOiJIUzI1NiJ9.eyJzdWIiOiJ0aGlzIGlzIGEgdG9rZW4iLCJhdWQiOiJNSU5JQVBQIiwidG9rZW5JZCI6IjIwMjAxMjE4MjIyMzE3NjlYIiwiaXNzIjoiT09BRCIsImRlcGFydElkIjowLCJleHAiOjE2OTQ3MDEzOTcsInVzZXJJZCI6MSwiaWF0IjoxNjA4MzAxMzk3fQ.ENxMgdCxzfPam-LJWE4DDSV50bNEiq9iwXlYIAPtdg8
2020-12-18 22:23:17.647 [main] DEBUG cn.edu.xmu.goods.controller.GoodsController - ************************eyJ0eXAiOiJKV1QiLCJhbGciOiJIUzI1NiJ9.eyJzdWIiOiJ0aGlzIGlzIGEgdG9rZW4iLCJhdWQiOiJNSU5JQVBQIiwidG9rZW5JZCI6IjIwMjAxMjE4MjIyMzE3NjlYIiwiaXNzIjoiT09BRCIsImRlcGFydElkIjowLCJleHAiOjE2OTQ3MDEzOTcsInVzZXJJZCI6MSwiaWF0IjoxNjA4MzAxMzk3fQ.ENxMgdCxzfPam-LJWE4DDSV50bNEiq9iwXlYIAPtdg8*****************
2020-12-18 22:23:17.688 [SpringContextShutdownHook] ERROR org.apache.dubbo.registry.nacos.NacosRegistry -  [DUBBO] failed to req API:/nacos/v1/ns/instance after all servers([47.113.100.78:8848]) tried: java.net.NoRouteToHostException: No route to host: connect, dubbo version: 2.7.8, current host: 192.168.58.1
com.alibaba.nacos.api.exception.NacosException: failed to req API:/nacos/v1/ns/instance after all servers([47.113.100.78:8848]) tried: java.net.NoRouteToHostException: No route to host: connect
	at com.alibaba.nacos.client.naming.net.NamingProxy.reqApi(NamingProxy.java:552)
	at com.alibaba.nacos.client.naming.net.NamingProxy.reqApi(NamingProxy.java:491)
	at com.alibaba.nacos.client.naming.net.NamingProxy.reqApi(NamingProxy.java:486)
	at com.alibaba.nacos.client.naming.net.NamingProxy.deregisterService(NamingProxy.java:264)
	at com.alibaba.nacos.client.naming.NacosNamingService.deregisterInstance(NacosNamingService.java:245)
	at com.alibaba.nacos.client.naming.NacosNamingService.deregisterInstance(NacosNamingService.java:231)
	at com.alibaba.nacos.client.naming.NacosNamingService.deregisterInstance(NacosNamingService.java:215)
	at org.apache.dubbo.registry.nacos.NacosRegistry.lambda$doUnregister$2(NacosRegistry.java:169)
	at org.apache.dubbo.registry.nacos.NacosRegistry.execute(NacosRegistry.java:583)
	at org.apache.dubbo.registry.nacos.NacosRegistry.doUnregister(NacosRegistry.java:166)
	at org.apache.dubbo.registry.support.FailbackRegistry.unregister(FailbackRegistry.java:289)
	at org.apache.dubbo.registry.support.AbstractRegistry.destroy(AbstractRegistry.java:473)
	at org.apache.dubbo.registry.support.FailbackRegistry.destroy(FailbackRegistry.java:439)
	at org.apache.dubbo.registry.support.AbstractRegistryFactory.destroyAll(AbstractRegistryFactory.java:88)
	at org.apache.dubbo.config.DubboShutdownHook.destroyAll(DubboShutdownHook.java:128)
	at org.apache.dubbo.config.bootstrap.DubboBootstrap.destroy(DubboBootstrap.java:1253)
	at org.apache.dubbo.config.bootstrap.DubboBootstrap.stop(DubboBootstrap.java:995)
	at org.apache.dubbo.config.spring.context.DubboBootstrapApplicationListener.onContextClosedEvent(DubboBootstrapApplicationListener.java:63)
	at org.apache.dubbo.config.spring.context.DubboBootstrapApplicationListener.onApplicationContextEvent(DubboBootstrapApplicationListener.java:54)
	at org.apache.dubbo.config.spring.context.OneTimeExecutionApplicationContextEventListener.onApplicationEvent(OneTimeExecutionApplicationContextEventListener.java:40)
	at org.springframework.context.event.SimpleApplicationEventMulticaster.doInvokeListener(SimpleApplicationEventMulticaster.java:172)
	at org.springframework.context.event.SimpleApplicationEventMulticaster.invokeListener(SimpleApplicationEventMulticaster.java:165)
	at org.springframework.context.event.SimpleApplicationEventMulticaster.multicastEvent(SimpleApplicationEventMulticaster.java:139)
	at org.springframework.context.support.AbstractApplicationContext.publishEvent(AbstractApplicationContext.java:404)
	at org.springframework.context.support.AbstractApplicationContext.publishEvent(AbstractApplicationContext.java:361)
	at org.springframework.context.support.AbstractApplicationContext.doClose(AbstractApplicationContext.java:1013)
	at org.springframework.context.support.AbstractApplicationContext$1.run(AbstractApplicationContext.java:949)
2020-12-18 22:23:17.696 [SpringContextShutdownHook] ERROR org.apache.dubbo.registry.nacos.NacosRegistry -  [DUBBO] failed to req API:/nacos/v1/ns/instance after all servers([47.113.100.78:8848]) tried: java.net.NoRouteToHostException: No route to host: connect, dubbo version: 2.7.8, current host: 192.168.58.1
com.alibaba.nacos.api.exception.NacosException: failed to req API:/nacos/v1/ns/instance after all servers([47.113.100.78:8848]) tried: java.net.NoRouteToHostException: No route to host: connect
	at com.alibaba.nacos.client.naming.net.NamingProxy.reqApi(NamingProxy.java:552)
	at com.alibaba.nacos.client.naming.net.NamingProxy.reqApi(NamingProxy.java:491)
	at com.alibaba.nacos.client.naming.net.NamingProxy.reqApi(NamingProxy.java:486)
	at com.alibaba.nacos.client.naming.net.NamingProxy.deregisterService(NamingProxy.java:264)
	at com.alibaba.nacos.client.naming.NacosNamingService.deregisterInstance(NacosNamingService.java:245)
	at com.alibaba.nacos.client.naming.NacosNamingService.deregisterInstance(NacosNamingService.java:231)
	at com.alibaba.nacos.client.naming.NacosNamingService.deregisterInstance(NacosNamingService.java:215)
	at org.apache.dubbo.registry.nacos.NacosRegistry.lambda$doUnregister$2(NacosRegistry.java:169)
	at org.apache.dubbo.registry.nacos.NacosRegistry.execute(NacosRegistry.java:583)
	at org.apache.dubbo.registry.nacos.NacosRegistry.doUnregister(NacosRegistry.java:166)
	at org.apache.dubbo.registry.support.FailbackRegistry.unregister(FailbackRegistry.java:289)
	at org.apache.dubbo.registry.support.AbstractRegistry.destroy(AbstractRegistry.java:473)
	at org.apache.dubbo.registry.support.FailbackRegistry.destroy(FailbackRegistry.java:439)
	at org.apache.dubbo.registry.support.AbstractRegistryFactory.destroyAll(AbstractRegistryFactory.java:88)
	at org.apache.dubbo.config.DubboShutdownHook.destroyAll(DubboShutdownHook.java:128)
	at org.apache.dubbo.config.bootstrap.DubboBootstrap.destroy(DubboBootstrap.java:1253)
	at org.apache.dubbo.config.bootstrap.DubboBootstrap.stop(DubboBootstrap.java:995)
	at org.apache.dubbo.config.spring.context.DubboBootstrapApplicationListener.onContextClosedEvent(DubboBootstrapApplicationListener.java:63)
	at org.apache.dubbo.config.spring.context.DubboBootstrapApplicationListener.onApplicationContextEvent(DubboBootstrapApplicationListener.java:54)
	at org.apache.dubbo.config.spring.context.OneTimeExecutionApplicationContextEventListener.onApplicationEvent(OneTimeExecutionApplicationContextEventListener.java:40)
	at org.springframework.context.event.SimpleApplicationEventMulticaster.doInvokeListener(SimpleApplicationEventMulticaster.java:172)
	at org.springframework.context.event.SimpleApplicationEventMulticaster.invokeListener(SimpleApplicationEventMulticaster.java:165)
	at org.springframework.context.event.SimpleApplicationEventMulticaster.multicastEvent(SimpleApplicationEventMulticaster.java:139)
	at org.springframework.context.support.AbstractApplicationContext.publishEvent(AbstractApplicationContext.java:404)
	at org.springframework.context.support.AbstractApplicationContext.publishEvent(AbstractApplicationContext.java:361)
	at org.springframework.context.support.AbstractApplicationContext.doClose(AbstractApplicationContext.java:1013)
	at org.springframework.context.support.AbstractApplicationContext$1.run(AbstractApplicationContext.java:949)
2020-12-18 22:23:17.709 [SpringContextShutdownHook] ERROR org.apache.dubbo.registry.nacos.NacosRegistry -  [DUBBO] failed to req API:/nacos/v1/ns/instance after all servers([47.113.100.78:8848]) tried: java.net.NoRouteToHostException: No route to host: connect, dubbo version: 2.7.8, current host: 192.168.58.1
com.alibaba.nacos.api.exception.NacosException: failed to req API:/nacos/v1/ns/instance after all servers([47.113.100.78:8848]) tried: java.net.NoRouteToHostException: No route to host: connect
	at com.alibaba.nacos.client.naming.net.NamingProxy.reqApi(NamingProxy.java:552)
	at com.alibaba.nacos.client.naming.net.NamingProxy.reqApi(NamingProxy.java:491)
	at com.alibaba.nacos.client.naming.net.NamingProxy.reqApi(NamingProxy.java:486)
	at com.alibaba.nacos.client.naming.net.NamingProxy.deregisterService(NamingProxy.java:264)
	at com.alibaba.nacos.client.naming.NacosNamingService.deregisterInstance(NacosNamingService.java:245)
	at com.alibaba.nacos.client.naming.NacosNamingService.deregisterInstance(NacosNamingService.java:231)
	at com.alibaba.nacos.client.naming.NacosNamingService.deregisterInstance(NacosNamingService.java:215)
	at org.apache.dubbo.registry.nacos.NacosRegistry.lambda$doUnregister$2(NacosRegistry.java:169)
	at org.apache.dubbo.registry.nacos.NacosRegistry.execute(NacosRegistry.java:583)
	at org.apache.dubbo.registry.nacos.NacosRegistry.doUnregister(NacosRegistry.java:166)
	at org.apache.dubbo.registry.support.FailbackRegistry.unregister(FailbackRegistry.java:289)
	at org.apache.dubbo.registry.support.AbstractRegistry.destroy(AbstractRegistry.java:473)
	at org.apache.dubbo.registry.support.FailbackRegistry.destroy(FailbackRegistry.java:439)
	at org.apache.dubbo.registry.support.AbstractRegistryFactory.destroyAll(AbstractRegistryFactory.java:88)
	at org.apache.dubbo.config.DubboShutdownHook.destroyAll(DubboShutdownHook.java:128)
	at org.apache.dubbo.config.bootstrap.DubboBootstrap.destroy(DubboBootstrap.java:1253)
	at org.apache.dubbo.config.bootstrap.DubboBootstrap.stop(DubboBootstrap.java:995)
	at org.apache.dubbo.config.spring.context.DubboBootstrapApplicationListener.onContextClosedEvent(DubboBootstrapApplicationListener.java:63)
	at org.apache.dubbo.config.spring.context.DubboBootstrapApplicationListener.onApplicationContextEvent(DubboBootstrapApplicationListener.java:54)
	at org.apache.dubbo.config.spring.context.OneTimeExecutionApplicationContextEventListener.onApplicationEvent(OneTimeExecutionApplicationContextEventListener.java:40)
	at org.springframework.context.event.SimpleApplicationEventMulticaster.doInvokeListener(SimpleApplicationEventMulticaster.java:172)
	at org.springframework.context.event.SimpleApplicationEventMulticaster.invokeListener(SimpleApplicationEventMulticaster.java:165)
	at org.springframework.context.event.SimpleApplicationEventMulticaster.multicastEvent(SimpleApplicationEventMulticaster.java:139)
	at org.springframework.context.support.AbstractApplicationContext.publishEvent(AbstractApplicationContext.java:404)
	at org.springframework.context.support.AbstractApplicationContext.publishEvent(AbstractApplicationContext.java:361)
	at org.springframework.context.support.AbstractApplicationContext.doClose(AbstractApplicationContext.java:1013)
	at org.springframework.context.support.AbstractApplicationContext$1.run(AbstractApplicationContext.java:949)
2020-12-18 22:23:17.741 [SpringContextShutdownHook] ERROR org.apache.dubbo.registry.nacos.NacosRegistry -  [DUBBO] failed to req API:/nacos/v1/ns/instance after all servers([47.113.100.78:8848]) tried: java.net.NoRouteToHostException: No route to host: connect, dubbo version: 2.7.8, current host: 192.168.58.1
com.alibaba.nacos.api.exception.NacosException: failed to req API:/nacos/v1/ns/instance after all servers([47.113.100.78:8848]) tried: java.net.NoRouteToHostException: No route to host: connect
	at com.alibaba.nacos.client.naming.net.NamingProxy.reqApi(NamingProxy.java:552)
	at com.alibaba.nacos.client.naming.net.NamingProxy.reqApi(NamingProxy.java:491)
	at com.alibaba.nacos.client.naming.net.NamingProxy.reqApi(NamingProxy.java:486)
	at com.alibaba.nacos.client.naming.net.NamingProxy.deregisterService(NamingProxy.java:264)
	at com.alibaba.nacos.client.naming.NacosNamingService.deregisterInstance(NacosNamingService.java:245)
	at com.alibaba.nacos.client.naming.NacosNamingService.deregisterInstance(NacosNamingService.java:231)
	at com.alibaba.nacos.client.naming.NacosNamingService.deregisterInstance(NacosNamingService.java:215)
	at org.apache.dubbo.registry.nacos.NacosRegistry.lambda$doUnregister$2(NacosRegistry.java:169)
	at org.apache.dubbo.registry.nacos.NacosRegistry.execute(NacosRegistry.java:583)
	at org.apache.dubbo.registry.nacos.NacosRegistry.doUnregister(NacosRegistry.java:166)
	at org.apache.dubbo.registry.support.FailbackRegistry.unregister(FailbackRegistry.java:289)
	at org.apache.dubbo.registry.support.AbstractRegistry.destroy(AbstractRegistry.java:473)
	at org.apache.dubbo.registry.support.FailbackRegistry.destroy(FailbackRegistry.java:439)
	at org.apache.dubbo.registry.support.AbstractRegistryFactory.destroyAll(AbstractRegistryFactory.java:88)
	at org.apache.dubbo.config.DubboShutdownHook.destroyAll(DubboShutdownHook.java:128)
	at org.apache.dubbo.config.bootstrap.DubboBootstrap.destroy(DubboBootstrap.java:1253)
	at org.apache.dubbo.config.bootstrap.DubboBootstrap.stop(DubboBootstrap.java:995)
	at org.apache.dubbo.config.spring.context.DubboBootstrapApplicationListener.onContextClosedEvent(DubboBootstrapApplicationListener.java:63)
	at org.apache.dubbo.config.spring.context.DubboBootstrapApplicationListener.onApplicationContextEvent(DubboBootstrapApplicationListener.java:54)
	at org.apache.dubbo.config.spring.context.OneTimeExecutionApplicationContextEventListener.onApplicationEvent(OneTimeExecutionApplicationContextEventListener.java:40)
	at org.springframework.context.event.SimpleApplicationEventMulticaster.doInvokeListener(SimpleApplicationEventMulticaster.java:172)
	at org.springframework.context.event.SimpleApplicationEventMulticaster.invokeListener(SimpleApplicationEventMulticaster.java:165)
	at org.springframework.context.event.SimpleApplicationEventMulticaster.multicastEvent(SimpleApplicationEventMulticaster.java:139)
	at org.springframework.context.support.AbstractApplicationContext.publishEvent(AbstractApplicationContext.java:404)
	at org.springframework.context.support.AbstractApplicationContext.publishEvent(AbstractApplicationContext.java:361)
	at org.springframework.context.support.AbstractApplicationContext.doClose(AbstractApplicationContext.java:1013)
	at org.springframework.context.support.AbstractApplicationContext$1.run(AbstractApplicationContext.java:949)
2020-12-18 22:33:48.471 [main] DEBUG cn.edu.xmu.goods.controller.GoodsController - token: eyJ0eXAiOiJKV1QiLCJhbGciOiJIUzI1NiJ9.eyJzdWIiOiJ0aGlzIGlzIGEgdG9rZW4iLCJhdWQiOiJNSU5JQVBQIiwidG9rZW5JZCI6IjIwMjAxMjE4MjIzMzQ4NENPIiwiaXNzIjoiT09BRCIsImRlcGFydElkIjowLCJleHAiOjE2OTQ3MDIwMjgsInVzZXJJZCI6MSwiaWF0IjoxNjA4MzAyMDI4fQ.JUmiUdNfQ_jredVeUDbOujDiXJ7i-oibdVJThgtZhfo
2020-12-18 22:33:48.472 [main] DEBUG cn.edu.xmu.goods.controller.GoodsController - ************************eyJ0eXAiOiJKV1QiLCJhbGciOiJIUzI1NiJ9.eyJzdWIiOiJ0aGlzIGlzIGEgdG9rZW4iLCJhdWQiOiJNSU5JQVBQIiwidG9rZW5JZCI6IjIwMjAxMjE4MjIzMzQ4NENPIiwiaXNzIjoiT09BRCIsImRlcGFydElkIjowLCJleHAiOjE2OTQ3MDIwMjgsInVzZXJJZCI6MSwiaWF0IjoxNjA4MzAyMDI4fQ.JUmiUdNfQ_jredVeUDbOujDiXJ7i-oibdVJThgtZhfo*****************
2020-12-18 22:38:43.713 [main] DEBUG cn.edu.xmu.goods.controller.GoodsController - token: eyJ0eXAiOiJKV1QiLCJhbGciOiJIUzI1NiJ9.eyJzdWIiOiJ0aGlzIGlzIGEgdG9rZW4iLCJhdWQiOiJNSU5JQVBQIiwidG9rZW5JZCI6IjIwMjAxMjE4MjIzODQzN0VCIiwiaXNzIjoiT09BRCIsImRlcGFydElkIjowLCJleHAiOjE2OTQ3MDIzMjMsInVzZXJJZCI6MSwiaWF0IjoxNjA4MzAyMzIzfQ.gOwd18AxrvaQTTk6Qpg8FHsCjYS6rUqubupktUB3D3M
2020-12-18 22:38:43.713 [main] DEBUG cn.edu.xmu.goods.controller.GoodsController - ************************eyJ0eXAiOiJKV1QiLCJhbGciOiJIUzI1NiJ9.eyJzdWIiOiJ0aGlzIGlzIGEgdG9rZW4iLCJhdWQiOiJNSU5JQVBQIiwidG9rZW5JZCI6IjIwMjAxMjE4MjIzODQzN0VCIiwiaXNzIjoiT09BRCIsImRlcGFydElkIjowLCJleHAiOjE2OTQ3MDIzMjMsInVzZXJJZCI6MSwiaWF0IjoxNjA4MzAyMzIzfQ.gOwd18AxrvaQTTk6Qpg8FHsCjYS6rUqubupktUB3D3M*****************
2020-12-18 22:57:31.087 [main] DEBUG cn.edu.xmu.goods.controller.GoodsController - token: eyJ0eXAiOiJKV1QiLCJhbGciOiJIUzI1NiJ9.eyJzdWIiOiJ0aGlzIGlzIGEgdG9rZW4iLCJhdWQiOiJNSU5JQVBQIiwidG9rZW5JZCI6IjIwMjAxMjE4MjI1NzMxMFU0IiwiaXNzIjoiT09BRCIsImRlcGFydElkIjowLCJleHAiOjE2OTQ3MDM0NTEsInVzZXJJZCI6MSwiaWF0IjoxNjA4MzAzNDUxfQ.ulFLGTaEBsqbjEvCDo2GrpLQreJq6NybfhFShMPT5MY
2020-12-18 22:57:31.087 [main] DEBUG cn.edu.xmu.goods.controller.GoodsController - ************************eyJ0eXAiOiJKV1QiLCJhbGciOiJIUzI1NiJ9.eyJzdWIiOiJ0aGlzIGlzIGEgdG9rZW4iLCJhdWQiOiJNSU5JQVBQIiwidG9rZW5JZCI6IjIwMjAxMjE4MjI1NzMxMFU0IiwiaXNzIjoiT09BRCIsImRlcGFydElkIjowLCJleHAiOjE2OTQ3MDM0NTEsInVzZXJJZCI6MSwiaWF0IjoxNjA4MzAzNDUxfQ.ulFLGTaEBsqbjEvCDo2GrpLQreJq6NybfhFShMPT5MY*****************
2020-12-18 23:04:57.640 [main] DEBUG cn.edu.xmu.goods.controller.GoodsController - token: eyJ0eXAiOiJKV1QiLCJhbGciOiJIUzI1NiJ9.eyJzdWIiOiJ0aGlzIGlzIGEgdG9rZW4iLCJhdWQiOiJNSU5JQVBQIiwidG9rZW5JZCI6IjIwMjAxMjE4MjMwNDU3Nk1BIiwiaXNzIjoiT09BRCIsImRlcGFydElkIjowLCJleHAiOjE2OTQ3MDM4OTcsInVzZXJJZCI6MSwiaWF0IjoxNjA4MzAzODk3fQ.CDVLTOtLETRGxEpv6w-hKHNKycEPM6QSNKkunlFqPOg
2020-12-18 23:04:57.641 [main] DEBUG cn.edu.xmu.goods.controller.GoodsController - ************************eyJ0eXAiOiJKV1QiLCJhbGciOiJIUzI1NiJ9.eyJzdWIiOiJ0aGlzIGlzIGEgdG9rZW4iLCJhdWQiOiJNSU5JQVBQIiwidG9rZW5JZCI6IjIwMjAxMjE4MjMwNDU3Nk1BIiwiaXNzIjoiT09BRCIsImRlcGFydElkIjowLCJleHAiOjE2OTQ3MDM4OTcsInVzZXJJZCI6MSwiaWF0IjoxNjA4MzAzODk3fQ.CDVLTOtLETRGxEpv6w-hKHNKycEPM6QSNKkunlFqPOg*****************
2020-12-18 23:14:32.278 [main] DEBUG cn.edu.xmu.goods.controller.GoodsController - token: eyJ0eXAiOiJKV1QiLCJhbGciOiJIUzI1NiJ9.eyJzdWIiOiJ0aGlzIGlzIGEgdG9rZW4iLCJhdWQiOiJNSU5JQVBQIiwidG9rZW5JZCI6IjIwMjAxMjE4MjMxNDMyMk0yIiwiaXNzIjoiT09BRCIsImRlcGFydElkIjowLCJleHAiOjE2OTQ3MDQ0NzIsInVzZXJJZCI6MSwiaWF0IjoxNjA4MzA0NDcyfQ.AoO07Ui_u7fTFfE9AGiFnDdOlCkAOPZAInpgb9i69NI
2020-12-18 23:14:32.278 [main] DEBUG cn.edu.xmu.goods.controller.GoodsController - ************************eyJ0eXAiOiJKV1QiLCJhbGciOiJIUzI1NiJ9.eyJzdWIiOiJ0aGlzIGlzIGEgdG9rZW4iLCJhdWQiOiJNSU5JQVBQIiwidG9rZW5JZCI6IjIwMjAxMjE4MjMxNDMyMk0yIiwiaXNzIjoiT09BRCIsImRlcGFydElkIjowLCJleHAiOjE2OTQ3MDQ0NzIsInVzZXJJZCI6MSwiaWF0IjoxNjA4MzA0NDcyfQ.AoO07Ui_u7fTFfE9AGiFnDdOlCkAOPZAInpgb9i69NI*****************
2020-12-18 23:23:53.444 [main] DEBUG cn.edu.xmu.goods.controller.GoodsController - token: eyJ0eXAiOiJKV1QiLCJhbGciOiJIUzI1NiJ9.eyJzdWIiOiJ0aGlzIGlzIGEgdG9rZW4iLCJhdWQiOiJNSU5JQVBQIiwidG9rZW5JZCI6IjIwMjAxMjE4MjMyMzUzNEpIIiwiaXNzIjoiT09BRCIsImRlcGFydElkIjowLCJleHAiOjE2OTQ3MDUwMzMsInVzZXJJZCI6MSwiaWF0IjoxNjA4MzA1MDMzfQ.TUVNVf_UbFwYvrwatp9gudNWDsD-QEtpW83ERrcXpZo
2020-12-18 23:23:53.444 [main] DEBUG cn.edu.xmu.goods.controller.GoodsController - ************************eyJ0eXAiOiJKV1QiLCJhbGciOiJIUzI1NiJ9.eyJzdWIiOiJ0aGlzIGlzIGEgdG9rZW4iLCJhdWQiOiJNSU5JQVBQIiwidG9rZW5JZCI6IjIwMjAxMjE4MjMyMzUzNEpIIiwiaXNzIjoiT09BRCIsImRlcGFydElkIjowLCJleHAiOjE2OTQ3MDUwMzMsInVzZXJJZCI6MSwiaWF0IjoxNjA4MzA1MDMzfQ.TUVNVf_UbFwYvrwatp9gudNWDsD-QEtpW83ERrcXpZo*****************
